Warning[205] E:\TESTING\09.PIN CHECK LCD\CHECKING.ASM 2 : Found directive in column 1. (LIST)
Warning[205] E:\TESTING\09.PIN CHECK LCD\CHECKING.ASM 3 : Found directive in column 1. (ORG)
Warning[203] E:\TESTING\09.PIN CHECK LCD\CHECKING.ASM 7 : Found opcode in column 1. (MOVLW)
Warning[203] E:\TESTING\09.PIN CHECK LCD\CHECKING.ASM 8 : Found opcode in column 1. (MOVWF)
Warning[203] E:\TESTING\09.PIN CHECK LCD\CHECKING.ASM 9 : Found opcode in column 1. (BSF)
Warning[203] E:\TESTING\09.PIN CHECK LCD\CHECKING.ASM 10 : Found opcode in column 1. (MOVLW)
Warning[203] E:\TESTING\09.PIN CHECK LCD\CHECKING.ASM 11 : Found opcode in column 1. (MOVWF)
Message[302] E:\TESTING\09.PIN CHECK LCD\CHECKING.ASM 11 : Register in operand not in bank 0.  Ensure that bank bits are correct.
Warning[203] E:\TESTING\09.PIN CHECK LCD\CHECKING.ASM 12 : Found opcode in column 1. (MOVLW)
Warning[203] E:\TESTING\09.PIN CHECK LCD\CHECKING.ASM 13 : Found opcode in column 1. (MOVWF)
Message[302] E:\TESTING\09.PIN CHECK LCD\CHECKING.ASM 13 : Register in operand not in bank 0.  Ensure that bank bits are correct.
Warning[203] E:\TESTING\09.PIN CHECK LCD\CHECKING.ASM 14 : Found opcode in column 1. (BCF)
Warning[203] E:\TESTING\09.PIN CHECK LCD\CHECKING.ASM 15 : Found opcode in column 1. (BSF)
Warning[203] E:\TESTING\09.PIN CHECK LCD\CHECKING.ASM 17 : Found opcode in column 1. (BSF)
Warning[203] E:\TESTING\09.PIN CHECK LCD\CHECKING.ASM 18 : Found opcode in column 1. (MOVLW)
Warning[203] E:\TESTING\09.PIN CHECK LCD\CHECKING.ASM 19 : Found opcode in column 1. (MOVWF)
Message[302] E:\TESTING\09.PIN CHECK LCD\CHECKING.ASM 19 : Register in operand not in bank 0.  Ensure that bank bits are correct.
Warning[203] E:\TESTING\09.PIN CHECK LCD\CHECKING.ASM 20 : Found opcode in column 1. (BCF)
Message[302] E:\TESTING\09.PIN CHECK LCD\CHECKING.ASM 20 : Register in operand not in bank 0.  Ensure that bank bits are correct.
Warning[203] E:\TESTING\09.PIN CHECK LCD\CHECKING.ASM 21 : Found opcode in column 1. (BCF)
Message[302] E:\TESTING\09.PIN CHECK LCD\CHECKING.ASM 21 : Register in operand not in bank 0.  Ensure that bank bits are correct.
Warning[203] E:\TESTING\09.PIN CHECK LCD\CHECKING.ASM 22 : Found opcode in column 1. (BCF)
Message[302] E:\TESTING\09.PIN CHECK LCD\CHECKING.ASM 22 : Register in operand not in bank 0.  Ensure that bank bits are correct.
Warning[203] E:\TESTING\09.PIN CHECK LCD\CHECKING.ASM 23 : Found opcode in column 1. (MOVLW)
Warning[203] E:\TESTING\09.PIN CHECK LCD\CHECKING.ASM 24 : Found opcode in column 1. (MOVWF)
Message[302] E:\TESTING\09.PIN CHECK LCD\CHECKING.ASM 24 : Register in operand not in bank 0.  Ensure that bank bits are correct.
Warning[203] E:\TESTING\09.PIN CHECK LCD\CHECKING.ASM 25 : Found opcode in column 1. (MOVWF)
Message[302] E:\TESTING\09.PIN CHECK LCD\CHECKING.ASM 25 : Register in operand not in bank 0.  Ensure that bank bits are correct.
Warning[203] E:\TESTING\09.PIN CHECK LCD\CHECKING.ASM 26 : Found opcode in column 1. (MOVWF)
Message[302] E:\TESTING\09.PIN CHECK LCD\CHECKING.ASM 26 : Register in operand not in bank 0.  Ensure that bank bits are correct.
Warning[203] E:\TESTING\09.PIN CHECK LCD\CHECKING.ASM 27 : Found opcode in column 1. (MOVLW)
Warning[203] E:\TESTING\09.PIN CHECK LCD\CHECKING.ASM 28 : Found opcode in column 1. (MOVWF)
Message[302] E:\TESTING\09.PIN CHECK LCD\CHECKING.ASM 28 : Register in operand not in bank 0.  Ensure that bank bits are correct.
Warning[203] E:\TESTING\09.PIN CHECK LCD\CHECKING.ASM 29 : Found opcode in column 1. (BCF)
Message[302] E:\TESTING\09.PIN CHECK LCD\CHECKING.ASM 29 : Register in operand not in bank 0.  Ensure that bank bits are correct.
Warning[203] E:\TESTING\09.PIN CHECK LCD\CHECKING.ASM 30 : Found opcode in column 1. (BCF)
Warning[203] E:\TESTING\09.PIN CHECK LCD\CHECKING.ASM 31 : Found opcode in column 1. (MOVLW)
Warning[203] E:\TESTING\09.PIN CHECK LCD\CHECKING.ASM 32 : Found opcode in column 1. (MOVWF)
Warning[203] E:\TESTING\09.PIN CHECK LCD\CHECKING.ASM 33 : Found opcode in column 1. (MOVWF)
Warning[203] E:\TESTING\09.PIN CHECK LCD\CHECKING.ASM 34 : Found opcode in column 1. (BSF)
Warning[203] E:\TESTING\09.PIN CHECK LCD\CHECKING.ASM 35 : Found opcode in column 1. (BCF)
Warning[203] E:\TESTING\09.PIN CHECK LCD\CHECKING.ASM 36 : Found opcode in column 1. (BSF)
Warning[203] E:\TESTING\09.PIN CHECK LCD\CHECKING.ASM 37 : Found opcode in column 1. (CALL)
Warning[203] E:\TESTING\09.PIN CHECK LCD\CHECKING.ASM 38 : Found opcode in column 1. (BCF)
Warning[203] E:\TESTING\09.PIN CHECK LCD\CHECKING.ASM 39 : Found opcode in column 1. (CALL)
Warning[203] E:\TESTING\09.PIN CHECK LCD\CHECKING.ASM 40 : Found opcode in column 1. (MOVLW)
Warning[203] E:\TESTING\09.PIN CHECK LCD\CHECKING.ASM 41 : Found opcode in column 1. (MOVWF)
Warning[203] E:\TESTING\09.PIN CHECK LCD\CHECKING.ASM 42 : Found opcode in column 1. (CALL)
Warning[203] E:\TESTING\09.PIN CHECK LCD\CHECKING.ASM 43 : Found opcode in column 1. (BCF)
Warning[203] E:\TESTING\09.PIN CHECK LCD\CHECKING.ASM 44 : Found opcode in column 1. (CALL)
Warning[203] E:\TESTING\09.PIN CHECK LCD\CHECKING.ASM 45 : Found opcode in column 1. (BSF)
Warning[203] E:\TESTING\09.PIN CHECK LCD\CHECKING.ASM 46 : Found opcode in column 1. (CALL)
Warning[203] E:\TESTING\09.PIN CHECK LCD\CHECKING.ASM 47 : Found opcode in column 1. (MOVLW)
Warning[203] E:\TESTING\09.PIN CHECK LCD\CHECKING.ASM 48 : Found opcode in column 1. (MOVWF)
Warning[203] E:\TESTING\09.PIN CHECK LCD\CHECKING.ASM 49 : Found opcode in column 1. (CALL)
Warning[203] E:\TESTING\09.PIN CHECK LCD\CHECKING.ASM 50 : Found opcode in column 1. (BCF)
Warning[203] E:\TESTING\09.PIN CHECK LCD\CHECKING.ASM 51 : Found opcode in column 1. (CALL)
Warning[203] E:\TESTING\09.PIN CHECK LCD\CHECKING.ASM 52 : Found opcode in column 1. (BSF)
Warning[203] E:\TESTING\09.PIN CHECK LCD\CHECKING.ASM 54 : Found opcode in column 1. (GOTO)
Warning[203] E:\TESTING\09.PIN CHECK LCD\CHECKING.ASM 68 : Found opcode in column 1. (MOVF)
Warning[203] E:\TESTING\09.PIN CHECK LCD\CHECKING.ASM 69 : Found opcode in column 1. (MOVWF)
Warning[203] E:\TESTING\09.PIN CHECK LCD\CHECKING.ASM 70 : Found opcode in column 1. (MOVLW)
Warning[203] E:\TESTING\09.PIN CHECK LCD\CHECKING.ASM 71 : Found opcode in column 1. (SUBWF)
Warning[203] E:\TESTING\09.PIN CHECK LCD\CHECKING.ASM 72 : Found opcode in column 1. (BTFSC)
Warning[203] E:\TESTING\09.PIN CHECK LCD\CHECKING.ASM 73 : Found opcode in column 1. (GOTO)
Warning[203] E:\TESTING\09.PIN CHECK LCD\CHECKING.ASM 75 : Found opcode in column 1. (MOVLW)
Warning[203] E:\TESTING\09.PIN CHECK LCD\CHECKING.ASM 76 : Found opcode in column 1. (SUBWF)
Warning[203] E:\TESTING\09.PIN CHECK LCD\CHECKING.ASM 77 : Found opcode in column 1. (BTFSC)
Warning[203] E:\TESTING\09.PIN CHECK LCD\CHECKING.ASM 78 : Found opcode in column 1. (GOTO)
Warning[203] E:\TESTING\09.PIN CHECK LCD\CHECKING.ASM 81 : Found opcode in column 1. (MOVF)
Warning[203] E:\TESTING\09.PIN CHECK LCD\CHECKING.ASM 82 : Found opcode in column 1. (MOVLW)
Warning[203] E:\TESTING\09.PIN CHECK LCD\CHECKING.ASM 83 : Found opcode in column 1. (MOVWF)
Warning[203] E:\TESTING\09.PIN CHECK LCD\CHECKING.ASM 84 : Found opcode in column 1. (MOVWF)
Warning[203] E:\TESTING\09.PIN CHECK LCD\CHECKING.ASM 86 : Found opcode in column 1. (MOVLW)
Warning[203] E:\TESTING\09.PIN CHECK LCD\CHECKING.ASM 87 : Found opcode in column 1. (MOVWF)
Warning[203] E:\TESTING\09.PIN CHECK LCD\CHECKING.ASM 89 : Found opcode in column 1. (CALL)
Warning[203] E:\TESTING\09.PIN CHECK LCD\CHECKING.ASM 90 : Found opcode in column 1. (MOVF)
Warning[203] E:\TESTING\09.PIN CHECK LCD\CHECKING.ASM 91 : Found opcode in column 1. (MOVWF)
Warning[203] E:\TESTING\09.PIN CHECK LCD\CHECKING.ASM 92 : Found opcode in column 1. (SUBWF)
Warning[203] E:\TESTING\09.PIN CHECK LCD\CHECKING.ASM 93 : Found opcode in column 1. (BTFSS)
Warning[203] E:\TESTING\09.PIN CHECK LCD\CHECKING.ASM 94 : Found opcode in column 1. (GOTO)
Warning[203] E:\TESTING\09.PIN CHECK LCD\CHECKING.ASM 95 : Found opcode in column 1. (INCF)
Warning[203] E:\TESTING\09.PIN CHECK LCD\CHECKING.ASM 96 : Found opcode in column 1. (CALL)
Warning[203] E:\TESTING\09.PIN CHECK LCD\CHECKING.ASM 97 : Found opcode in column 1. (BTFSS)
Warning[203] E:\TESTING\09.PIN CHECK LCD\CHECKING.ASM 98 : Found opcode in column 1. (GOTO)
Warning[203] E:\TESTING\09.PIN CHECK LCD\CHECKING.ASM 99 : Found opcode in column 1. (GOTO)
Warning[203] E:\TESTING\09.PIN CHECK LCD\CHECKING.ASM 102 : Found opcode in column 1. (MOVF)
Warning[203] E:\TESTING\09.PIN CHECK LCD\CHECKING.ASM 103 : Found opcode in column 1. (MOVWF)
Warning[203] E:\TESTING\09.PIN CHECK LCD\CHECKING.ASM 104 : Found opcode in column 1. (GOTO)
Warning[203] E:\TESTING\09.PIN CHECK LCD\CHECKING.ASM 112 : Found opcode in column 1. (MOVLW)
Warning[203] E:\TESTING\09.PIN CHECK LCD\CHECKING.ASM 113 : Found opcode in column 1. (MOVWF)
Warning[203] E:\TESTING\09.PIN CHECK LCD\CHECKING.ASM 114 : Found opcode in column 1. (MOVLW)
Warning[203] E:\TESTING\09.PIN CHECK LCD\CHECKING.ASM 115 : Found opcode in column 1. (MOVWF)
Warning[207] E:\TESTING\09.PIN CHECK LCD\CHECKING.ASM 116 : Found label after column 1. (SUB_LOOP)
Warning[203] E:\TESTING\09.PIN CHECK LCD\CHECKING.ASM 141 : Found opcode in column 1. (MOVWF)
Warning[203] E:\TESTING\09.PIN CHECK LCD\CHECKING.ASM 142 : Found opcode in column 1. (RETURN)
Warning[203] E:\TESTING\09.PIN CHECK LCD\CHECKING.ASM 145 : Found opcode in column 1. (MOVF)
Warning[203] E:\TESTING\09.PIN CHECK LCD\CHECKING.ASM 146 : Found opcode in column 1. (MOVWF)
Warning[203] E:\TESTING\09.PIN CHECK LCD\CHECKING.ASM 147 : Found opcode in column 1. (INCF)
Warning[203] E:\TESTING\09.PIN CHECK LCD\CHECKING.ASM 148 : Found opcode in column 1. (BTFSC)
Warning[203] E:\TESTING\09.PIN CHECK LCD\CHECKING.ASM 149 : Found opcode in column 1. (GOTO)
Warning[203] E:\TESTING\09.PIN CHECK LCD\CHECKING.ASM 150 : Found opcode in column 1. (GOTO)
Warning[203] E:\TESTING\09.PIN CHECK LCD\CHECKING.ASM 154 : Found opcode in column 1. (MOVF)
Warning[203] E:\TESTING\09.PIN CHECK LCD\CHECKING.ASM 155 : Found opcode in column 1. (SUBLW)
Warning[203] E:\TESTING\09.PIN CHECK LCD\CHECKING.ASM 156 : Found opcode in column 1. (MOVWF)
Warning[203] E:\TESTING\09.PIN CHECK LCD\CHECKING.ASM 157 : Found opcode in column 1. (MOVF)
Warning[203] E:\TESTING\09.PIN CHECK LCD\CHECKING.ASM 158 : Found opcode in column 1. (BTFSC)
Warning[203] E:\TESTING\09.PIN CHECK LCD\CHECKING.ASM 159 : Found opcode in column 1. (GOTO)
Warning[203] E:\TESTING\09.PIN CHECK LCD\CHECKING.ASM 160 : Found opcode in column 1. (MOVF)
Warning[203] E:\TESTING\09.PIN CHECK LCD\CHECKING.ASM 161 : Found opcode in column 1. (SUBLW)
Warning[203] E:\TESTING\09.PIN CHECK LCD\CHECKING.ASM 162 : Found opcode in column 1. (MOVWF)
Warning[203] E:\TESTING\09.PIN CHECK LCD\CHECKING.ASM 163 : Found opcode in column 1. (MOVF)
Warning[203] E:\TESTING\09.PIN CHECK LCD\CHECKING.ASM 164 : Found opcode in column 1. (BTFSC)
Warning[203] E:\TESTING\09.PIN CHECK LCD\CHECKING.ASM 165 : Found opcode in column 1. (GOTO)
Warning[203] E:\TESTING\09.PIN CHECK LCD\CHECKING.ASM 166 : Found opcode in column 1. (MOVF)
Warning[203] E:\TESTING\09.PIN CHECK LCD\CHECKING.ASM 168 : Found opcode in column 1. (GOTO)
Warning[203] E:\TESTING\09.PIN CHECK LCD\CHECKING.ASM 171 : Found opcode in column 1. (MOVF)
Warning[203] E:\TESTING\09.PIN CHECK LCD\CHECKING.ASM 172 : Found opcode in column 1. (BTFSC)
Warning[203] E:\TESTING\09.PIN CHECK LCD\CHECKING.ASM 173 : Found opcode in column 1. (GOTO)
Warning[203] E:\TESTING\09.PIN CHECK LCD\CHECKING.ASM 174 : Found opcode in column 1. (DECF)
Warning[203] E:\TESTING\09.PIN CHECK LCD\CHECKING.ASM 175 : Found opcode in column 1. (GOTO)
Warning[203] E:\TESTING\09.PIN CHECK LCD\CHECKING.ASM 178 : Found opcode in column 1. (MOVF)
Warning[203] E:\TESTING\09.PIN CHECK LCD\CHECKING.ASM 179 : Found opcode in column 1. (SUBLW)
Warning[203] E:\TESTING\09.PIN CHECK LCD\CHECKING.ASM 180 : Found opcode in column 1. (MOVWF)
Warning[203] E:\TESTING\09.PIN CHECK LCD\CHECKING.ASM 181 : Found opcode in column 1. (MOVF)
Warning[203] E:\TESTING\09.PIN CHECK LCD\CHECKING.ASM 182 : Found opcode in column 1. (BTFSC)
Warning[203] E:\TESTING\09.PIN CHECK LCD\CHECKING.ASM 183 : Found opcode in column 1. (CLRF)
Warning[203] E:\TESTING\09.PIN CHECK LCD\CHECKING.ASM 184 : Found opcode in column 1. (INCF)
Warning[203] E:\TESTING\09.PIN CHECK LCD\CHECKING.ASM 185 : Found opcode in column 1. (MOVLW)
Warning[203] E:\TESTING\09.PIN CHECK LCD\CHECKING.ASM 186 : Found opcode in column 1. (MOVWF)
Warning[203] E:\TESTING\09.PIN CHECK LCD\CHECKING.ASM 187 : Found opcode in column 1. (MOVWF)
Warning[203] E:\TESTING\09.PIN CHECK LCD\CHECKING.ASM 188 : Found opcode in column 1. (MOVF)
Warning[203] E:\TESTING\09.PIN CHECK LCD\CHECKING.ASM 189 : Found opcode in column 1. (SUBLW)
Warning[203] E:\TESTING\09.PIN CHECK LCD\CHECKING.ASM 190 : Found opcode in column 1. (MOVWF)
Warning[203] E:\TESTING\09.PIN CHECK LCD\CHECKING.ASM 191 : Found opcode in column 1. (MOVF)
Warning[203] E:\TESTING\09.PIN CHECK LCD\CHECKING.ASM 192 : Found opcode in column 1. (BTFSC)
Warning[203] E:\TESTING\09.PIN CHECK LCD\CHECKING.ASM 193 : Found opcode in column 1. (GOTO)
Warning[203] E:\TESTING\09.PIN CHECK LCD\CHECKING.ASM 194 : Found opcode in column 1. (MOVF)
Warning[203] E:\TESTING\09.PIN CHECK LCD\CHECKING.ASM 195 : Found opcode in column 1. (SUBLW)
Warning[203] E:\TESTING\09.PIN CHECK LCD\CHECKING.ASM 196 : Found opcode in column 1. (MOVWF)
Warning[203] E:\TESTING\09.PIN CHECK LCD\CHECKING.ASM 197 : Found opcode in column 1. (MOVF)
Warning[203] E:\TESTING\09.PIN CHECK LCD\CHECKING.ASM 198 : Found opcode in column 1. (BTFSC)
Warning[203] E:\TESTING\09.PIN CHECK LCD\CHECKING.ASM 199 : Found opcode in column 1. (GOTO)
Warning[203] E:\TESTING\09.PIN CHECK LCD\CHECKING.ASM 200 : Found opcode in column 1. (MOVF)
Warning[203] E:\TESTING\09.PIN CHECK LCD\CHECKING.ASM 201 : Found opcode in column 1. (SUBLW)
Warning[203] E:\TESTING\09.PIN CHECK LCD\CHECKING.ASM 202 : Found opcode in column 1. (MOVWF)
Warning[203] E:\TESTING\09.PIN CHECK LCD\CHECKING.ASM 203 : Found opcode in column 1. (MOVF)
Warning[203] E:\TESTING\09.PIN CHECK LCD\CHECKING.ASM 204 : Found opcode in column 1. (BTFSC)
Warning[203] E:\TESTING\09.PIN CHECK LCD\CHECKING.ASM 205 : Found opcode in column 1. (GOTO)
Warning[203] E:\TESTING\09.PIN CHECK LCD\CHECKING.ASM 206 : Found opcode in column 1. (MOVF)
Warning[203] E:\TESTING\09.PIN CHECK LCD\CHECKING.ASM 207 : Found opcode in column 1. (SUBLW)
Warning[203] E:\TESTING\09.PIN CHECK LCD\CHECKING.ASM 208 : Found opcode in column 1. (MOVWF)
Warning[203] E:\TESTING\09.PIN CHECK LCD\CHECKING.ASM 209 : Found opcode in column 1. (MOVF)
Warning[203] E:\TESTING\09.PIN CHECK LCD\CHECKING.ASM 210 : Found opcode in column 1. (BTFSC)
Warning[203] E:\TESTING\09.PIN CHECK LCD\CHECKING.ASM 211 : Found opcode in column 1. (GOTO)
Warning[203] E:\TESTING\09.PIN CHECK LCD\CHECKING.ASM 215 : Found opcode in column 1. (MOVLW)
Warning[203] E:\TESTING\09.PIN CHECK LCD\CHECKING.ASM 216 : Found opcode in column 1. (MOVWF)
Warning[203] E:\TESTING\09.PIN CHECK LCD\CHECKING.ASM 217 : Found opcode in column 1. (GOTO)
Warning[203] E:\TESTING\09.PIN CHECK LCD\CHECKING.ASM 221 : Found opcode in column 1. (MOVLW)
Warning[203] E:\TESTING\09.PIN CHECK LCD\CHECKING.ASM 222 : Found opcode in column 1. (MOVWF)
Warning[203] E:\TESTING\09.PIN CHECK LCD\CHECKING.ASM 223 : Found opcode in column 1. (GOTO)
Warning[203] E:\TESTING\09.PIN CHECK LCD\CHECKING.ASM 227 : Found opcode in column 1. (MOVLW)
Warning[203] E:\TESTING\09.PIN CHECK LCD\CHECKING.ASM 228 : Found opcode in column 1. (MOVWF)
Warning[203] E:\TESTING\09.PIN CHECK LCD\CHECKING.ASM 229 : Found opcode in column 1. (GOTO)
Warning[203] E:\TESTING\09.PIN CHECK LCD\CHECKING.ASM 233 : Found opcode in column 1. (MOVLW)
Warning[203] E:\TESTING\09.PIN CHECK LCD\CHECKING.ASM 234 : Found opcode in column 1. (MOVWF)
Warning[203] E:\TESTING\09.PIN CHECK LCD\CHECKING.ASM 235 : Found opcode in column 1. (GOTO)
Warning[203] E:\TESTING\09.PIN CHECK LCD\CHECKING.ASM 238 : Found opcode in column 1. (MOVF)
Warning[203] E:\TESTING\09.PIN CHECK LCD\CHECKING.ASM 239 : Found opcode in column 1. (SUBLW)
Warning[203] E:\TESTING\09.PIN CHECK LCD\CHECKING.ASM 240 : Found opcode in column 1. (MOVWF)
Warning[203] E:\TESTING\09.PIN CHECK LCD\CHECKING.ASM 241 : Found opcode in column 1. (MOVF)
Warning[203] E:\TESTING\09.PIN CHECK LCD\CHECKING.ASM 242 : Found opcode in column 1. (BTFSC)
Warning[203] E:\TESTING\09.PIN CHECK LCD\CHECKING.ASM 243 : Found opcode in column 1. (CLRF)
Warning[203] E:\TESTING\09.PIN CHECK LCD\CHECKING.ASM 244 : Found opcode in column 1. (INCF)
Warning[203] E:\TESTING\09.PIN CHECK LCD\CHECKING.ASM 245 : Found opcode in column 1. (MOVF)
Warning[203] E:\TESTING\09.PIN CHECK LCD\CHECKING.ASM 246 : Found opcode in column 1. (SUBLW)
Warning[203] E:\TESTING\09.PIN CHECK LCD\CHECKING.ASM 247 : Found opcode in column 1. (MOVWF)
Warning[203] E:\TESTING\09.PIN CHECK LCD\CHECKING.ASM 248 : Found opcode in column 1. (MOVF)
Warning[203] E:\TESTING\09.PIN CHECK LCD\CHECKING.ASM 249 : Found opcode in column 1. (BTFSC)
Warning[203] E:\TESTING\09.PIN CHECK LCD\CHECKING.ASM 250 : Found opcode in column 1. (GOTO)
Warning[203] E:\TESTING\09.PIN CHECK LCD\CHECKING.ASM 251 : Found opcode in column 1. (MOVF)
Warning[203] E:\TESTING\09.PIN CHECK LCD\CHECKING.ASM 252 : Found opcode in column 1. (SUBLW)
Warning[203] E:\TESTING\09.PIN CHECK LCD\CHECKING.ASM 253 : Found opcode in column 1. (MOVWF)
Warning[203] E:\TESTING\09.PIN CHECK LCD\CHECKING.ASM 254 : Found opcode in column 1. (MOVF)
Warning[203] E:\TESTING\09.PIN CHECK LCD\CHECKING.ASM 255 : Found opcode in column 1. (BTFSC)
Warning[203] E:\TESTING\09.PIN CHECK LCD\CHECKING.ASM 256 : Found opcode in column 1. (GOTO)
Warning[203] E:\TESTING\09.PIN CHECK LCD\CHECKING.ASM 257 : Found opcode in column 1. (MOVF)
Warning[203] E:\TESTING\09.PIN CHECK LCD\CHECKING.ASM 258 : Found opcode in column 1. (SUBLW)
Warning[203] E:\TESTING\09.PIN CHECK LCD\CHECKING.ASM 259 : Found opcode in column 1. (MOVWF)
Warning[203] E:\TESTING\09.PIN CHECK LCD\CHECKING.ASM 260 : Found opcode in column 1. (MOVF)
Warning[203] E:\TESTING\09.PIN CHECK LCD\CHECKING.ASM 261 : Found opcode in column 1. (BTFSC)
Warning[203] E:\TESTING\09.PIN CHECK LCD\CHECKING.ASM 262 : Found opcode in column 1. (GOTO)
Warning[203] E:\TESTING\09.PIN CHECK LCD\CHECKING.ASM 263 : Found opcode in column 1. (MOVF)
Warning[203] E:\TESTING\09.PIN CHECK LCD\CHECKING.ASM 264 : Found opcode in column 1. (SUBLW)
Warning[203] E:\TESTING\09.PIN CHECK LCD\CHECKING.ASM 265 : Found opcode in column 1. (MOVWF)
Warning[203] E:\TESTING\09.PIN CHECK LCD\CHECKING.ASM 266 : Found opcode in column 1. (MOVF)
Warning[203] E:\TESTING\09.PIN CHECK LCD\CHECKING.ASM 267 : Found opcode in column 1. (BTFSC)
Warning[203] E:\TESTING\09.PIN CHECK LCD\CHECKING.ASM 268 : Found opcode in column 1. (GOTO)
Warning[203] E:\TESTING\09.PIN CHECK LCD\CHECKING.ASM 282 : Found opcode in column 1. (MOVF)
Warning[203] E:\TESTING\09.PIN CHECK LCD\CHECKING.ASM 283 : Found opcode in column 1. (ADDLW)
Warning[203] E:\TESTING\09.PIN CHECK LCD\CHECKING.ASM 284 : Found opcode in column 1. (MOVWF)
Warning[203] E:\TESTING\09.PIN CHECK LCD\CHECKING.ASM 290 : Found opcode in column 1. (MOVF)
Warning[203] E:\TESTING\09.PIN CHECK LCD\CHECKING.ASM 291 : Found opcode in column 1. (BTFSC)
Warning[203] E:\TESTING\09.PIN CHECK LCD\CHECKING.ASM 292 : Found opcode in column 1. (GOTO)
Warning[203] E:\TESTING\09.PIN CHECK LCD\CHECKING.ASM 293 : Found opcode in column 1. (MOVF)
Warning[203] E:\TESTING\09.PIN CHECK LCD\CHECKING.ASM 294 : Found opcode in column 1. (SUBLW)
Warning[203] E:\TESTING\09.PIN CHECK LCD\CHECKING.ASM 295 : Found opcode in column 1. (MOVWF)
Warning[203] E:\TESTING\09.PIN CHECK LCD\CHECKING.ASM 296 : Found opcode in column 1. (MOVF)
Warning[203] E:\TESTING\09.PIN CHECK LCD\CHECKING.ASM 297 : Found opcode in column 1. (BTFSC)
Warning[203] E:\TESTING\09.PIN CHECK LCD\CHECKING.ASM 298 : Found opcode in column 1. (GOTO)
Warning[203] E:\TESTING\09.PIN CHECK LCD\CHECKING.ASM 299 : Found opcode in column 1. (MOVF)
Warning[203] E:\TESTING\09.PIN CHECK LCD\CHECKING.ASM 300 : Found opcode in column 1. (SUBLW)
Warning[203] E:\TESTING\09.PIN CHECK LCD\CHECKING.ASM 301 : Found opcode in column 1. (MOVWF)
Warning[203] E:\TESTING\09.PIN CHECK LCD\CHECKING.ASM 302 : Found opcode in column 1. (MOVF)
Warning[203] E:\TESTING\09.PIN CHECK LCD\CHECKING.ASM 303 : Found opcode in column 1. (BTFSC)
Warning[203] E:\TESTING\09.PIN CHECK LCD\CHECKING.ASM 304 : Found opcode in column 1. (GOTO)
Warning[203] E:\TESTING\09.PIN CHECK LCD\CHECKING.ASM 305 : Found opcode in column 1. (MOVF)
Warning[203] E:\TESTING\09.PIN CHECK LCD\CHECKING.ASM 306 : Found opcode in column 1. (SUBLW)
Warning[203] E:\TESTING\09.PIN CHECK LCD\CHECKING.ASM 307 : Found opcode in column 1. (MOVWF)
Warning[203] E:\TESTING\09.PIN CHECK LCD\CHECKING.ASM 308 : Found opcode in column 1. (MOVF)
Warning[203] E:\TESTING\09.PIN CHECK LCD\CHECKING.ASM 309 : Found opcode in column 1. (BTFSC)
Warning[203] E:\TESTING\09.PIN CHECK LCD\CHECKING.ASM 310 : Found opcode in column 1. (GOTO)
Warning[203] E:\TESTING\09.PIN CHECK LCD\CHECKING.ASM 311 : Found opcode in column 1. (MOVF)
Warning[203] E:\TESTING\09.PIN CHECK LCD\CHECKING.ASM 312 : Found opcode in column 1. (SUBLW)
Warning[203] E:\TESTING\09.PIN CHECK LCD\CHECKING.ASM 313 : Found opcode in column 1. (MOVWF)
Warning[203] E:\TESTING\09.PIN CHECK LCD\CHECKING.ASM 314 : Found opcode in column 1. (MOVF)
Warning[203] E:\TESTING\09.PIN CHECK LCD\CHECKING.ASM 315 : Found opcode in column 1. (BTFSC)
Warning[203] E:\TESTING\09.PIN CHECK LCD\CHECKING.ASM 316 : Found opcode in column 1. (GOTO)
Warning[203] E:\TESTING\09.PIN CHECK LCD\CHECKING.ASM 319 : Found opcode in column 1. (BSF)
Warning[203] E:\TESTING\09.PIN CHECK LCD\CHECKING.ASM 320 : Found opcode in column 1. (BCF)
Warning[203] E:\TESTING\09.PIN CHECK LCD\CHECKING.ASM 321 : Found opcode in column 1. (CALL)
Warning[203] E:\TESTING\09.PIN CHECK LCD\CHECKING.ASM 322 : Found opcode in column 1. (MOVLW)
Warning[203] E:\TESTING\09.PIN CHECK LCD\CHECKING.ASM 323 : Found opcode in column 1. (MOVWF)
Warning[203] E:\TESTING\09.PIN CHECK LCD\CHECKING.ASM 324 : Found opcode in column 1. (CALL)
Warning[203] E:\TESTING\09.PIN CHECK LCD\CHECKING.ASM 325 : Found opcode in column 1. (BCF)
Warning[203] E:\TESTING\09.PIN CHECK LCD\CHECKING.ASM 326 : Found opcode in column 1. (CALL)
Warning[203] E:\TESTING\09.PIN CHECK LCD\CHECKING.ASM 327 : Found opcode in column 1. (BSF)
Warning[203] E:\TESTING\09.PIN CHECK LCD\CHECKING.ASM 328 : Found opcode in column 1. (BSF)
Warning[203] E:\TESTING\09.PIN CHECK LCD\CHECKING.ASM 329 : Found opcode in column 1. (CALL)
Warning[203] E:\TESTING\09.PIN CHECK LCD\CHECKING.ASM 330 : Found opcode in column 1. (MOVF)
Warning[203] E:\TESTING\09.PIN CHECK LCD\CHECKING.ASM 331 : Found opcode in column 1. (ADDLW)
Warning[203] E:\TESTING\09.PIN CHECK LCD\CHECKING.ASM 332 : Found opcode in column 1. (MOVLW)
Warning[203] E:\TESTING\09.PIN CHECK LCD\CHECKING.ASM 333 : Found opcode in column 1. (MOVWF)
Warning[203] E:\TESTING\09.PIN CHECK LCD\CHECKING.ASM 334 : Found opcode in column 1. (CALL)
Warning[203] E:\TESTING\09.PIN CHECK LCD\CHECKING.ASM 335 : Found opcode in column 1. (BCF)
Warning[203] E:\TESTING\09.PIN CHECK LCD\CHECKING.ASM 336 : Found opcode in column 1. (GOTO)
Warning[203] E:\TESTING\09.PIN CHECK LCD\CHECKING.ASM 339 : Found opcode in column 1. (BSF)
Warning[203] E:\TESTING\09.PIN CHECK LCD\CHECKING.ASM 340 : Found opcode in column 1. (BCF)
Warning[203] E:\TESTING\09.PIN CHECK LCD\CHECKING.ASM 341 : Found opcode in column 1. (CALL)
Warning[203] E:\TESTING\09.PIN CHECK LCD\CHECKING.ASM 342 : Found opcode in column 1. (MOVLW)
Warning[203] E:\TESTING\09.PIN CHECK LCD\CHECKING.ASM 343 : Found opcode in column 1. (MOVWF)
Warning[203] E:\TESTING\09.PIN CHECK LCD\CHECKING.ASM 344 : Found opcode in column 1. (CALL)
Warning[203] E:\TESTING\09.PIN CHECK LCD\CHECKING.ASM 345 : Found opcode in column 1. (BCF)
Warning[203] E:\TESTING\09.PIN CHECK LCD\CHECKING.ASM 346 : Found opcode in column 1. (CALL)
Warning[203] E:\TESTING\09.PIN CHECK LCD\CHECKING.ASM 347 : Found opcode in column 1. (BSF)
Warning[203] E:\TESTING\09.PIN CHECK LCD\CHECKING.ASM 348 : Found opcode in column 1. (BSF)
Warning[203] E:\TESTING\09.PIN CHECK LCD\CHECKING.ASM 349 : Found opcode in column 1. (CALL)
Warning[203] E:\TESTING\09.PIN CHECK LCD\CHECKING.ASM 350 : Found opcode in column 1. (MOVF)
Warning[203] E:\TESTING\09.PIN CHECK LCD\CHECKING.ASM 351 : Found opcode in column 1. (ADDLW)
Warning[203] E:\TESTING\09.PIN CHECK LCD\CHECKING.ASM 352 : Found opcode in column 1. (MOVLW)
Warning[203] E:\TESTING\09.PIN CHECK LCD\CHECKING.ASM 353 : Found opcode in column 1. (MOVWF)
Warning[203] E:\TESTING\09.PIN CHECK LCD\CHECKING.ASM 354 : Found opcode in column 1. (CALL)
Warning[203] E:\TESTING\09.PIN CHECK LCD\CHECKING.ASM 355 : Found opcode in column 1. (BCF)
Warning[203] E:\TESTING\09.PIN CHECK LCD\CHECKING.ASM 356 : Found opcode in column 1. (CALL)
Warning[203] E:\TESTING\09.PIN CHECK LCD\CHECKING.ASM 357 : Found opcode in column 1. (BSF)
Warning[203] E:\TESTING\09.PIN CHECK LCD\CHECKING.ASM 358 : Found opcode in column 1. (CALL)
Warning[203] E:\TESTING\09.PIN CHECK LCD\CHECKING.ASM 359 : Found opcode in column 1. (MOVF)
Warning[203] E:\TESTING\09.PIN CHECK LCD\CHECKING.ASM 360 : Found opcode in column 1. (ADDLW)
Warning[203] E:\TESTING\09.PIN CHECK LCD\CHECKING.ASM 361 : Found opcode in column 1. (MOVLW)
Warning[203] E:\TESTING\09.PIN CHECK LCD\CHECKING.ASM 362 : Found opcode in column 1. (MOVWF)
Warning[203] E:\TESTING\09.PIN CHECK LCD\CHECKING.ASM 363 : Found opcode in column 1. (CALL)
Warning[203] E:\TESTING\09.PIN CHECK LCD\CHECKING.ASM 364 : Found opcode in column 1. (BCF)
Warning[203] E:\TESTING\09.PIN CHECK LCD\CHECKING.ASM 365 : Found opcode in column 1. (GOTO)
Warning[203] E:\TESTING\09.PIN CHECK LCD\CHECKING.ASM 368 : Found opcode in column 1. (BSF)
Warning[203] E:\TESTING\09.PIN CHECK LCD\CHECKING.ASM 369 : Found opcode in column 1. (BCF)
Warning[203] E:\TESTING\09.PIN CHECK LCD\CHECKING.ASM 370 : Found opcode in column 1. (CALL)
Warning[203] E:\TESTING\09.PIN CHECK LCD\CHECKING.ASM 371 : Found opcode in column 1. (MOVLW)
Warning[203] E:\TESTING\09.PIN CHECK LCD\CHECKING.ASM 372 : Found opcode in column 1. (MOVWF)
Warning[203] E:\TESTING\09.PIN CHECK LCD\CHECKING.ASM 373 : Found opcode in column 1. (CALL)
Warning[203] E:\TESTING\09.PIN CHECK LCD\CHECKING.ASM 374 : Found opcode in column 1. (BCF)
Warning[203] E:\TESTING\09.PIN CHECK LCD\CHECKING.ASM 375 : Found opcode in column 1. (CALL)
Warning[203] E:\TESTING\09.PIN CHECK LCD\CHECKING.ASM 376 : Found opcode in column 1. (BSF)
Warning[203] E:\TESTING\09.PIN CHECK LCD\CHECKING.ASM 377 : Found opcode in column 1. (BSF)
Warning[203] E:\TESTING\09.PIN CHECK LCD\CHECKING.ASM 378 : Found opcode in column 1. (CALL)
Warning[203] E:\TESTING\09.PIN CHECK LCD\CHECKING.ASM 379 : Found opcode in column 1. (MOVF)
Warning[203] E:\TESTING\09.PIN CHECK LCD\CHECKING.ASM 380 : Found opcode in column 1. (ADDLW)
Warning[203] E:\TESTING\09.PIN CHECK LCD\CHECKING.ASM 381 : Found opcode in column 1. (MOVLW)
Warning[203] E:\TESTING\09.PIN CHECK LCD\CHECKING.ASM 382 : Found opcode in column 1. (MOVWF)
Warning[203] E:\TESTING\09.PIN CHECK LCD\CHECKING.ASM 383 : Found opcode in column 1. (CALL)
Warning[203] E:\TESTING\09.PIN CHECK LCD\CHECKING.ASM 384 : Found opcode in column 1. (BCF)
Warning[203] E:\TESTING\09.PIN CHECK LCD\CHECKING.ASM 385 : Found opcode in column 1. (CALL)
Warning[203] E:\TESTING\09.PIN CHECK LCD\CHECKING.ASM 386 : Found opcode in column 1. (BSF)
Warning[203] E:\TESTING\09.PIN CHECK LCD\CHECKING.ASM 387 : Found opcode in column 1. (CALL)
Warning[203] E:\TESTING\09.PIN CHECK LCD\CHECKING.ASM 388 : Found opcode in column 1. (MOVF)
Warning[203] E:\TESTING\09.PIN CHECK LCD\CHECKING.ASM 389 : Found opcode in column 1. (ADDLW)
Warning[203] E:\TESTING\09.PIN CHECK LCD\CHECKING.ASM 390 : Found opcode in column 1. (MOVLW)
Warning[203] E:\TESTING\09.PIN CHECK LCD\CHECKING.ASM 391 : Found opcode in column 1. (MOVWF)
Warning[203] E:\TESTING\09.PIN CHECK LCD\CHECKING.ASM 392 : Found opcode in column 1. (CALL)
Warning[203] E:\TESTING\09.PIN CHECK LCD\CHECKING.ASM 393 : Found opcode in column 1. (BCF)
Warning[203] E:\TESTING\09.PIN CHECK LCD\CHECKING.ASM 394 : Found opcode in column 1. (CALL)
Warning[203] E:\TESTING\09.PIN CHECK LCD\CHECKING.ASM 395 : Found opcode in column 1. (BSF)
Warning[203] E:\TESTING\09.PIN CHECK LCD\CHECKING.ASM 396 : Found opcode in column 1. (CALL)
Warning[203] E:\TESTING\09.PIN CHECK LCD\CHECKING.ASM 397 : Found opcode in column 1. (MOVF)
Warning[203] E:\TESTING\09.PIN CHECK LCD\CHECKING.ASM 398 : Found opcode in column 1. (ADDLW)
Warning[203] E:\TESTING\09.PIN CHECK LCD\CHECKING.ASM 399 : Found opcode in column 1. (MOVLW)
Warning[203] E:\TESTING\09.PIN CHECK LCD\CHECKING.ASM 400 : Found opcode in column 1. (MOVWF)
Warning[203] E:\TESTING\09.PIN CHECK LCD\CHECKING.ASM 401 : Found opcode in column 1. (CALL)
Warning[203] E:\TESTING\09.PIN CHECK LCD\CHECKING.ASM 402 : Found opcode in column 1. (BCF)
Warning[203] E:\TESTING\09.PIN CHECK LCD\CHECKING.ASM 403 : Found opcode in column 1. (GOTO)
Warning[203] E:\TESTING\09.PIN CHECK LCD\CHECKING.ASM 406 : Found opcode in column 1. (BSF)
Warning[203] E:\TESTING\09.PIN CHECK LCD\CHECKING.ASM 407 : Found opcode in column 1. (BCF)
Warning[203] E:\TESTING\09.PIN CHECK LCD\CHECKING.ASM 408 : Found opcode in column 1. (CALL)
Warning[203] E:\TESTING\09.PIN CHECK LCD\CHECKING.ASM 409 : Found opcode in column 1. (MOVLW)
Warning[203] E:\TESTING\09.PIN CHECK LCD\CHECKING.ASM 410 : Found opcode in column 1. (MOVWF)
Warning[203] E:\TESTING\09.PIN CHECK LCD\CHECKING.ASM 411 : Found opcode in column 1. (CALL)
Warning[203] E:\TESTING\09.PIN CHECK LCD\CHECKING.ASM 412 : Found opcode in column 1. (BCF)
Warning[203] E:\TESTING\09.PIN CHECK LCD\CHECKING.ASM 413 : Found opcode in column 1. (CALL)
Warning[203] E:\TESTING\09.PIN CHECK LCD\CHECKING.ASM 414 : Found opcode in column 1. (BSF)
Warning[203] E:\TESTING\09.PIN CHECK LCD\CHECKING.ASM 415 : Found opcode in column 1. (BSF)
Warning[203] E:\TESTING\09.PIN CHECK LCD\CHECKING.ASM 416 : Found opcode in column 1. (CALL)
Warning[203] E:\TESTING\09.PIN CHECK LCD\CHECKING.ASM 417 : Found opcode in column 1. (MOVF)
Warning[203] E:\TESTING\09.PIN CHECK LCD\CHECKING.ASM 418 : Found opcode in column 1. (ADDLW)
Warning[203] E:\TESTING\09.PIN CHECK LCD\CHECKING.ASM 419 : Found opcode in column 1. (MOVLW)
Warning[203] E:\TESTING\09.PIN CHECK LCD\CHECKING.ASM 420 : Found opcode in column 1. (MOVWF)
Warning[203] E:\TESTING\09.PIN CHECK LCD\CHECKING.ASM 421 : Found opcode in column 1. (CALL)
Warning[203] E:\TESTING\09.PIN CHECK LCD\CHECKING.ASM 422 : Found opcode in column 1. (BCF)
Warning[203] E:\TESTING\09.PIN CHECK LCD\CHECKING.ASM 423 : Found opcode in column 1. (CALL)
Warning[203] E:\TESTING\09.PIN CHECK LCD\CHECKING.ASM 424 : Found opcode in column 1. (BSF)
Warning[203] E:\TESTING\09.PIN CHECK LCD\CHECKING.ASM 425 : Found opcode in column 1. (CALL)
Warning[203] E:\TESTING\09.PIN CHECK LCD\CHECKING.ASM 426 : Found opcode in column 1. (MOVF)
Warning[203] E:\TESTING\09.PIN CHECK LCD\CHECKING.ASM 427 : Found opcode in column 1. (ADDLW)
Warning[203] E:\TESTING\09.PIN CHECK LCD\CHECKING.ASM 428 : Found opcode in column 1. (MOVLW)
Warning[203] E:\TESTING\09.PIN CHECK LCD\CHECKING.ASM 429 : Found opcode in column 1. (MOVWF)
Warning[203] E:\TESTING\09.PIN CHECK LCD\CHECKING.ASM 430 : Found opcode in column 1. (CALL)
Warning[203] E:\TESTING\09.PIN CHECK LCD\CHECKING.ASM 431 : Found opcode in column 1. (BCF)
Warning[203] E:\TESTING\09.PIN CHECK LCD\CHECKING.ASM 432 : Found opcode in column 1. (CALL)
Warning[203] E:\TESTING\09.PIN CHECK LCD\CHECKING.ASM 433 : Found opcode in column 1. (BSF)
Warning[203] E:\TESTING\09.PIN CHECK LCD\CHECKING.ASM 434 : Found opcode in column 1. (CALL)
Warning[203] E:\TESTING\09.PIN CHECK LCD\CHECKING.ASM 435 : Found opcode in column 1. (MOVF)
Warning[203] E:\TESTING\09.PIN CHECK LCD\CHECKING.ASM 436 : Found opcode in column 1. (ADDLW)
Warning[203] E:\TESTING\09.PIN CHECK LCD\CHECKING.ASM 437 : Found opcode in column 1. (MOVLW)
Warning[203] E:\TESTING\09.PIN CHECK LCD\CHECKING.ASM 438 : Found opcode in column 1. (MOVWF)
Warning[203] E:\TESTING\09.PIN CHECK LCD\CHECKING.ASM 439 : Found opcode in column 1. (CALL)
Warning[203] E:\TESTING\09.PIN CHECK LCD\CHECKING.ASM 440 : Found opcode in column 1. (BCF)
Warning[203] E:\TESTING\09.PIN CHECK LCD\CHECKING.ASM 441 : Found opcode in column 1. (CALL)
Warning[203] E:\TESTING\09.PIN CHECK LCD\CHECKING.ASM 442 : Found opcode in column 1. (BSF)
Warning[203] E:\TESTING\09.PIN CHECK LCD\CHECKING.ASM 443 : Found opcode in column 1. (CALL)
Warning[203] E:\TESTING\09.PIN CHECK LCD\CHECKING.ASM 444 : Found opcode in column 1. (MOVF)
Warning[203] E:\TESTING\09.PIN CHECK LCD\CHECKING.ASM 445 : Found opcode in column 1. (ADDLW)
Warning[203] E:\TESTING\09.PIN CHECK LCD\CHECKING.ASM 446 : Found opcode in column 1. (MOVLW)
Warning[203] E:\TESTING\09.PIN CHECK LCD\CHECKING.ASM 447 : Found opcode in column 1. (MOVWF)
Warning[203] E:\TESTING\09.PIN CHECK LCD\CHECKING.ASM 448 : Found opcode in column 1. (CALL)
Warning[203] E:\TESTING\09.PIN CHECK LCD\CHECKING.ASM 449 : Found opcode in column 1. (BCF)
Warning[203] E:\TESTING\09.PIN CHECK LCD\CHECKING.ASM 450 : Found opcode in column 1. (GOTO)
Warning[203] E:\TESTING\09.PIN CHECK LCD\CHECKING.ASM 453 : Found opcode in column 1. (BSF)
Warning[203] E:\TESTING\09.PIN CHECK LCD\CHECKING.ASM 454 : Found opcode in column 1. (BCF)
Warning[203] E:\TESTING\09.PIN CHECK LCD\CHECKING.ASM 455 : Found opcode in column 1. (CALL)
Warning[203] E:\TESTING\09.PIN CHECK LCD\CHECKING.ASM 456 : Found opcode in column 1. (MOVLW)
Warning[203] E:\TESTING\09.PIN CHECK LCD\CHECKING.ASM 457 : Found opcode in column 1. (MOVWF)
Warning[203] E:\TESTING\09.PIN CHECK LCD\CHECKING.ASM 458 : Found opcode in column 1. (CALL)
Warning[203] E:\TESTING\09.PIN CHECK LCD\CHECKING.ASM 459 : Found opcode in column 1. (BCF)
Warning[203] E:\TESTING\09.PIN CHECK LCD\CHECKING.ASM 460 : Found opcode in column 1. (GOTO)
Warning[203] E:\TESTING\09.PIN CHECK LCD\CHECKING.ASM 468 : Found opcode in column 1. (BSF)
Warning[203] E:\TESTING\09.PIN CHECK LCD\CHECKING.ASM 469 : Found opcode in column 1. (BCF)
Warning[203] E:\TESTING\09.PIN CHECK LCD\CHECKING.ASM 470 : Found opcode in column 1. (CALL)
Warning[203] E:\TESTING\09.PIN CHECK LCD\CHECKING.ASM 471 : Found opcode in column 1. (MOVLW)
Warning[203] E:\TESTING\09.PIN CHECK LCD\CHECKING.ASM 472 : Found opcode in column 1. (MOVWF)
Warning[203] E:\TESTING\09.PIN CHECK LCD\CHECKING.ASM 473 : Found opcode in column 1. (CALL)
Warning[203] E:\TESTING\09.PIN CHECK LCD\CHECKING.ASM 474 : Found opcode in column 1. (BCF)
Warning[203] E:\TESTING\09.PIN CHECK LCD\CHECKING.ASM 475 : Found opcode in column 1. (CALL)
Warning[203] E:\TESTING\09.PIN CHECK LCD\CHECKING.ASM 476 : Found opcode in column 1. (BSF)
Warning[203] E:\TESTING\09.PIN CHECK LCD\CHECKING.ASM 477 : Found opcode in column 1. (BSF)
Warning[203] E:\TESTING\09.PIN CHECK LCD\CHECKING.ASM 478 : Found opcode in column 1. (CALL)
Warning[203] E:\TESTING\09.PIN CHECK LCD\CHECKING.ASM 480 : Found opcode in column 1. (MOVLW)
Warning[203] E:\TESTING\09.PIN CHECK LCD\CHECKING.ASM 481 : Found opcode in column 1. (MOVWF)
Warning[203] E:\TESTING\09.PIN CHECK LCD\CHECKING.ASM 482 : Found opcode in column 1. (CALL)
Warning[203] E:\TESTING\09.PIN CHECK LCD\CHECKING.ASM 483 : Found opcode in column 1. (BCF)
Warning[203] E:\TESTING\09.PIN CHECK LCD\CHECKING.ASM 484 : Found opcode in column 1. (CALL)
Warning[203] E:\TESTING\09.PIN CHECK LCD\CHECKING.ASM 485 : Found opcode in column 1. (BSF)
Warning[203] E:\TESTING\09.PIN CHECK LCD\CHECKING.ASM 486 : Found opcode in column 1. (CALL)
Warning[203] E:\TESTING\09.PIN CHECK LCD\CHECKING.ASM 488 : Found opcode in column 1. (MOVLW)
Warning[203] E:\TESTING\09.PIN CHECK LCD\CHECKING.ASM 489 : Found opcode in column 1. (MOVWF)
Warning[203] E:\TESTING\09.PIN CHECK LCD\CHECKING.ASM 490 : Found opcode in column 1. (CALL)
Warning[203] E:\TESTING\09.PIN CHECK LCD\CHECKING.ASM 491 : Found opcode in column 1. (BCF)
Warning[203] E:\TESTING\09.PIN CHECK LCD\CHECKING.ASM 492 : Found opcode in column 1. (CALL)
Warning[203] E:\TESTING\09.PIN CHECK LCD\CHECKING.ASM 493 : Found opcode in column 1. (BSF)
Warning[203] E:\TESTING\09.PIN CHECK LCD\CHECKING.ASM 494 : Found opcode in column 1. (CALL)
Warning[203] E:\TESTING\09.PIN CHECK LCD\CHECKING.ASM 496 : Found opcode in column 1. (MOVLW)
Warning[203] E:\TESTING\09.PIN CHECK LCD\CHECKING.ASM 497 : Found opcode in column 1. (MOVWF)
Warning[203] E:\TESTING\09.PIN CHECK LCD\CHECKING.ASM 498 : Found opcode in column 1. (CALL)
Warning[203] E:\TESTING\09.PIN CHECK LCD\CHECKING.ASM 499 : Found opcode in column 1. (BCF)
Warning[203] E:\TESTING\09.PIN CHECK LCD\CHECKING.ASM 500 : Found opcode in column 1. (CALL)
Warning[203] E:\TESTING\09.PIN CHECK LCD\CHECKING.ASM 501 : Found opcode in column 1. (BSF)
Warning[203] E:\TESTING\09.PIN CHECK LCD\CHECKING.ASM 502 : Found opcode in column 1. (CALL)
Warning[203] E:\TESTING\09.PIN CHECK LCD\CHECKING.ASM 504 : Found opcode in column 1. (MOVLW)
Warning[203] E:\TESTING\09.PIN CHECK LCD\CHECKING.ASM 505 : Found opcode in column 1. (MOVWF)
Warning[203] E:\TESTING\09.PIN CHECK LCD\CHECKING.ASM 506 : Found opcode in column 1. (CALL)
Warning[203] E:\TESTING\09.PIN CHECK LCD\CHECKING.ASM 507 : Found opcode in column 1. (BCF)
Warning[203] E:\TESTING\09.PIN CHECK LCD\CHECKING.ASM 508 : Found opcode in column 1. (CALL)
Warning[203] E:\TESTING\09.PIN CHECK LCD\CHECKING.ASM 509 : Found opcode in column 1. (BSF)
Warning[203] E:\TESTING\09.PIN CHECK LCD\CHECKING.ASM 510 : Found opcode in column 1. (CALL)
Warning[203] E:\TESTING\09.PIN CHECK LCD\CHECKING.ASM 512 : Found opcode in column 1. (MOVLW)
Warning[203] E:\TESTING\09.PIN CHECK LCD\CHECKING.ASM 513 : Found opcode in column 1. (MOVWF)
Warning[203] E:\TESTING\09.PIN CHECK LCD\CHECKING.ASM 514 : Found opcode in column 1. (CALL)
Warning[203] E:\TESTING\09.PIN CHECK LCD\CHECKING.ASM 515 : Found opcode in column 1. (BCF)
Warning[203] E:\TESTING\09.PIN CHECK LCD\CHECKING.ASM 516 : Found opcode in column 1. (CALL)
Warning[203] E:\TESTING\09.PIN CHECK LCD\CHECKING.ASM 517 : Found opcode in column 1. (BSF)
Warning[203] E:\TESTING\09.PIN CHECK LCD\CHECKING.ASM 518 : Found opcode in column 1. (CALL)
Warning[203] E:\TESTING\09.PIN CHECK LCD\CHECKING.ASM 520 : Found opcode in column 1. (MOVLW)
Warning[203] E:\TESTING\09.PIN CHECK LCD\CHECKING.ASM 521 : Found opcode in column 1. (MOVWF)
Warning[203] E:\TESTING\09.PIN CHECK LCD\CHECKING.ASM 522 : Found opcode in column 1. (CALL)
Warning[203] E:\TESTING\09.PIN CHECK LCD\CHECKING.ASM 523 : Found opcode in column 1. (BCF)
Warning[203] E:\TESTING\09.PIN CHECK LCD\CHECKING.ASM 524 : Found opcode in column 1. (CALL)
Warning[203] E:\TESTING\09.PIN CHECK LCD\CHECKING.ASM 525 : Found opcode in column 1. (BSF)
Warning[203] E:\TESTING\09.PIN CHECK LCD\CHECKING.ASM 526 : Found opcode in column 1. (BSF)
Warning[203] E:\TESTING\09.PIN CHECK LCD\CHECKING.ASM 527 : Found opcode in column 1. (CALL)
Warning[203] E:\TESTING\09.PIN CHECK LCD\CHECKING.ASM 529 : Found opcode in column 1. (MOVLW)
Warning[203] E:\TESTING\09.PIN CHECK LCD\CHECKING.ASM 530 : Found opcode in column 1. (MOVWF)
Warning[203] E:\TESTING\09.PIN CHECK LCD\CHECKING.ASM 531 : Found opcode in column 1. (CALL)
Warning[203] E:\TESTING\09.PIN CHECK LCD\CHECKING.ASM 532 : Found opcode in column 1. (BCF)
Warning[203] E:\TESTING\09.PIN CHECK LCD\CHECKING.ASM 533 : Found opcode in column 1. (CALL)
Warning[203] E:\TESTING\09.PIN CHECK LCD\CHECKING.ASM 534 : Found opcode in column 1. (BSF)
Warning[203] E:\TESTING\09.PIN CHECK LCD\CHECKING.ASM 535 : Found opcode in column 1. (BSF)
Warning[203] E:\TESTING\09.PIN CHECK LCD\CHECKING.ASM 536 : Found opcode in column 1. (CALL)
Warning[203] E:\TESTING\09.PIN CHECK LCD\CHECKING.ASM 538 : Found opcode in column 1. (MOVLW)
Warning[203] E:\TESTING\09.PIN CHECK LCD\CHECKING.ASM 539 : Found opcode in column 1. (MOVWF)
Warning[203] E:\TESTING\09.PIN CHECK LCD\CHECKING.ASM 540 : Found opcode in column 1. (CALL)
Warning[203] E:\TESTING\09.PIN CHECK LCD\CHECKING.ASM 541 : Found opcode in column 1. (BCF)
Warning[203] E:\TESTING\09.PIN CHECK LCD\CHECKING.ASM 542 : Found opcode in column 1. (CALL)
Warning[203] E:\TESTING\09.PIN CHECK LCD\CHECKING.ASM 543 : Found opcode in column 1. (BSF)
Warning[203] E:\TESTING\09.PIN CHECK LCD\CHECKING.ASM 544 : Found opcode in column 1. (CALL)
Warning[203] E:\TESTING\09.PIN CHECK LCD\CHECKING.ASM 546 : Found opcode in column 1. (MOVLW)
Warning[203] E:\TESTING\09.PIN CHECK LCD\CHECKING.ASM 547 : Found opcode in column 1. (MOVWF)
Warning[203] E:\TESTING\09.PIN CHECK LCD\CHECKING.ASM 548 : Found opcode in column 1. (CALL)
Warning[203] E:\TESTING\09.PIN CHECK LCD\CHECKING.ASM 549 : Found opcode in column 1. (BCF)
Warning[203] E:\TESTING\09.PIN CHECK LCD\CHECKING.ASM 550 : Found opcode in column 1. (CALL)
Warning[203] E:\TESTING\09.PIN CHECK LCD\CHECKING.ASM 551 : Found opcode in column 1. (BSF)
Warning[203] E:\TESTING\09.PIN CHECK LCD\CHECKING.ASM 552 : Found opcode in column 1. (CALL)
Warning[203] E:\TESTING\09.PIN CHECK LCD\CHECKING.ASM 554 : Found opcode in column 1. (MOVLW)
Warning[203] E:\TESTING\09.PIN CHECK LCD\CHECKING.ASM 555 : Found opcode in column 1. (MOVWF)
Warning[203] E:\TESTING\09.PIN CHECK LCD\CHECKING.ASM 556 : Found opcode in column 1. (CALL)
Warning[203] E:\TESTING\09.PIN CHECK LCD\CHECKING.ASM 557 : Found opcode in column 1. (BCF)
Warning[203] E:\TESTING\09.PIN CHECK LCD\CHECKING.ASM 558 : Found opcode in column 1. (CALL)
Warning[203] E:\TESTING\09.PIN CHECK LCD\CHECKING.ASM 559 : Found opcode in column 1. (BSF)
Warning[203] E:\TESTING\09.PIN CHECK LCD\CHECKING.ASM 560 : Found opcode in column 1. (CALL)
Warning[203] E:\TESTING\09.PIN CHECK LCD\CHECKING.ASM 562 : Found opcode in column 1. (MOVLW)
Warning[203] E:\TESTING\09.PIN CHECK LCD\CHECKING.ASM 563 : Found opcode in column 1. (MOVWF)
Warning[203] E:\TESTING\09.PIN CHECK LCD\CHECKING.ASM 564 : Found opcode in column 1. (CALL)
Warning[203] E:\TESTING\09.PIN CHECK LCD\CHECKING.ASM 565 : Found opcode in column 1. (BCF)
Warning[203] E:\TESTING\09.PIN CHECK LCD\CHECKING.ASM 566 : Found opcode in column 1. (CALL)
Warning[203] E:\TESTING\09.PIN CHECK LCD\CHECKING.ASM 567 : Found opcode in column 1. (BSF)
Warning[203] E:\TESTING\09.PIN CHECK LCD\CHECKING.ASM 568 : Found opcode in column 1. (CALL)
Warning[203] E:\TESTING\09.PIN CHECK LCD\CHECKING.ASM 570 : Found opcode in column 1. (MOVLW)
Warning[203] E:\TESTING\09.PIN CHECK LCD\CHECKING.ASM 571 : Found opcode in column 1. (MOVWF)
Warning[203] E:\TESTING\09.PIN CHECK LCD\CHECKING.ASM 572 : Found opcode in column 1. (CALL)
Warning[203] E:\TESTING\09.PIN CHECK LCD\CHECKING.ASM 573 : Found opcode in column 1. (BCF)
Warning[203] E:\TESTING\09.PIN CHECK LCD\CHECKING.ASM 576 : Found opcode in column 1. (GOTO)
Warning[203] E:\TESTING\09.PIN CHECK LCD\CHECKING.ASM 582 : Found opcode in column 1. (BSF)
Warning[203] E:\TESTING\09.PIN CHECK LCD\CHECKING.ASM 583 : Found opcode in column 1. (BCF)
Warning[203] E:\TESTING\09.PIN CHECK LCD\CHECKING.ASM 584 : Found opcode in column 1. (CALL)
Warning[203] E:\TESTING\09.PIN CHECK LCD\CHECKING.ASM 585 : Found opcode in column 1. (MOVLW)
Warning[203] E:\TESTING\09.PIN CHECK LCD\CHECKING.ASM 586 : Found opcode in column 1. (MOVWF)
Warning[203] E:\TESTING\09.PIN CHECK LCD\CHECKING.ASM 587 : Found opcode in column 1. (CALL)
Warning[203] E:\TESTING\09.PIN CHECK LCD\CHECKING.ASM 588 : Found opcode in column 1. (BCF)
Warning[203] E:\TESTING\09.PIN CHECK LCD\CHECKING.ASM 589 : Found opcode in column 1. (CALL)
Warning[203] E:\TESTING\09.PIN CHECK LCD\CHECKING.ASM 590 : Found opcode in column 1. (BSF)
Warning[203] E:\TESTING\09.PIN CHECK LCD\CHECKING.ASM 591 : Found opcode in column 1. (BSF)
Warning[203] E:\TESTING\09.PIN CHECK LCD\CHECKING.ASM 592 : Found opcode in column 1. (CALL)
Warning[203] E:\TESTING\09.PIN CHECK LCD\CHECKING.ASM 594 : Found opcode in column 1. (MOVLW)
Warning[203] E:\TESTING\09.PIN CHECK LCD\CHECKING.ASM 595 : Found opcode in column 1. (MOVWF)
Warning[203] E:\TESTING\09.PIN CHECK LCD\CHECKING.ASM 596 : Found opcode in column 1. (CALL)
Warning[203] E:\TESTING\09.PIN CHECK LCD\CHECKING.ASM 597 : Found opcode in column 1. (BCF)
Warning[203] E:\TESTING\09.PIN CHECK LCD\CHECKING.ASM 598 : Found opcode in column 1. (CALL)
Warning[203] E:\TESTING\09.PIN CHECK LCD\CHECKING.ASM 599 : Found opcode in column 1. (BSF)
Warning[203] E:\TESTING\09.PIN CHECK LCD\CHECKING.ASM 600 : Found opcode in column 1. (CALL)
Warning[203] E:\TESTING\09.PIN CHECK LCD\CHECKING.ASM 602 : Found opcode in column 1. (MOVLW)
Warning[203] E:\TESTING\09.PIN CHECK LCD\CHECKING.ASM 603 : Found opcode in column 1. (MOVWF)
Warning[203] E:\TESTING\09.PIN CHECK LCD\CHECKING.ASM 604 : Found opcode in column 1. (CALL)
Warning[203] E:\TESTING\09.PIN CHECK LCD\CHECKING.ASM 605 : Found opcode in column 1. (BCF)
Warning[203] E:\TESTING\09.PIN CHECK LCD\CHECKING.ASM 606 : Found opcode in column 1. (CALL)
Warning[203] E:\TESTING\09.PIN CHECK LCD\CHECKING.ASM 607 : Found opcode in column 1. (BSF)
Warning[203] E:\TESTING\09.PIN CHECK LCD\CHECKING.ASM 608 : Found opcode in column 1. (CALL)
Warning[203] E:\TESTING\09.PIN CHECK LCD\CHECKING.ASM 610 : Found opcode in column 1. (MOVLW)
Warning[203] E:\TESTING\09.PIN CHECK LCD\CHECKING.ASM 611 : Found opcode in column 1. (MOVWF)
Warning[203] E:\TESTING\09.PIN CHECK LCD\CHECKING.ASM 612 : Found opcode in column 1. (CALL)
Warning[203] E:\TESTING\09.PIN CHECK LCD\CHECKING.ASM 613 : Found opcode in column 1. (BCF)
Warning[203] E:\TESTING\09.PIN CHECK LCD\CHECKING.ASM 614 : Found opcode in column 1. (CALL)
Warning[203] E:\TESTING\09.PIN CHECK LCD\CHECKING.ASM 615 : Found opcode in column 1. (BSF)
Warning[203] E:\TESTING\09.PIN CHECK LCD\CHECKING.ASM 616 : Found opcode in column 1. (CALL)
Warning[203] E:\TESTING\09.PIN CHECK LCD\CHECKING.ASM 618 : Found opcode in column 1. (MOVLW)
Warning[203] E:\TESTING\09.PIN CHECK LCD\CHECKING.ASM 619 : Found opcode in column 1. (MOVWF)
Warning[203] E:\TESTING\09.PIN CHECK LCD\CHECKING.ASM 620 : Found opcode in column 1. (CALL)
Warning[203] E:\TESTING\09.PIN CHECK LCD\CHECKING.ASM 621 : Found opcode in column 1. (BCF)
Warning[203] E:\TESTING\09.PIN CHECK LCD\CHECKING.ASM 622 : Found opcode in column 1. (CALL)
Warning[203] E:\TESTING\09.PIN CHECK LCD\CHECKING.ASM 623 : Found opcode in column 1. (BSF)
Warning[203] E:\TESTING\09.PIN CHECK LCD\CHECKING.ASM 624 : Found opcode in column 1. (CALL)
Warning[203] E:\TESTING\09.PIN CHECK LCD\CHECKING.ASM 626 : Found opcode in column 1. (MOVLW)
Warning[203] E:\TESTING\09.PIN CHECK LCD\CHECKING.ASM 627 : Found opcode in column 1. (MOVWF)
Warning[203] E:\TESTING\09.PIN CHECK LCD\CHECKING.ASM 628 : Found opcode in column 1. (CALL)
Warning[203] E:\TESTING\09.PIN CHECK LCD\CHECKING.ASM 629 : Found opcode in column 1. (BCF)
Warning[203] E:\TESTING\09.PIN CHECK LCD\CHECKING.ASM 630 : Found opcode in column 1. (CALL)
Warning[203] E:\TESTING\09.PIN CHECK LCD\CHECKING.ASM 631 : Found opcode in column 1. (BSF)
Warning[203] E:\TESTING\09.PIN CHECK LCD\CHECKING.ASM 632 : Found opcode in column 1. (CALL)
Warning[203] E:\TESTING\09.PIN CHECK LCD\CHECKING.ASM 634 : Found opcode in column 1. (MOVLW)
Warning[203] E:\TESTING\09.PIN CHECK LCD\CHECKING.ASM 635 : Found opcode in column 1. (MOVWF)
Warning[203] E:\TESTING\09.PIN CHECK LCD\CHECKING.ASM 636 : Found opcode in column 1. (CALL)
Warning[203] E:\TESTING\09.PIN CHECK LCD\CHECKING.ASM 637 : Found opcode in column 1. (BCF)
Warning[203] E:\TESTING\09.PIN CHECK LCD\CHECKING.ASM 638 : Found opcode in column 1. (CALL)
Warning[203] E:\TESTING\09.PIN CHECK LCD\CHECKING.ASM 639 : Found opcode in column 1. (BSF)
Warning[203] E:\TESTING\09.PIN CHECK LCD\CHECKING.ASM 640 : Found opcode in column 1. (CALL)
Warning[203] E:\TESTING\09.PIN CHECK LCD\CHECKING.ASM 642 : Found opcode in column 1. (MOVLW)
Warning[203] E:\TESTING\09.PIN CHECK LCD\CHECKING.ASM 643 : Found opcode in column 1. (MOVWF)
Warning[203] E:\TESTING\09.PIN CHECK LCD\CHECKING.ASM 644 : Found opcode in column 1. (CALL)
Warning[203] E:\TESTING\09.PIN CHECK LCD\CHECKING.ASM 645 : Found opcode in column 1. (BCF)
Warning[203] E:\TESTING\09.PIN CHECK LCD\CHECKING.ASM 646 : Found opcode in column 1. (CALL)
Warning[203] E:\TESTING\09.PIN CHECK LCD\CHECKING.ASM 647 : Found opcode in column 1. (BSF)
Warning[203] E:\TESTING\09.PIN CHECK LCD\CHECKING.ASM 648 : Found opcode in column 1. (CALL)
Warning[203] E:\TESTING\09.PIN CHECK LCD\CHECKING.ASM 650 : Found opcode in column 1. (MOVLW)
Warning[203] E:\TESTING\09.PIN CHECK LCD\CHECKING.ASM 651 : Found opcode in column 1. (MOVWF)
Warning[203] E:\TESTING\09.PIN CHECK LCD\CHECKING.ASM 652 : Found opcode in column 1. (CALL)
Warning[203] E:\TESTING\09.PIN CHECK LCD\CHECKING.ASM 653 : Found opcode in column 1. (BCF)
Warning[203] E:\TESTING\09.PIN CHECK LCD\CHECKING.ASM 654 : Found opcode in column 1. (CALL)
Warning[203] E:\TESTING\09.PIN CHECK LCD\CHECKING.ASM 655 : Found opcode in column 1. (BSF)
Warning[203] E:\TESTING\09.PIN CHECK LCD\CHECKING.ASM 656 : Found opcode in column 1. (CALL)
Warning[203] E:\TESTING\09.PIN CHECK LCD\CHECKING.ASM 658 : Found opcode in column 1. (MOVLW)
Warning[203] E:\TESTING\09.PIN CHECK LCD\CHECKING.ASM 659 : Found opcode in column 1. (MOVWF)
Warning[203] E:\TESTING\09.PIN CHECK LCD\CHECKING.ASM 660 : Found opcode in column 1. (CALL)
Warning[203] E:\TESTING\09.PIN CHECK LCD\CHECKING.ASM 661 : Found opcode in column 1. (BCF)
Warning[203] E:\TESTING\09.PIN CHECK LCD\CHECKING.ASM 662 : Found opcode in column 1. (CALL)
Warning[203] E:\TESTING\09.PIN CHECK LCD\CHECKING.ASM 663 : Found opcode in column 1. (BSF)
Warning[203] E:\TESTING\09.PIN CHECK LCD\CHECKING.ASM 664 : Found opcode in column 1. (CALL)
Warning[203] E:\TESTING\09.PIN CHECK LCD\CHECKING.ASM 666 : Found opcode in column 1. (MOVLW)
Warning[203] E:\TESTING\09.PIN CHECK LCD\CHECKING.ASM 667 : Found opcode in column 1. (MOVWF)
Warning[203] E:\TESTING\09.PIN CHECK LCD\CHECKING.ASM 668 : Found opcode in column 1. (CALL)
Warning[203] E:\TESTING\09.PIN CHECK LCD\CHECKING.ASM 669 : Found opcode in column 1. (BCF)
Warning[203] E:\TESTING\09.PIN CHECK LCD\CHECKING.ASM 672 : Found opcode in column 1. (GOTO)
Warning[203] E:\TESTING\09.PIN CHECK LCD\CHECKING.ASM 677 : Found opcode in column 1. (MOVLW)
Warning[203] E:\TESTING\09.PIN CHECK LCD\CHECKING.ASM 678 : Found opcode in column 1. (MOVWF)
Warning[203] E:\TESTING\09.PIN CHECK LCD\CHECKING.ASM 680 : Found opcode in column 1. (MOVLW)
Warning[203] E:\TESTING\09.PIN CHECK LCD\CHECKING.ASM 681 : Found opcode in column 1. (MOVWF)
Warning[203] E:\TESTING\09.PIN CHECK LCD\CHECKING.ASM 683 : Found opcode in column 1. (DECFSZ)
Warning[203] E:\TESTING\09.PIN CHECK LCD\CHECKING.ASM 684 : Found opcode in column 1. (GOTO)
Warning[203] E:\TESTING\09.PIN CHECK LCD\CHECKING.ASM 685 : Found opcode in column 1. (DECFSZ)
Warning[203] E:\TESTING\09.PIN CHECK LCD\CHECKING.ASM 686 : Found opcode in column 1. (GOTO)
Warning[203] E:\TESTING\09.PIN CHECK LCD\CHECKING.ASM 687 : Found opcode in column 1. (RETURN)
Warning[203] E:\TESTING\09.PIN CHECK LCD\CHECKING.ASM 690 : Found opcode in column 1. (MOVLW)
Warning[203] E:\TESTING\09.PIN CHECK LCD\CHECKING.ASM 691 : Found opcode in column 1. (MOVWF)
Warning[203] E:\TESTING\09.PIN CHECK LCD\CHECKING.ASM 693 : Found opcode in column 1. (MOVLW)
Warning[203] E:\TESTING\09.PIN CHECK LCD\CHECKING.ASM 694 : Found opcode in column 1. (MOVWF)
Warning[203] E:\TESTING\09.PIN CHECK LCD\CHECKING.ASM 696 : Found opcode in column 1. (DECFSZ)
Warning[203] E:\TESTING\09.PIN CHECK LCD\CHECKING.ASM 697 : Found opcode in column 1. (GOTO)
Warning[203] E:\TESTING\09.PIN CHECK LCD\CHECKING.ASM 698 : Found opcode in column 1. (DECFSZ)
Warning[203] E:\TESTING\09.PIN CHECK LCD\CHECKING.ASM 699 : Found opcode in column 1. (GOTO)
Warning[203] E:\TESTING\09.PIN CHECK LCD\CHECKING.ASM 700 : Found opcode in column 1. (RETURN)
Warning[205] E:\TESTING\09.PIN CHECK LCD\CHECKING.ASM 704 : Found directive in column 1. (END)
