Warning[205] E:\TESTING\15.KEYPAD_LCD SLEEP\CHECKING.ASM 2 : Found directive in column 1. (LIST)
Warning[205] E:\TESTING\15.KEYPAD_LCD SLEEP\CHECKING.ASM 3 : Found directive in column 1. (ORG)
Warning[203] E:\TESTING\15.KEYPAD_LCD SLEEP\CHECKING.ASM 9 : Found opcode in column 1. (MOVLW)
Warning[203] E:\TESTING\15.KEYPAD_LCD SLEEP\CHECKING.ASM 10 : Found opcode in column 1. (MOVWF)
Warning[203] E:\TESTING\15.KEYPAD_LCD SLEEP\CHECKING.ASM 11 : Found opcode in column 1. (BSF)
Warning[203] E:\TESTING\15.KEYPAD_LCD SLEEP\CHECKING.ASM 12 : Found opcode in column 1. (MOVLW)
Warning[203] E:\TESTING\15.KEYPAD_LCD SLEEP\CHECKING.ASM 13 : Found opcode in column 1. (MOVWF)
Message[302] E:\TESTING\15.KEYPAD_LCD SLEEP\CHECKING.ASM 13 : Register in operand not in bank 0.  Ensure that bank bits are correct.
Warning[203] E:\TESTING\15.KEYPAD_LCD SLEEP\CHECKING.ASM 14 : Found opcode in column 1. (MOVLW)
Warning[203] E:\TESTING\15.KEYPAD_LCD SLEEP\CHECKING.ASM 15 : Found opcode in column 1. (MOVWF)
Message[302] E:\TESTING\15.KEYPAD_LCD SLEEP\CHECKING.ASM 15 : Register in operand not in bank 0.  Ensure that bank bits are correct.
Warning[203] E:\TESTING\15.KEYPAD_LCD SLEEP\CHECKING.ASM 16 : Found opcode in column 1. (BCF)
Warning[203] E:\TESTING\15.KEYPAD_LCD SLEEP\CHECKING.ASM 17 : Found opcode in column 1. (BSF)
Warning[203] E:\TESTING\15.KEYPAD_LCD SLEEP\CHECKING.ASM 19 : Found opcode in column 1. (BSF)
Warning[203] E:\TESTING\15.KEYPAD_LCD SLEEP\CHECKING.ASM 20 : Found opcode in column 1. (MOVLW)
Warning[203] E:\TESTING\15.KEYPAD_LCD SLEEP\CHECKING.ASM 21 : Found opcode in column 1. (MOVWF)
Message[302] E:\TESTING\15.KEYPAD_LCD SLEEP\CHECKING.ASM 21 : Register in operand not in bank 0.  Ensure that bank bits are correct.
Warning[203] E:\TESTING\15.KEYPAD_LCD SLEEP\CHECKING.ASM 22 : Found opcode in column 1. (BCF)
Message[302] E:\TESTING\15.KEYPAD_LCD SLEEP\CHECKING.ASM 22 : Register in operand not in bank 0.  Ensure that bank bits are correct.
Warning[203] E:\TESTING\15.KEYPAD_LCD SLEEP\CHECKING.ASM 23 : Found opcode in column 1. (BCF)
Message[302] E:\TESTING\15.KEYPAD_LCD SLEEP\CHECKING.ASM 23 : Register in operand not in bank 0.  Ensure that bank bits are correct.
Warning[203] E:\TESTING\15.KEYPAD_LCD SLEEP\CHECKING.ASM 24 : Found opcode in column 1. (BCF)
Message[302] E:\TESTING\15.KEYPAD_LCD SLEEP\CHECKING.ASM 24 : Register in operand not in bank 0.  Ensure that bank bits are correct.
Warning[203] E:\TESTING\15.KEYPAD_LCD SLEEP\CHECKING.ASM 25 : Found opcode in column 1. (MOVLW)
Warning[203] E:\TESTING\15.KEYPAD_LCD SLEEP\CHECKING.ASM 26 : Found opcode in column 1. (MOVWF)
Message[302] E:\TESTING\15.KEYPAD_LCD SLEEP\CHECKING.ASM 26 : Register in operand not in bank 0.  Ensure that bank bits are correct.
Warning[203] E:\TESTING\15.KEYPAD_LCD SLEEP\CHECKING.ASM 27 : Found opcode in column 1. (MOVWF)
Message[302] E:\TESTING\15.KEYPAD_LCD SLEEP\CHECKING.ASM 27 : Register in operand not in bank 0.  Ensure that bank bits are correct.
Warning[203] E:\TESTING\15.KEYPAD_LCD SLEEP\CHECKING.ASM 28 : Found opcode in column 1. (MOVWF)
Message[302] E:\TESTING\15.KEYPAD_LCD SLEEP\CHECKING.ASM 28 : Register in operand not in bank 0.  Ensure that bank bits are correct.
Warning[203] E:\TESTING\15.KEYPAD_LCD SLEEP\CHECKING.ASM 29 : Found opcode in column 1. (MOVLW)
Warning[203] E:\TESTING\15.KEYPAD_LCD SLEEP\CHECKING.ASM 30 : Found opcode in column 1. (MOVWF)
Message[302] E:\TESTING\15.KEYPAD_LCD SLEEP\CHECKING.ASM 30 : Register in operand not in bank 0.  Ensure that bank bits are correct.
Warning[203] E:\TESTING\15.KEYPAD_LCD SLEEP\CHECKING.ASM 31 : Found opcode in column 1. (BCF)
Message[302] E:\TESTING\15.KEYPAD_LCD SLEEP\CHECKING.ASM 31 : Register in operand not in bank 0.  Ensure that bank bits are correct.
Warning[203] E:\TESTING\15.KEYPAD_LCD SLEEP\CHECKING.ASM 32 : Found opcode in column 1. (BCF)
Warning[203] E:\TESTING\15.KEYPAD_LCD SLEEP\CHECKING.ASM 33 : Found opcode in column 1. (MOVLW)
Warning[203] E:\TESTING\15.KEYPAD_LCD SLEEP\CHECKING.ASM 34 : Found opcode in column 1. (MOVWF)
Warning[203] E:\TESTING\15.KEYPAD_LCD SLEEP\CHECKING.ASM 35 : Found opcode in column 1. (MOVWF)
Warning[203] E:\TESTING\15.KEYPAD_LCD SLEEP\CHECKING.ASM 36 : Found opcode in column 1. (BSF)
Warning[203] E:\TESTING\15.KEYPAD_LCD SLEEP\CHECKING.ASM 37 : Found opcode in column 1. (BCF)
Warning[203] E:\TESTING\15.KEYPAD_LCD SLEEP\CHECKING.ASM 38 : Found opcode in column 1. (BSF)
Warning[203] E:\TESTING\15.KEYPAD_LCD SLEEP\CHECKING.ASM 39 : Found opcode in column 1. (CALL)
Warning[203] E:\TESTING\15.KEYPAD_LCD SLEEP\CHECKING.ASM 40 : Found opcode in column 1. (BCF)
Warning[203] E:\TESTING\15.KEYPAD_LCD SLEEP\CHECKING.ASM 41 : Found opcode in column 1. (CALL)
Warning[203] E:\TESTING\15.KEYPAD_LCD SLEEP\CHECKING.ASM 42 : Found opcode in column 1. (MOVLW)
Warning[203] E:\TESTING\15.KEYPAD_LCD SLEEP\CHECKING.ASM 43 : Found opcode in column 1. (MOVWF)
Warning[203] E:\TESTING\15.KEYPAD_LCD SLEEP\CHECKING.ASM 44 : Found opcode in column 1. (CALL)
Warning[203] E:\TESTING\15.KEYPAD_LCD SLEEP\CHECKING.ASM 45 : Found opcode in column 1. (BCF)
Warning[203] E:\TESTING\15.KEYPAD_LCD SLEEP\CHECKING.ASM 46 : Found opcode in column 1. (CALL)
Warning[203] E:\TESTING\15.KEYPAD_LCD SLEEP\CHECKING.ASM 47 : Found opcode in column 1. (BSF)
Warning[203] E:\TESTING\15.KEYPAD_LCD SLEEP\CHECKING.ASM 48 : Found opcode in column 1. (CALL)
Warning[203] E:\TESTING\15.KEYPAD_LCD SLEEP\CHECKING.ASM 49 : Found opcode in column 1. (MOVLW)
Warning[203] E:\TESTING\15.KEYPAD_LCD SLEEP\CHECKING.ASM 50 : Found opcode in column 1. (MOVWF)
Warning[203] E:\TESTING\15.KEYPAD_LCD SLEEP\CHECKING.ASM 51 : Found opcode in column 1. (CALL)
Warning[203] E:\TESTING\15.KEYPAD_LCD SLEEP\CHECKING.ASM 52 : Found opcode in column 1. (BCF)
Warning[203] E:\TESTING\15.KEYPAD_LCD SLEEP\CHECKING.ASM 53 : Found opcode in column 1. (CALL)
Warning[203] E:\TESTING\15.KEYPAD_LCD SLEEP\CHECKING.ASM 54 : Found opcode in column 1. (BSF)
Warning[203] E:\TESTING\15.KEYPAD_LCD SLEEP\CHECKING.ASM 56 : Found opcode in column 1. (GOTO)
Warning[203] E:\TESTING\15.KEYPAD_LCD SLEEP\CHECKING.ASM 60 : Found opcode in column 1. (MOVLW)
Warning[203] E:\TESTING\15.KEYPAD_LCD SLEEP\CHECKING.ASM 61 : Found opcode in column 1. (MOVWF)
Warning[203] E:\TESTING\15.KEYPAD_LCD SLEEP\CHECKING.ASM 62 : Found opcode in column 1. (MOVLW)
Warning[203] E:\TESTING\15.KEYPAD_LCD SLEEP\CHECKING.ASM 63 : Found opcode in column 1. (MOVWF)
Warning[203] E:\TESTING\15.KEYPAD_LCD SLEEP\CHECKING.ASM 76 : Found opcode in column 1. (MOVF)
Warning[203] E:\TESTING\15.KEYPAD_LCD SLEEP\CHECKING.ASM 77 : Found opcode in column 1. (MOVWF)
Warning[203] E:\TESTING\15.KEYPAD_LCD SLEEP\CHECKING.ASM 78 : Found opcode in column 1. (MOVLW)
Warning[203] E:\TESTING\15.KEYPAD_LCD SLEEP\CHECKING.ASM 79 : Found opcode in column 1. (SUBWF)
Warning[203] E:\TESTING\15.KEYPAD_LCD SLEEP\CHECKING.ASM 80 : Found opcode in column 1. (BTFSC)
Warning[203] E:\TESTING\15.KEYPAD_LCD SLEEP\CHECKING.ASM 81 : Found opcode in column 1. (GOTO)
Warning[203] E:\TESTING\15.KEYPAD_LCD SLEEP\CHECKING.ASM 83 : Found opcode in column 1. (MOVLW)
Warning[203] E:\TESTING\15.KEYPAD_LCD SLEEP\CHECKING.ASM 84 : Found opcode in column 1. (SUBWF)
Warning[203] E:\TESTING\15.KEYPAD_LCD SLEEP\CHECKING.ASM 85 : Found opcode in column 1. (BTFSC)
Warning[203] E:\TESTING\15.KEYPAD_LCD SLEEP\CHECKING.ASM 86 : Found opcode in column 1. (GOTO)
Warning[203] E:\TESTING\15.KEYPAD_LCD SLEEP\CHECKING.ASM 89 : Found opcode in column 1. (MOVF)
Warning[203] E:\TESTING\15.KEYPAD_LCD SLEEP\CHECKING.ASM 90 : Found opcode in column 1. (MOVLW)
Warning[203] E:\TESTING\15.KEYPAD_LCD SLEEP\CHECKING.ASM 91 : Found opcode in column 1. (MOVWF)
Warning[203] E:\TESTING\15.KEYPAD_LCD SLEEP\CHECKING.ASM 92 : Found opcode in column 1. (MOVWF)
Warning[203] E:\TESTING\15.KEYPAD_LCD SLEEP\CHECKING.ASM 94 : Found opcode in column 1. (MOVLW)
Warning[203] E:\TESTING\15.KEYPAD_LCD SLEEP\CHECKING.ASM 95 : Found opcode in column 1. (MOVWF)
Warning[203] E:\TESTING\15.KEYPAD_LCD SLEEP\CHECKING.ASM 97 : Found opcode in column 1. (CALL)
Warning[203] E:\TESTING\15.KEYPAD_LCD SLEEP\CHECKING.ASM 98 : Found opcode in column 1. (MOVF)
Warning[203] E:\TESTING\15.KEYPAD_LCD SLEEP\CHECKING.ASM 99 : Found opcode in column 1. (MOVWF)
Warning[203] E:\TESTING\15.KEYPAD_LCD SLEEP\CHECKING.ASM 100 : Found opcode in column 1. (SUBWF)
Warning[203] E:\TESTING\15.KEYPAD_LCD SLEEP\CHECKING.ASM 101 : Found opcode in column 1. (BTFSS)
Warning[203] E:\TESTING\15.KEYPAD_LCD SLEEP\CHECKING.ASM 102 : Found opcode in column 1. (GOTO)
Warning[203] E:\TESTING\15.KEYPAD_LCD SLEEP\CHECKING.ASM 103 : Found opcode in column 1. (INCF)
Warning[203] E:\TESTING\15.KEYPAD_LCD SLEEP\CHECKING.ASM 104 : Found opcode in column 1. (CALL)
Warning[203] E:\TESTING\15.KEYPAD_LCD SLEEP\CHECKING.ASM 105 : Found opcode in column 1. (BTFSS)
Warning[203] E:\TESTING\15.KEYPAD_LCD SLEEP\CHECKING.ASM 106 : Found opcode in column 1. (GOTO)
Warning[203] E:\TESTING\15.KEYPAD_LCD SLEEP\CHECKING.ASM 107 : Found opcode in column 1. (GOTO)
Warning[203] E:\TESTING\15.KEYPAD_LCD SLEEP\CHECKING.ASM 110 : Found opcode in column 1. (MOVF)
Warning[203] E:\TESTING\15.KEYPAD_LCD SLEEP\CHECKING.ASM 111 : Found opcode in column 1. (MOVWF)
Warning[203] E:\TESTING\15.KEYPAD_LCD SLEEP\CHECKING.ASM 112 : Found opcode in column 1. (GOTO)
Warning[203] E:\TESTING\15.KEYPAD_LCD SLEEP\CHECKING.ASM 123 : Found opcode in column 1. (CALL)
Warning[203] E:\TESTING\15.KEYPAD_LCD SLEEP\CHECKING.ASM 126 : Found opcode in column 1. (MOVLW)
Warning[203] E:\TESTING\15.KEYPAD_LCD SLEEP\CHECKING.ASM 127 : Found opcode in column 1. (MOVWF)
Warning[203] E:\TESTING\15.KEYPAD_LCD SLEEP\CHECKING.ASM 128 : Found opcode in column 1. (MOVLW)
Warning[203] E:\TESTING\15.KEYPAD_LCD SLEEP\CHECKING.ASM 129 : Found opcode in column 1. (MOVWF)
Warning[207] E:\TESTING\15.KEYPAD_LCD SLEEP\CHECKING.ASM 130 : Found label after column 1. (SUB_LOOP)
Warning[203] E:\TESTING\15.KEYPAD_LCD SLEEP\CHECKING.ASM 155 : Found opcode in column 1. (MOVWF)
Warning[203] E:\TESTING\15.KEYPAD_LCD SLEEP\CHECKING.ASM 156 : Found opcode in column 1. (RETURN)
Warning[203] E:\TESTING\15.KEYPAD_LCD SLEEP\CHECKING.ASM 159 : Found opcode in column 1. (MOVF)
Warning[203] E:\TESTING\15.KEYPAD_LCD SLEEP\CHECKING.ASM 160 : Found opcode in column 1. (MOVWF)
Warning[203] E:\TESTING\15.KEYPAD_LCD SLEEP\CHECKING.ASM 161 : Found opcode in column 1. (INCF)
Warning[203] E:\TESTING\15.KEYPAD_LCD SLEEP\CHECKING.ASM 162 : Found opcode in column 1. (BTFSC)
Warning[203] E:\TESTING\15.KEYPAD_LCD SLEEP\CHECKING.ASM 163 : Found opcode in column 1. (GOTO)
Warning[203] E:\TESTING\15.KEYPAD_LCD SLEEP\CHECKING.ASM 164 : Found opcode in column 1. (GOTO)
Warning[203] E:\TESTING\15.KEYPAD_LCD SLEEP\CHECKING.ASM 168 : Found opcode in column 1. (MOVF)
Warning[203] E:\TESTING\15.KEYPAD_LCD SLEEP\CHECKING.ASM 169 : Found opcode in column 1. (SUBLW)
Warning[203] E:\TESTING\15.KEYPAD_LCD SLEEP\CHECKING.ASM 170 : Found opcode in column 1. (MOVWF)
Warning[203] E:\TESTING\15.KEYPAD_LCD SLEEP\CHECKING.ASM 171 : Found opcode in column 1. (MOVF)
Warning[203] E:\TESTING\15.KEYPAD_LCD SLEEP\CHECKING.ASM 172 : Found opcode in column 1. (BTFSC)
Warning[203] E:\TESTING\15.KEYPAD_LCD SLEEP\CHECKING.ASM 173 : Found opcode in column 1. (GOTO)
Warning[203] E:\TESTING\15.KEYPAD_LCD SLEEP\CHECKING.ASM 174 : Found opcode in column 1. (MOVF)
Warning[203] E:\TESTING\15.KEYPAD_LCD SLEEP\CHECKING.ASM 175 : Found opcode in column 1. (SUBLW)
Warning[203] E:\TESTING\15.KEYPAD_LCD SLEEP\CHECKING.ASM 176 : Found opcode in column 1. (MOVWF)
Warning[203] E:\TESTING\15.KEYPAD_LCD SLEEP\CHECKING.ASM 177 : Found opcode in column 1. (MOVF)
Warning[203] E:\TESTING\15.KEYPAD_LCD SLEEP\CHECKING.ASM 178 : Found opcode in column 1. (BTFSC)
Warning[203] E:\TESTING\15.KEYPAD_LCD SLEEP\CHECKING.ASM 179 : Found opcode in column 1. (GOTO)
Warning[203] E:\TESTING\15.KEYPAD_LCD SLEEP\CHECKING.ASM 180 : Found opcode in column 1. (MOVF)
Warning[203] E:\TESTING\15.KEYPAD_LCD SLEEP\CHECKING.ASM 182 : Found opcode in column 1. (GOTO)
Warning[203] E:\TESTING\15.KEYPAD_LCD SLEEP\CHECKING.ASM 185 : Found opcode in column 1. (MOVF)
Warning[203] E:\TESTING\15.KEYPAD_LCD SLEEP\CHECKING.ASM 186 : Found opcode in column 1. (BTFSC)
Warning[203] E:\TESTING\15.KEYPAD_LCD SLEEP\CHECKING.ASM 187 : Found opcode in column 1. (GOTO)
Warning[203] E:\TESTING\15.KEYPAD_LCD SLEEP\CHECKING.ASM 188 : Found opcode in column 1. (DECF)
Warning[203] E:\TESTING\15.KEYPAD_LCD SLEEP\CHECKING.ASM 189 : Found opcode in column 1. (GOTO)
Warning[203] E:\TESTING\15.KEYPAD_LCD SLEEP\CHECKING.ASM 192 : Found opcode in column 1. (MOVF)
Warning[203] E:\TESTING\15.KEYPAD_LCD SLEEP\CHECKING.ASM 193 : Found opcode in column 1. (SUBLW)
Warning[203] E:\TESTING\15.KEYPAD_LCD SLEEP\CHECKING.ASM 194 : Found opcode in column 1. (MOVWF)
Warning[203] E:\TESTING\15.KEYPAD_LCD SLEEP\CHECKING.ASM 195 : Found opcode in column 1. (MOVF)
Warning[203] E:\TESTING\15.KEYPAD_LCD SLEEP\CHECKING.ASM 196 : Found opcode in column 1. (BTFSC)
Warning[203] E:\TESTING\15.KEYPAD_LCD SLEEP\CHECKING.ASM 197 : Found opcode in column 1. (CLRF)
Warning[203] E:\TESTING\15.KEYPAD_LCD SLEEP\CHECKING.ASM 198 : Found opcode in column 1. (INCF)
Warning[203] E:\TESTING\15.KEYPAD_LCD SLEEP\CHECKING.ASM 199 : Found opcode in column 1. (MOVLW)
Warning[203] E:\TESTING\15.KEYPAD_LCD SLEEP\CHECKING.ASM 200 : Found opcode in column 1. (MOVWF)
Warning[203] E:\TESTING\15.KEYPAD_LCD SLEEP\CHECKING.ASM 201 : Found opcode in column 1. (MOVWF)
Warning[203] E:\TESTING\15.KEYPAD_LCD SLEEP\CHECKING.ASM 202 : Found opcode in column 1. (MOVF)
Warning[203] E:\TESTING\15.KEYPAD_LCD SLEEP\CHECKING.ASM 203 : Found opcode in column 1. (SUBLW)
Warning[203] E:\TESTING\15.KEYPAD_LCD SLEEP\CHECKING.ASM 204 : Found opcode in column 1. (MOVWF)
Warning[203] E:\TESTING\15.KEYPAD_LCD SLEEP\CHECKING.ASM 205 : Found opcode in column 1. (MOVF)
Warning[203] E:\TESTING\15.KEYPAD_LCD SLEEP\CHECKING.ASM 206 : Found opcode in column 1. (BTFSC)
Warning[203] E:\TESTING\15.KEYPAD_LCD SLEEP\CHECKING.ASM 207 : Found opcode in column 1. (GOTO)
Warning[203] E:\TESTING\15.KEYPAD_LCD SLEEP\CHECKING.ASM 208 : Found opcode in column 1. (MOVF)
Warning[203] E:\TESTING\15.KEYPAD_LCD SLEEP\CHECKING.ASM 209 : Found opcode in column 1. (SUBLW)
Warning[203] E:\TESTING\15.KEYPAD_LCD SLEEP\CHECKING.ASM 210 : Found opcode in column 1. (MOVWF)
Warning[203] E:\TESTING\15.KEYPAD_LCD SLEEP\CHECKING.ASM 211 : Found opcode in column 1. (MOVF)
Warning[203] E:\TESTING\15.KEYPAD_LCD SLEEP\CHECKING.ASM 212 : Found opcode in column 1. (BTFSC)
Warning[203] E:\TESTING\15.KEYPAD_LCD SLEEP\CHECKING.ASM 213 : Found opcode in column 1. (GOTO)
Warning[203] E:\TESTING\15.KEYPAD_LCD SLEEP\CHECKING.ASM 214 : Found opcode in column 1. (MOVF)
Warning[203] E:\TESTING\15.KEYPAD_LCD SLEEP\CHECKING.ASM 215 : Found opcode in column 1. (SUBLW)
Warning[203] E:\TESTING\15.KEYPAD_LCD SLEEP\CHECKING.ASM 216 : Found opcode in column 1. (MOVWF)
Warning[203] E:\TESTING\15.KEYPAD_LCD SLEEP\CHECKING.ASM 217 : Found opcode in column 1. (MOVF)
Warning[203] E:\TESTING\15.KEYPAD_LCD SLEEP\CHECKING.ASM 218 : Found opcode in column 1. (BTFSC)
Warning[203] E:\TESTING\15.KEYPAD_LCD SLEEP\CHECKING.ASM 219 : Found opcode in column 1. (GOTO)
Warning[203] E:\TESTING\15.KEYPAD_LCD SLEEP\CHECKING.ASM 220 : Found opcode in column 1. (MOVF)
Warning[203] E:\TESTING\15.KEYPAD_LCD SLEEP\CHECKING.ASM 221 : Found opcode in column 1. (SUBLW)
Warning[203] E:\TESTING\15.KEYPAD_LCD SLEEP\CHECKING.ASM 222 : Found opcode in column 1. (MOVWF)
Warning[203] E:\TESTING\15.KEYPAD_LCD SLEEP\CHECKING.ASM 223 : Found opcode in column 1. (MOVF)
Warning[203] E:\TESTING\15.KEYPAD_LCD SLEEP\CHECKING.ASM 224 : Found opcode in column 1. (BTFSC)
Warning[203] E:\TESTING\15.KEYPAD_LCD SLEEP\CHECKING.ASM 225 : Found opcode in column 1. (GOTO)
Warning[203] E:\TESTING\15.KEYPAD_LCD SLEEP\CHECKING.ASM 229 : Found opcode in column 1. (MOVLW)
Warning[203] E:\TESTING\15.KEYPAD_LCD SLEEP\CHECKING.ASM 230 : Found opcode in column 1. (MOVWF)
Warning[203] E:\TESTING\15.KEYPAD_LCD SLEEP\CHECKING.ASM 231 : Found opcode in column 1. (GOTO)
Warning[203] E:\TESTING\15.KEYPAD_LCD SLEEP\CHECKING.ASM 235 : Found opcode in column 1. (MOVLW)
Warning[203] E:\TESTING\15.KEYPAD_LCD SLEEP\CHECKING.ASM 236 : Found opcode in column 1. (MOVWF)
Warning[203] E:\TESTING\15.KEYPAD_LCD SLEEP\CHECKING.ASM 237 : Found opcode in column 1. (GOTO)
Warning[203] E:\TESTING\15.KEYPAD_LCD SLEEP\CHECKING.ASM 241 : Found opcode in column 1. (MOVLW)
Warning[203] E:\TESTING\15.KEYPAD_LCD SLEEP\CHECKING.ASM 242 : Found opcode in column 1. (MOVWF)
Warning[203] E:\TESTING\15.KEYPAD_LCD SLEEP\CHECKING.ASM 243 : Found opcode in column 1. (GOTO)
Warning[203] E:\TESTING\15.KEYPAD_LCD SLEEP\CHECKING.ASM 247 : Found opcode in column 1. (MOVLW)
Warning[203] E:\TESTING\15.KEYPAD_LCD SLEEP\CHECKING.ASM 248 : Found opcode in column 1. (MOVWF)
Warning[203] E:\TESTING\15.KEYPAD_LCD SLEEP\CHECKING.ASM 249 : Found opcode in column 1. (GOTO)
Warning[203] E:\TESTING\15.KEYPAD_LCD SLEEP\CHECKING.ASM 252 : Found opcode in column 1. (MOVF)
Warning[203] E:\TESTING\15.KEYPAD_LCD SLEEP\CHECKING.ASM 253 : Found opcode in column 1. (SUBLW)
Warning[203] E:\TESTING\15.KEYPAD_LCD SLEEP\CHECKING.ASM 254 : Found opcode in column 1. (MOVWF)
Warning[203] E:\TESTING\15.KEYPAD_LCD SLEEP\CHECKING.ASM 255 : Found opcode in column 1. (MOVF)
Warning[203] E:\TESTING\15.KEYPAD_LCD SLEEP\CHECKING.ASM 256 : Found opcode in column 1. (BTFSC)
Warning[203] E:\TESTING\15.KEYPAD_LCD SLEEP\CHECKING.ASM 257 : Found opcode in column 1. (CLRF)
Warning[203] E:\TESTING\15.KEYPAD_LCD SLEEP\CHECKING.ASM 258 : Found opcode in column 1. (INCF)
Warning[203] E:\TESTING\15.KEYPAD_LCD SLEEP\CHECKING.ASM 259 : Found opcode in column 1. (MOVF)
Warning[203] E:\TESTING\15.KEYPAD_LCD SLEEP\CHECKING.ASM 260 : Found opcode in column 1. (SUBLW)
Warning[203] E:\TESTING\15.KEYPAD_LCD SLEEP\CHECKING.ASM 261 : Found opcode in column 1. (MOVWF)
Warning[203] E:\TESTING\15.KEYPAD_LCD SLEEP\CHECKING.ASM 262 : Found opcode in column 1. (MOVF)
Warning[203] E:\TESTING\15.KEYPAD_LCD SLEEP\CHECKING.ASM 263 : Found opcode in column 1. (BTFSC)
Warning[203] E:\TESTING\15.KEYPAD_LCD SLEEP\CHECKING.ASM 264 : Found opcode in column 1. (GOTO)
Warning[203] E:\TESTING\15.KEYPAD_LCD SLEEP\CHECKING.ASM 265 : Found opcode in column 1. (MOVF)
Warning[203] E:\TESTING\15.KEYPAD_LCD SLEEP\CHECKING.ASM 266 : Found opcode in column 1. (SUBLW)
Warning[203] E:\TESTING\15.KEYPAD_LCD SLEEP\CHECKING.ASM 267 : Found opcode in column 1. (MOVWF)
Warning[203] E:\TESTING\15.KEYPAD_LCD SLEEP\CHECKING.ASM 268 : Found opcode in column 1. (MOVF)
Warning[203] E:\TESTING\15.KEYPAD_LCD SLEEP\CHECKING.ASM 269 : Found opcode in column 1. (BTFSC)
Warning[203] E:\TESTING\15.KEYPAD_LCD SLEEP\CHECKING.ASM 270 : Found opcode in column 1. (GOTO)
Warning[203] E:\TESTING\15.KEYPAD_LCD SLEEP\CHECKING.ASM 271 : Found opcode in column 1. (MOVF)
Warning[203] E:\TESTING\15.KEYPAD_LCD SLEEP\CHECKING.ASM 272 : Found opcode in column 1. (SUBLW)
Warning[203] E:\TESTING\15.KEYPAD_LCD SLEEP\CHECKING.ASM 273 : Found opcode in column 1. (MOVWF)
Warning[203] E:\TESTING\15.KEYPAD_LCD SLEEP\CHECKING.ASM 274 : Found opcode in column 1. (MOVF)
Warning[203] E:\TESTING\15.KEYPAD_LCD SLEEP\CHECKING.ASM 275 : Found opcode in column 1. (BTFSC)
Warning[203] E:\TESTING\15.KEYPAD_LCD SLEEP\CHECKING.ASM 276 : Found opcode in column 1. (GOTO)
Warning[203] E:\TESTING\15.KEYPAD_LCD SLEEP\CHECKING.ASM 277 : Found opcode in column 1. (MOVF)
Warning[203] E:\TESTING\15.KEYPAD_LCD SLEEP\CHECKING.ASM 278 : Found opcode in column 1. (SUBLW)
Warning[203] E:\TESTING\15.KEYPAD_LCD SLEEP\CHECKING.ASM 279 : Found opcode in column 1. (MOVWF)
Warning[203] E:\TESTING\15.KEYPAD_LCD SLEEP\CHECKING.ASM 280 : Found opcode in column 1. (MOVF)
Warning[203] E:\TESTING\15.KEYPAD_LCD SLEEP\CHECKING.ASM 281 : Found opcode in column 1. (BTFSC)
Warning[203] E:\TESTING\15.KEYPAD_LCD SLEEP\CHECKING.ASM 282 : Found opcode in column 1. (GOTO)
Warning[203] E:\TESTING\15.KEYPAD_LCD SLEEP\CHECKING.ASM 296 : Found opcode in column 1. (MOVF)
Warning[203] E:\TESTING\15.KEYPAD_LCD SLEEP\CHECKING.ASM 297 : Found opcode in column 1. (ADDLW)
Warning[203] E:\TESTING\15.KEYPAD_LCD SLEEP\CHECKING.ASM 298 : Found opcode in column 1. (MOVWF)
Warning[203] E:\TESTING\15.KEYPAD_LCD SLEEP\CHECKING.ASM 304 : Found opcode in column 1. (MOVF)
Warning[203] E:\TESTING\15.KEYPAD_LCD SLEEP\CHECKING.ASM 305 : Found opcode in column 1. (BTFSC)
Warning[203] E:\TESTING\15.KEYPAD_LCD SLEEP\CHECKING.ASM 306 : Found opcode in column 1. (GOTO)
Warning[203] E:\TESTING\15.KEYPAD_LCD SLEEP\CHECKING.ASM 307 : Found opcode in column 1. (MOVF)
Warning[203] E:\TESTING\15.KEYPAD_LCD SLEEP\CHECKING.ASM 308 : Found opcode in column 1. (SUBLW)
Warning[203] E:\TESTING\15.KEYPAD_LCD SLEEP\CHECKING.ASM 309 : Found opcode in column 1. (MOVWF)
Warning[203] E:\TESTING\15.KEYPAD_LCD SLEEP\CHECKING.ASM 310 : Found opcode in column 1. (MOVF)
Warning[203] E:\TESTING\15.KEYPAD_LCD SLEEP\CHECKING.ASM 311 : Found opcode in column 1. (BTFSC)
Warning[203] E:\TESTING\15.KEYPAD_LCD SLEEP\CHECKING.ASM 312 : Found opcode in column 1. (GOTO)
Warning[203] E:\TESTING\15.KEYPAD_LCD SLEEP\CHECKING.ASM 313 : Found opcode in column 1. (MOVF)
Warning[203] E:\TESTING\15.KEYPAD_LCD SLEEP\CHECKING.ASM 314 : Found opcode in column 1. (SUBLW)
Warning[203] E:\TESTING\15.KEYPAD_LCD SLEEP\CHECKING.ASM 315 : Found opcode in column 1. (MOVWF)
Warning[203] E:\TESTING\15.KEYPAD_LCD SLEEP\CHECKING.ASM 316 : Found opcode in column 1. (MOVF)
Warning[203] E:\TESTING\15.KEYPAD_LCD SLEEP\CHECKING.ASM 317 : Found opcode in column 1. (BTFSC)
Warning[203] E:\TESTING\15.KEYPAD_LCD SLEEP\CHECKING.ASM 318 : Found opcode in column 1. (GOTO)
Warning[203] E:\TESTING\15.KEYPAD_LCD SLEEP\CHECKING.ASM 319 : Found opcode in column 1. (MOVF)
Warning[203] E:\TESTING\15.KEYPAD_LCD SLEEP\CHECKING.ASM 320 : Found opcode in column 1. (SUBLW)
Warning[203] E:\TESTING\15.KEYPAD_LCD SLEEP\CHECKING.ASM 321 : Found opcode in column 1. (MOVWF)
Warning[203] E:\TESTING\15.KEYPAD_LCD SLEEP\CHECKING.ASM 322 : Found opcode in column 1. (MOVF)
Warning[203] E:\TESTING\15.KEYPAD_LCD SLEEP\CHECKING.ASM 323 : Found opcode in column 1. (BTFSC)
Warning[203] E:\TESTING\15.KEYPAD_LCD SLEEP\CHECKING.ASM 324 : Found opcode in column 1. (GOTO)
Warning[203] E:\TESTING\15.KEYPAD_LCD SLEEP\CHECKING.ASM 325 : Found opcode in column 1. (MOVF)
Warning[203] E:\TESTING\15.KEYPAD_LCD SLEEP\CHECKING.ASM 326 : Found opcode in column 1. (SUBLW)
Warning[203] E:\TESTING\15.KEYPAD_LCD SLEEP\CHECKING.ASM 327 : Found opcode in column 1. (MOVWF)
Warning[203] E:\TESTING\15.KEYPAD_LCD SLEEP\CHECKING.ASM 328 : Found opcode in column 1. (MOVF)
Warning[203] E:\TESTING\15.KEYPAD_LCD SLEEP\CHECKING.ASM 329 : Found opcode in column 1. (BTFSC)
Warning[203] E:\TESTING\15.KEYPAD_LCD SLEEP\CHECKING.ASM 330 : Found opcode in column 1. (GOTO)
Warning[203] E:\TESTING\15.KEYPAD_LCD SLEEP\CHECKING.ASM 333 : Found opcode in column 1. (BSF)
Warning[203] E:\TESTING\15.KEYPAD_LCD SLEEP\CHECKING.ASM 334 : Found opcode in column 1. (BCF)
Warning[203] E:\TESTING\15.KEYPAD_LCD SLEEP\CHECKING.ASM 335 : Found opcode in column 1. (CALL)
Warning[203] E:\TESTING\15.KEYPAD_LCD SLEEP\CHECKING.ASM 336 : Found opcode in column 1. (MOVLW)
Warning[203] E:\TESTING\15.KEYPAD_LCD SLEEP\CHECKING.ASM 337 : Found opcode in column 1. (MOVWF)
Warning[203] E:\TESTING\15.KEYPAD_LCD SLEEP\CHECKING.ASM 338 : Found opcode in column 1. (CALL)
Warning[203] E:\TESTING\15.KEYPAD_LCD SLEEP\CHECKING.ASM 339 : Found opcode in column 1. (BCF)
Warning[203] E:\TESTING\15.KEYPAD_LCD SLEEP\CHECKING.ASM 340 : Found opcode in column 1. (CALL)
Warning[203] E:\TESTING\15.KEYPAD_LCD SLEEP\CHECKING.ASM 341 : Found opcode in column 1. (BSF)
Warning[203] E:\TESTING\15.KEYPAD_LCD SLEEP\CHECKING.ASM 342 : Found opcode in column 1. (BSF)
Warning[203] E:\TESTING\15.KEYPAD_LCD SLEEP\CHECKING.ASM 343 : Found opcode in column 1. (CALL)
Warning[203] E:\TESTING\15.KEYPAD_LCD SLEEP\CHECKING.ASM 344 : Found opcode in column 1. (MOVF)
Warning[203] E:\TESTING\15.KEYPAD_LCD SLEEP\CHECKING.ASM 345 : Found opcode in column 1. (ADDLW)
Warning[203] E:\TESTING\15.KEYPAD_LCD SLEEP\CHECKING.ASM 346 : Found opcode in column 1. (MOVLW)
Warning[203] E:\TESTING\15.KEYPAD_LCD SLEEP\CHECKING.ASM 347 : Found opcode in column 1. (MOVWF)
Warning[203] E:\TESTING\15.KEYPAD_LCD SLEEP\CHECKING.ASM 348 : Found opcode in column 1. (CALL)
Warning[203] E:\TESTING\15.KEYPAD_LCD SLEEP\CHECKING.ASM 349 : Found opcode in column 1. (BCF)
Warning[203] E:\TESTING\15.KEYPAD_LCD SLEEP\CHECKING.ASM 350 : Found opcode in column 1. (GOTO)
Warning[203] E:\TESTING\15.KEYPAD_LCD SLEEP\CHECKING.ASM 353 : Found opcode in column 1. (BSF)
Warning[203] E:\TESTING\15.KEYPAD_LCD SLEEP\CHECKING.ASM 354 : Found opcode in column 1. (BCF)
Warning[203] E:\TESTING\15.KEYPAD_LCD SLEEP\CHECKING.ASM 355 : Found opcode in column 1. (CALL)
Warning[203] E:\TESTING\15.KEYPAD_LCD SLEEP\CHECKING.ASM 356 : Found opcode in column 1. (MOVLW)
Warning[203] E:\TESTING\15.KEYPAD_LCD SLEEP\CHECKING.ASM 357 : Found opcode in column 1. (MOVWF)
Warning[203] E:\TESTING\15.KEYPAD_LCD SLEEP\CHECKING.ASM 358 : Found opcode in column 1. (CALL)
Warning[203] E:\TESTING\15.KEYPAD_LCD SLEEP\CHECKING.ASM 359 : Found opcode in column 1. (BCF)
Warning[203] E:\TESTING\15.KEYPAD_LCD SLEEP\CHECKING.ASM 360 : Found opcode in column 1. (CALL)
Warning[203] E:\TESTING\15.KEYPAD_LCD SLEEP\CHECKING.ASM 361 : Found opcode in column 1. (BSF)
Warning[203] E:\TESTING\15.KEYPAD_LCD SLEEP\CHECKING.ASM 362 : Found opcode in column 1. (BSF)
Warning[203] E:\TESTING\15.KEYPAD_LCD SLEEP\CHECKING.ASM 363 : Found opcode in column 1. (CALL)
Warning[203] E:\TESTING\15.KEYPAD_LCD SLEEP\CHECKING.ASM 364 : Found opcode in column 1. (MOVF)
Warning[203] E:\TESTING\15.KEYPAD_LCD SLEEP\CHECKING.ASM 365 : Found opcode in column 1. (ADDLW)
Warning[203] E:\TESTING\15.KEYPAD_LCD SLEEP\CHECKING.ASM 366 : Found opcode in column 1. (MOVLW)
Warning[203] E:\TESTING\15.KEYPAD_LCD SLEEP\CHECKING.ASM 367 : Found opcode in column 1. (MOVWF)
Warning[203] E:\TESTING\15.KEYPAD_LCD SLEEP\CHECKING.ASM 368 : Found opcode in column 1. (CALL)
Warning[203] E:\TESTING\15.KEYPAD_LCD SLEEP\CHECKING.ASM 369 : Found opcode in column 1. (BCF)
Warning[203] E:\TESTING\15.KEYPAD_LCD SLEEP\CHECKING.ASM 370 : Found opcode in column 1. (CALL)
Warning[203] E:\TESTING\15.KEYPAD_LCD SLEEP\CHECKING.ASM 371 : Found opcode in column 1. (BSF)
Warning[203] E:\TESTING\15.KEYPAD_LCD SLEEP\CHECKING.ASM 372 : Found opcode in column 1. (CALL)
Warning[203] E:\TESTING\15.KEYPAD_LCD SLEEP\CHECKING.ASM 373 : Found opcode in column 1. (MOVF)
Warning[203] E:\TESTING\15.KEYPAD_LCD SLEEP\CHECKING.ASM 374 : Found opcode in column 1. (ADDLW)
Warning[203] E:\TESTING\15.KEYPAD_LCD SLEEP\CHECKING.ASM 375 : Found opcode in column 1. (MOVLW)
Warning[203] E:\TESTING\15.KEYPAD_LCD SLEEP\CHECKING.ASM 376 : Found opcode in column 1. (MOVWF)
Warning[203] E:\TESTING\15.KEYPAD_LCD SLEEP\CHECKING.ASM 377 : Found opcode in column 1. (CALL)
Warning[203] E:\TESTING\15.KEYPAD_LCD SLEEP\CHECKING.ASM 378 : Found opcode in column 1. (BCF)
Warning[203] E:\TESTING\15.KEYPAD_LCD SLEEP\CHECKING.ASM 379 : Found opcode in column 1. (GOTO)
Warning[203] E:\TESTING\15.KEYPAD_LCD SLEEP\CHECKING.ASM 382 : Found opcode in column 1. (BSF)
Warning[203] E:\TESTING\15.KEYPAD_LCD SLEEP\CHECKING.ASM 383 : Found opcode in column 1. (BCF)
Warning[203] E:\TESTING\15.KEYPAD_LCD SLEEP\CHECKING.ASM 384 : Found opcode in column 1. (CALL)
Warning[203] E:\TESTING\15.KEYPAD_LCD SLEEP\CHECKING.ASM 385 : Found opcode in column 1. (MOVLW)
Warning[203] E:\TESTING\15.KEYPAD_LCD SLEEP\CHECKING.ASM 386 : Found opcode in column 1. (MOVWF)
Warning[203] E:\TESTING\15.KEYPAD_LCD SLEEP\CHECKING.ASM 387 : Found opcode in column 1. (CALL)
Warning[203] E:\TESTING\15.KEYPAD_LCD SLEEP\CHECKING.ASM 388 : Found opcode in column 1. (BCF)
Warning[203] E:\TESTING\15.KEYPAD_LCD SLEEP\CHECKING.ASM 389 : Found opcode in column 1. (CALL)
Warning[203] E:\TESTING\15.KEYPAD_LCD SLEEP\CHECKING.ASM 390 : Found opcode in column 1. (BSF)
Warning[203] E:\TESTING\15.KEYPAD_LCD SLEEP\CHECKING.ASM 391 : Found opcode in column 1. (BSF)
Warning[203] E:\TESTING\15.KEYPAD_LCD SLEEP\CHECKING.ASM 392 : Found opcode in column 1. (CALL)
Warning[203] E:\TESTING\15.KEYPAD_LCD SLEEP\CHECKING.ASM 393 : Found opcode in column 1. (MOVF)
Warning[203] E:\TESTING\15.KEYPAD_LCD SLEEP\CHECKING.ASM 394 : Found opcode in column 1. (ADDLW)
Warning[203] E:\TESTING\15.KEYPAD_LCD SLEEP\CHECKING.ASM 395 : Found opcode in column 1. (MOVLW)
Warning[203] E:\TESTING\15.KEYPAD_LCD SLEEP\CHECKING.ASM 396 : Found opcode in column 1. (MOVWF)
Warning[203] E:\TESTING\15.KEYPAD_LCD SLEEP\CHECKING.ASM 397 : Found opcode in column 1. (CALL)
Warning[203] E:\TESTING\15.KEYPAD_LCD SLEEP\CHECKING.ASM 398 : Found opcode in column 1. (BCF)
Warning[203] E:\TESTING\15.KEYPAD_LCD SLEEP\CHECKING.ASM 399 : Found opcode in column 1. (CALL)
Warning[203] E:\TESTING\15.KEYPAD_LCD SLEEP\CHECKING.ASM 400 : Found opcode in column 1. (BSF)
Warning[203] E:\TESTING\15.KEYPAD_LCD SLEEP\CHECKING.ASM 401 : Found opcode in column 1. (CALL)
Warning[203] E:\TESTING\15.KEYPAD_LCD SLEEP\CHECKING.ASM 402 : Found opcode in column 1. (MOVF)
Warning[203] E:\TESTING\15.KEYPAD_LCD SLEEP\CHECKING.ASM 403 : Found opcode in column 1. (ADDLW)
Warning[203] E:\TESTING\15.KEYPAD_LCD SLEEP\CHECKING.ASM 404 : Found opcode in column 1. (MOVLW)
Warning[203] E:\TESTING\15.KEYPAD_LCD SLEEP\CHECKING.ASM 405 : Found opcode in column 1. (MOVWF)
Warning[203] E:\TESTING\15.KEYPAD_LCD SLEEP\CHECKING.ASM 406 : Found opcode in column 1. (CALL)
Warning[203] E:\TESTING\15.KEYPAD_LCD SLEEP\CHECKING.ASM 407 : Found opcode in column 1. (BCF)
Warning[203] E:\TESTING\15.KEYPAD_LCD SLEEP\CHECKING.ASM 408 : Found opcode in column 1. (CALL)
Warning[203] E:\TESTING\15.KEYPAD_LCD SLEEP\CHECKING.ASM 409 : Found opcode in column 1. (BSF)
Warning[203] E:\TESTING\15.KEYPAD_LCD SLEEP\CHECKING.ASM 410 : Found opcode in column 1. (CALL)
Warning[203] E:\TESTING\15.KEYPAD_LCD SLEEP\CHECKING.ASM 411 : Found opcode in column 1. (MOVF)
Warning[203] E:\TESTING\15.KEYPAD_LCD SLEEP\CHECKING.ASM 412 : Found opcode in column 1. (ADDLW)
Warning[203] E:\TESTING\15.KEYPAD_LCD SLEEP\CHECKING.ASM 413 : Found opcode in column 1. (MOVLW)
Warning[203] E:\TESTING\15.KEYPAD_LCD SLEEP\CHECKING.ASM 414 : Found opcode in column 1. (MOVWF)
Warning[203] E:\TESTING\15.KEYPAD_LCD SLEEP\CHECKING.ASM 415 : Found opcode in column 1. (CALL)
Warning[203] E:\TESTING\15.KEYPAD_LCD SLEEP\CHECKING.ASM 416 : Found opcode in column 1. (BCF)
Warning[203] E:\TESTING\15.KEYPAD_LCD SLEEP\CHECKING.ASM 417 : Found opcode in column 1. (GOTO)
Warning[203] E:\TESTING\15.KEYPAD_LCD SLEEP\CHECKING.ASM 420 : Found opcode in column 1. (BSF)
Warning[203] E:\TESTING\15.KEYPAD_LCD SLEEP\CHECKING.ASM 421 : Found opcode in column 1. (BCF)
Warning[203] E:\TESTING\15.KEYPAD_LCD SLEEP\CHECKING.ASM 422 : Found opcode in column 1. (CALL)
Warning[203] E:\TESTING\15.KEYPAD_LCD SLEEP\CHECKING.ASM 423 : Found opcode in column 1. (MOVLW)
Warning[203] E:\TESTING\15.KEYPAD_LCD SLEEP\CHECKING.ASM 424 : Found opcode in column 1. (MOVWF)
Warning[203] E:\TESTING\15.KEYPAD_LCD SLEEP\CHECKING.ASM 425 : Found opcode in column 1. (CALL)
Warning[203] E:\TESTING\15.KEYPAD_LCD SLEEP\CHECKING.ASM 426 : Found opcode in column 1. (BCF)
Warning[203] E:\TESTING\15.KEYPAD_LCD SLEEP\CHECKING.ASM 427 : Found opcode in column 1. (CALL)
Warning[203] E:\TESTING\15.KEYPAD_LCD SLEEP\CHECKING.ASM 428 : Found opcode in column 1. (BSF)
Warning[203] E:\TESTING\15.KEYPAD_LCD SLEEP\CHECKING.ASM 429 : Found opcode in column 1. (BSF)
Warning[203] E:\TESTING\15.KEYPAD_LCD SLEEP\CHECKING.ASM 430 : Found opcode in column 1. (CALL)
Warning[203] E:\TESTING\15.KEYPAD_LCD SLEEP\CHECKING.ASM 431 : Found opcode in column 1. (MOVF)
Warning[203] E:\TESTING\15.KEYPAD_LCD SLEEP\CHECKING.ASM 432 : Found opcode in column 1. (ADDLW)
Warning[203] E:\TESTING\15.KEYPAD_LCD SLEEP\CHECKING.ASM 433 : Found opcode in column 1. (MOVLW)
Warning[203] E:\TESTING\15.KEYPAD_LCD SLEEP\CHECKING.ASM 434 : Found opcode in column 1. (MOVWF)
Warning[203] E:\TESTING\15.KEYPAD_LCD SLEEP\CHECKING.ASM 435 : Found opcode in column 1. (CALL)
Warning[203] E:\TESTING\15.KEYPAD_LCD SLEEP\CHECKING.ASM 436 : Found opcode in column 1. (BCF)
Warning[203] E:\TESTING\15.KEYPAD_LCD SLEEP\CHECKING.ASM 437 : Found opcode in column 1. (CALL)
Warning[203] E:\TESTING\15.KEYPAD_LCD SLEEP\CHECKING.ASM 438 : Found opcode in column 1. (BSF)
Warning[203] E:\TESTING\15.KEYPAD_LCD SLEEP\CHECKING.ASM 439 : Found opcode in column 1. (CALL)
Warning[203] E:\TESTING\15.KEYPAD_LCD SLEEP\CHECKING.ASM 440 : Found opcode in column 1. (MOVF)
Warning[203] E:\TESTING\15.KEYPAD_LCD SLEEP\CHECKING.ASM 441 : Found opcode in column 1. (ADDLW)
Warning[203] E:\TESTING\15.KEYPAD_LCD SLEEP\CHECKING.ASM 442 : Found opcode in column 1. (MOVLW)
Warning[203] E:\TESTING\15.KEYPAD_LCD SLEEP\CHECKING.ASM 443 : Found opcode in column 1. (MOVWF)
Warning[203] E:\TESTING\15.KEYPAD_LCD SLEEP\CHECKING.ASM 444 : Found opcode in column 1. (CALL)
Warning[203] E:\TESTING\15.KEYPAD_LCD SLEEP\CHECKING.ASM 445 : Found opcode in column 1. (BCF)
Warning[203] E:\TESTING\15.KEYPAD_LCD SLEEP\CHECKING.ASM 446 : Found opcode in column 1. (CALL)
Warning[203] E:\TESTING\15.KEYPAD_LCD SLEEP\CHECKING.ASM 447 : Found opcode in column 1. (BSF)
Warning[203] E:\TESTING\15.KEYPAD_LCD SLEEP\CHECKING.ASM 448 : Found opcode in column 1. (CALL)
Warning[203] E:\TESTING\15.KEYPAD_LCD SLEEP\CHECKING.ASM 449 : Found opcode in column 1. (MOVF)
Warning[203] E:\TESTING\15.KEYPAD_LCD SLEEP\CHECKING.ASM 450 : Found opcode in column 1. (ADDLW)
Warning[203] E:\TESTING\15.KEYPAD_LCD SLEEP\CHECKING.ASM 451 : Found opcode in column 1. (MOVLW)
Warning[203] E:\TESTING\15.KEYPAD_LCD SLEEP\CHECKING.ASM 452 : Found opcode in column 1. (MOVWF)
Warning[203] E:\TESTING\15.KEYPAD_LCD SLEEP\CHECKING.ASM 453 : Found opcode in column 1. (CALL)
Warning[203] E:\TESTING\15.KEYPAD_LCD SLEEP\CHECKING.ASM 454 : Found opcode in column 1. (BCF)
Warning[203] E:\TESTING\15.KEYPAD_LCD SLEEP\CHECKING.ASM 455 : Found opcode in column 1. (CALL)
Warning[203] E:\TESTING\15.KEYPAD_LCD SLEEP\CHECKING.ASM 456 : Found opcode in column 1. (BSF)
Warning[203] E:\TESTING\15.KEYPAD_LCD SLEEP\CHECKING.ASM 457 : Found opcode in column 1. (CALL)
Warning[203] E:\TESTING\15.KEYPAD_LCD SLEEP\CHECKING.ASM 458 : Found opcode in column 1. (MOVF)
Warning[203] E:\TESTING\15.KEYPAD_LCD SLEEP\CHECKING.ASM 459 : Found opcode in column 1. (ADDLW)
Warning[203] E:\TESTING\15.KEYPAD_LCD SLEEP\CHECKING.ASM 460 : Found opcode in column 1. (MOVLW)
Warning[203] E:\TESTING\15.KEYPAD_LCD SLEEP\CHECKING.ASM 461 : Found opcode in column 1. (MOVWF)
Warning[203] E:\TESTING\15.KEYPAD_LCD SLEEP\CHECKING.ASM 462 : Found opcode in column 1. (CALL)
Warning[203] E:\TESTING\15.KEYPAD_LCD SLEEP\CHECKING.ASM 463 : Found opcode in column 1. (BCF)
Warning[203] E:\TESTING\15.KEYPAD_LCD SLEEP\CHECKING.ASM 464 : Found opcode in column 1. (GOTO)
Warning[203] E:\TESTING\15.KEYPAD_LCD SLEEP\CHECKING.ASM 467 : Found opcode in column 1. (BSF)
Warning[203] E:\TESTING\15.KEYPAD_LCD SLEEP\CHECKING.ASM 468 : Found opcode in column 1. (BCF)
Warning[203] E:\TESTING\15.KEYPAD_LCD SLEEP\CHECKING.ASM 469 : Found opcode in column 1. (CALL)
Warning[203] E:\TESTING\15.KEYPAD_LCD SLEEP\CHECKING.ASM 470 : Found opcode in column 1. (MOVLW)
Warning[203] E:\TESTING\15.KEYPAD_LCD SLEEP\CHECKING.ASM 471 : Found opcode in column 1. (MOVWF)
Warning[203] E:\TESTING\15.KEYPAD_LCD SLEEP\CHECKING.ASM 472 : Found opcode in column 1. (CALL)
Warning[203] E:\TESTING\15.KEYPAD_LCD SLEEP\CHECKING.ASM 473 : Found opcode in column 1. (BCF)
Warning[203] E:\TESTING\15.KEYPAD_LCD SLEEP\CHECKING.ASM 474 : Found opcode in column 1. (GOTO)
Warning[203] E:\TESTING\15.KEYPAD_LCD SLEEP\CHECKING.ASM 482 : Found opcode in column 1. (BSF)
Warning[203] E:\TESTING\15.KEYPAD_LCD SLEEP\CHECKING.ASM 483 : Found opcode in column 1. (BCF)
Warning[203] E:\TESTING\15.KEYPAD_LCD SLEEP\CHECKING.ASM 484 : Found opcode in column 1. (CALL)
Warning[203] E:\TESTING\15.KEYPAD_LCD SLEEP\CHECKING.ASM 485 : Found opcode in column 1. (MOVLW)
Warning[203] E:\TESTING\15.KEYPAD_LCD SLEEP\CHECKING.ASM 486 : Found opcode in column 1. (MOVWF)
Warning[203] E:\TESTING\15.KEYPAD_LCD SLEEP\CHECKING.ASM 487 : Found opcode in column 1. (CALL)
Warning[203] E:\TESTING\15.KEYPAD_LCD SLEEP\CHECKING.ASM 488 : Found opcode in column 1. (BCF)
Warning[203] E:\TESTING\15.KEYPAD_LCD SLEEP\CHECKING.ASM 489 : Found opcode in column 1. (CALL)
Warning[203] E:\TESTING\15.KEYPAD_LCD SLEEP\CHECKING.ASM 490 : Found opcode in column 1. (BSF)
Warning[203] E:\TESTING\15.KEYPAD_LCD SLEEP\CHECKING.ASM 491 : Found opcode in column 1. (BSF)
Warning[203] E:\TESTING\15.KEYPAD_LCD SLEEP\CHECKING.ASM 492 : Found opcode in column 1. (CALL)
Warning[203] E:\TESTING\15.KEYPAD_LCD SLEEP\CHECKING.ASM 494 : Found opcode in column 1. (MOVLW)
Warning[203] E:\TESTING\15.KEYPAD_LCD SLEEP\CHECKING.ASM 495 : Found opcode in column 1. (MOVWF)
Warning[203] E:\TESTING\15.KEYPAD_LCD SLEEP\CHECKING.ASM 496 : Found opcode in column 1. (CALL)
Warning[203] E:\TESTING\15.KEYPAD_LCD SLEEP\CHECKING.ASM 497 : Found opcode in column 1. (BCF)
Warning[203] E:\TESTING\15.KEYPAD_LCD SLEEP\CHECKING.ASM 498 : Found opcode in column 1. (CALL)
Warning[203] E:\TESTING\15.KEYPAD_LCD SLEEP\CHECKING.ASM 499 : Found opcode in column 1. (BSF)
Warning[203] E:\TESTING\15.KEYPAD_LCD SLEEP\CHECKING.ASM 500 : Found opcode in column 1. (CALL)
Warning[203] E:\TESTING\15.KEYPAD_LCD SLEEP\CHECKING.ASM 502 : Found opcode in column 1. (MOVLW)
Warning[203] E:\TESTING\15.KEYPAD_LCD SLEEP\CHECKING.ASM 503 : Found opcode in column 1. (MOVWF)
Warning[203] E:\TESTING\15.KEYPAD_LCD SLEEP\CHECKING.ASM 504 : Found opcode in column 1. (CALL)
Warning[203] E:\TESTING\15.KEYPAD_LCD SLEEP\CHECKING.ASM 505 : Found opcode in column 1. (BCF)
Warning[203] E:\TESTING\15.KEYPAD_LCD SLEEP\CHECKING.ASM 506 : Found opcode in column 1. (CALL)
Warning[203] E:\TESTING\15.KEYPAD_LCD SLEEP\CHECKING.ASM 507 : Found opcode in column 1. (BSF)
Warning[203] E:\TESTING\15.KEYPAD_LCD SLEEP\CHECKING.ASM 508 : Found opcode in column 1. (CALL)
Warning[203] E:\TESTING\15.KEYPAD_LCD SLEEP\CHECKING.ASM 510 : Found opcode in column 1. (MOVLW)
Warning[203] E:\TESTING\15.KEYPAD_LCD SLEEP\CHECKING.ASM 511 : Found opcode in column 1. (MOVWF)
Warning[203] E:\TESTING\15.KEYPAD_LCD SLEEP\CHECKING.ASM 512 : Found opcode in column 1. (CALL)
Warning[203] E:\TESTING\15.KEYPAD_LCD SLEEP\CHECKING.ASM 513 : Found opcode in column 1. (BCF)
Warning[203] E:\TESTING\15.KEYPAD_LCD SLEEP\CHECKING.ASM 514 : Found opcode in column 1. (CALL)
Warning[203] E:\TESTING\15.KEYPAD_LCD SLEEP\CHECKING.ASM 515 : Found opcode in column 1. (BSF)
Warning[203] E:\TESTING\15.KEYPAD_LCD SLEEP\CHECKING.ASM 516 : Found opcode in column 1. (CALL)
Warning[203] E:\TESTING\15.KEYPAD_LCD SLEEP\CHECKING.ASM 518 : Found opcode in column 1. (MOVLW)
Warning[203] E:\TESTING\15.KEYPAD_LCD SLEEP\CHECKING.ASM 519 : Found opcode in column 1. (MOVWF)
Warning[203] E:\TESTING\15.KEYPAD_LCD SLEEP\CHECKING.ASM 520 : Found opcode in column 1. (CALL)
Warning[203] E:\TESTING\15.KEYPAD_LCD SLEEP\CHECKING.ASM 521 : Found opcode in column 1. (BCF)
Warning[203] E:\TESTING\15.KEYPAD_LCD SLEEP\CHECKING.ASM 522 : Found opcode in column 1. (CALL)
Warning[203] E:\TESTING\15.KEYPAD_LCD SLEEP\CHECKING.ASM 523 : Found opcode in column 1. (BSF)
Warning[203] E:\TESTING\15.KEYPAD_LCD SLEEP\CHECKING.ASM 524 : Found opcode in column 1. (CALL)
Warning[203] E:\TESTING\15.KEYPAD_LCD SLEEP\CHECKING.ASM 526 : Found opcode in column 1. (MOVLW)
Warning[203] E:\TESTING\15.KEYPAD_LCD SLEEP\CHECKING.ASM 527 : Found opcode in column 1. (MOVWF)
Warning[203] E:\TESTING\15.KEYPAD_LCD SLEEP\CHECKING.ASM 528 : Found opcode in column 1. (CALL)
Warning[203] E:\TESTING\15.KEYPAD_LCD SLEEP\CHECKING.ASM 529 : Found opcode in column 1. (BCF)
Warning[203] E:\TESTING\15.KEYPAD_LCD SLEEP\CHECKING.ASM 530 : Found opcode in column 1. (CALL)
Warning[203] E:\TESTING\15.KEYPAD_LCD SLEEP\CHECKING.ASM 531 : Found opcode in column 1. (BSF)
Warning[203] E:\TESTING\15.KEYPAD_LCD SLEEP\CHECKING.ASM 532 : Found opcode in column 1. (CALL)
Warning[203] E:\TESTING\15.KEYPAD_LCD SLEEP\CHECKING.ASM 534 : Found opcode in column 1. (MOVLW)
Warning[203] E:\TESTING\15.KEYPAD_LCD SLEEP\CHECKING.ASM 535 : Found opcode in column 1. (MOVWF)
Warning[203] E:\TESTING\15.KEYPAD_LCD SLEEP\CHECKING.ASM 536 : Found opcode in column 1. (CALL)
Warning[203] E:\TESTING\15.KEYPAD_LCD SLEEP\CHECKING.ASM 537 : Found opcode in column 1. (BCF)
Warning[203] E:\TESTING\15.KEYPAD_LCD SLEEP\CHECKING.ASM 538 : Found opcode in column 1. (CALL)
Warning[203] E:\TESTING\15.KEYPAD_LCD SLEEP\CHECKING.ASM 539 : Found opcode in column 1. (BSF)
Warning[203] E:\TESTING\15.KEYPAD_LCD SLEEP\CHECKING.ASM 540 : Found opcode in column 1. (BSF)
Warning[203] E:\TESTING\15.KEYPAD_LCD SLEEP\CHECKING.ASM 541 : Found opcode in column 1. (CALL)
Warning[203] E:\TESTING\15.KEYPAD_LCD SLEEP\CHECKING.ASM 543 : Found opcode in column 1. (MOVLW)
Warning[203] E:\TESTING\15.KEYPAD_LCD SLEEP\CHECKING.ASM 544 : Found opcode in column 1. (MOVWF)
Warning[203] E:\TESTING\15.KEYPAD_LCD SLEEP\CHECKING.ASM 545 : Found opcode in column 1. (CALL)
Warning[203] E:\TESTING\15.KEYPAD_LCD SLEEP\CHECKING.ASM 546 : Found opcode in column 1. (BCF)
Warning[203] E:\TESTING\15.KEYPAD_LCD SLEEP\CHECKING.ASM 547 : Found opcode in column 1. (CALL)
Warning[203] E:\TESTING\15.KEYPAD_LCD SLEEP\CHECKING.ASM 548 : Found opcode in column 1. (BSF)
Warning[203] E:\TESTING\15.KEYPAD_LCD SLEEP\CHECKING.ASM 549 : Found opcode in column 1. (BSF)
Warning[203] E:\TESTING\15.KEYPAD_LCD SLEEP\CHECKING.ASM 550 : Found opcode in column 1. (CALL)
Warning[203] E:\TESTING\15.KEYPAD_LCD SLEEP\CHECKING.ASM 552 : Found opcode in column 1. (MOVLW)
Warning[203] E:\TESTING\15.KEYPAD_LCD SLEEP\CHECKING.ASM 553 : Found opcode in column 1. (MOVWF)
Warning[203] E:\TESTING\15.KEYPAD_LCD SLEEP\CHECKING.ASM 554 : Found opcode in column 1. (CALL)
Warning[203] E:\TESTING\15.KEYPAD_LCD SLEEP\CHECKING.ASM 555 : Found opcode in column 1. (BCF)
Warning[203] E:\TESTING\15.KEYPAD_LCD SLEEP\CHECKING.ASM 556 : Found opcode in column 1. (CALL)
Warning[203] E:\TESTING\15.KEYPAD_LCD SLEEP\CHECKING.ASM 557 : Found opcode in column 1. (BSF)
Warning[203] E:\TESTING\15.KEYPAD_LCD SLEEP\CHECKING.ASM 558 : Found opcode in column 1. (CALL)
Warning[203] E:\TESTING\15.KEYPAD_LCD SLEEP\CHECKING.ASM 560 : Found opcode in column 1. (MOVLW)
Warning[203] E:\TESTING\15.KEYPAD_LCD SLEEP\CHECKING.ASM 561 : Found opcode in column 1. (MOVWF)
Warning[203] E:\TESTING\15.KEYPAD_LCD SLEEP\CHECKING.ASM 562 : Found opcode in column 1. (CALL)
Warning[203] E:\TESTING\15.KEYPAD_LCD SLEEP\CHECKING.ASM 563 : Found opcode in column 1. (BCF)
Warning[203] E:\TESTING\15.KEYPAD_LCD SLEEP\CHECKING.ASM 564 : Found opcode in column 1. (CALL)
Warning[203] E:\TESTING\15.KEYPAD_LCD SLEEP\CHECKING.ASM 565 : Found opcode in column 1. (BSF)
Warning[203] E:\TESTING\15.KEYPAD_LCD SLEEP\CHECKING.ASM 566 : Found opcode in column 1. (CALL)
Warning[203] E:\TESTING\15.KEYPAD_LCD SLEEP\CHECKING.ASM 568 : Found opcode in column 1. (MOVLW)
Warning[203] E:\TESTING\15.KEYPAD_LCD SLEEP\CHECKING.ASM 569 : Found opcode in column 1. (MOVWF)
Warning[203] E:\TESTING\15.KEYPAD_LCD SLEEP\CHECKING.ASM 570 : Found opcode in column 1. (CALL)
Warning[203] E:\TESTING\15.KEYPAD_LCD SLEEP\CHECKING.ASM 571 : Found opcode in column 1. (BCF)
Warning[203] E:\TESTING\15.KEYPAD_LCD SLEEP\CHECKING.ASM 572 : Found opcode in column 1. (CALL)
Warning[203] E:\TESTING\15.KEYPAD_LCD SLEEP\CHECKING.ASM 573 : Found opcode in column 1. (BSF)
Warning[203] E:\TESTING\15.KEYPAD_LCD SLEEP\CHECKING.ASM 574 : Found opcode in column 1. (CALL)
Warning[203] E:\TESTING\15.KEYPAD_LCD SLEEP\CHECKING.ASM 576 : Found opcode in column 1. (MOVLW)
Warning[203] E:\TESTING\15.KEYPAD_LCD SLEEP\CHECKING.ASM 577 : Found opcode in column 1. (MOVWF)
Warning[203] E:\TESTING\15.KEYPAD_LCD SLEEP\CHECKING.ASM 578 : Found opcode in column 1. (CALL)
Warning[203] E:\TESTING\15.KEYPAD_LCD SLEEP\CHECKING.ASM 579 : Found opcode in column 1. (BCF)
Warning[203] E:\TESTING\15.KEYPAD_LCD SLEEP\CHECKING.ASM 580 : Found opcode in column 1. (CALL)
Warning[203] E:\TESTING\15.KEYPAD_LCD SLEEP\CHECKING.ASM 581 : Found opcode in column 1. (BSF)
Warning[203] E:\TESTING\15.KEYPAD_LCD SLEEP\CHECKING.ASM 582 : Found opcode in column 1. (CALL)
Warning[203] E:\TESTING\15.KEYPAD_LCD SLEEP\CHECKING.ASM 584 : Found opcode in column 1. (MOVLW)
Warning[203] E:\TESTING\15.KEYPAD_LCD SLEEP\CHECKING.ASM 585 : Found opcode in column 1. (MOVWF)
Warning[203] E:\TESTING\15.KEYPAD_LCD SLEEP\CHECKING.ASM 586 : Found opcode in column 1. (CALL)
Warning[203] E:\TESTING\15.KEYPAD_LCD SLEEP\CHECKING.ASM 587 : Found opcode in column 1. (BCF)
Warning[203] E:\TESTING\15.KEYPAD_LCD SLEEP\CHECKING.ASM 590 : Found opcode in column 1. (GOTO)
Warning[203] E:\TESTING\15.KEYPAD_LCD SLEEP\CHECKING.ASM 596 : Found opcode in column 1. (BSF)
Warning[203] E:\TESTING\15.KEYPAD_LCD SLEEP\CHECKING.ASM 597 : Found opcode in column 1. (BCF)
Warning[203] E:\TESTING\15.KEYPAD_LCD SLEEP\CHECKING.ASM 598 : Found opcode in column 1. (CALL)
Warning[203] E:\TESTING\15.KEYPAD_LCD SLEEP\CHECKING.ASM 599 : Found opcode in column 1. (MOVLW)
Warning[203] E:\TESTING\15.KEYPAD_LCD SLEEP\CHECKING.ASM 600 : Found opcode in column 1. (MOVWF)
Warning[203] E:\TESTING\15.KEYPAD_LCD SLEEP\CHECKING.ASM 601 : Found opcode in column 1. (CALL)
Warning[203] E:\TESTING\15.KEYPAD_LCD SLEEP\CHECKING.ASM 602 : Found opcode in column 1. (BCF)
Warning[203] E:\TESTING\15.KEYPAD_LCD SLEEP\CHECKING.ASM 603 : Found opcode in column 1. (CALL)
Warning[203] E:\TESTING\15.KEYPAD_LCD SLEEP\CHECKING.ASM 604 : Found opcode in column 1. (BSF)
Warning[203] E:\TESTING\15.KEYPAD_LCD SLEEP\CHECKING.ASM 605 : Found opcode in column 1. (BSF)
Warning[203] E:\TESTING\15.KEYPAD_LCD SLEEP\CHECKING.ASM 606 : Found opcode in column 1. (CALL)
Warning[203] E:\TESTING\15.KEYPAD_LCD SLEEP\CHECKING.ASM 608 : Found opcode in column 1. (MOVLW)
Warning[203] E:\TESTING\15.KEYPAD_LCD SLEEP\CHECKING.ASM 609 : Found opcode in column 1. (MOVWF)
Warning[203] E:\TESTING\15.KEYPAD_LCD SLEEP\CHECKING.ASM 610 : Found opcode in column 1. (CALL)
Warning[203] E:\TESTING\15.KEYPAD_LCD SLEEP\CHECKING.ASM 611 : Found opcode in column 1. (BCF)
Warning[203] E:\TESTING\15.KEYPAD_LCD SLEEP\CHECKING.ASM 612 : Found opcode in column 1. (CALL)
Warning[203] E:\TESTING\15.KEYPAD_LCD SLEEP\CHECKING.ASM 613 : Found opcode in column 1. (BSF)
Warning[203] E:\TESTING\15.KEYPAD_LCD SLEEP\CHECKING.ASM 614 : Found opcode in column 1. (CALL)
Warning[203] E:\TESTING\15.KEYPAD_LCD SLEEP\CHECKING.ASM 616 : Found opcode in column 1. (MOVLW)
Warning[203] E:\TESTING\15.KEYPAD_LCD SLEEP\CHECKING.ASM 617 : Found opcode in column 1. (MOVWF)
Warning[203] E:\TESTING\15.KEYPAD_LCD SLEEP\CHECKING.ASM 618 : Found opcode in column 1. (CALL)
Warning[203] E:\TESTING\15.KEYPAD_LCD SLEEP\CHECKING.ASM 619 : Found opcode in column 1. (BCF)
Warning[203] E:\TESTING\15.KEYPAD_LCD SLEEP\CHECKING.ASM 620 : Found opcode in column 1. (CALL)
Warning[203] E:\TESTING\15.KEYPAD_LCD SLEEP\CHECKING.ASM 621 : Found opcode in column 1. (BSF)
Warning[203] E:\TESTING\15.KEYPAD_LCD SLEEP\CHECKING.ASM 622 : Found opcode in column 1. (CALL)
Warning[203] E:\TESTING\15.KEYPAD_LCD SLEEP\CHECKING.ASM 624 : Found opcode in column 1. (MOVLW)
Warning[203] E:\TESTING\15.KEYPAD_LCD SLEEP\CHECKING.ASM 625 : Found opcode in column 1. (MOVWF)
Warning[203] E:\TESTING\15.KEYPAD_LCD SLEEP\CHECKING.ASM 626 : Found opcode in column 1. (CALL)
Warning[203] E:\TESTING\15.KEYPAD_LCD SLEEP\CHECKING.ASM 627 : Found opcode in column 1. (BCF)
Warning[203] E:\TESTING\15.KEYPAD_LCD SLEEP\CHECKING.ASM 628 : Found opcode in column 1. (CALL)
Warning[203] E:\TESTING\15.KEYPAD_LCD SLEEP\CHECKING.ASM 629 : Found opcode in column 1. (BSF)
Warning[203] E:\TESTING\15.KEYPAD_LCD SLEEP\CHECKING.ASM 630 : Found opcode in column 1. (CALL)
Warning[203] E:\TESTING\15.KEYPAD_LCD SLEEP\CHECKING.ASM 632 : Found opcode in column 1. (MOVLW)
Warning[203] E:\TESTING\15.KEYPAD_LCD SLEEP\CHECKING.ASM 633 : Found opcode in column 1. (MOVWF)
Warning[203] E:\TESTING\15.KEYPAD_LCD SLEEP\CHECKING.ASM 634 : Found opcode in column 1. (CALL)
Warning[203] E:\TESTING\15.KEYPAD_LCD SLEEP\CHECKING.ASM 635 : Found opcode in column 1. (BCF)
Warning[203] E:\TESTING\15.KEYPAD_LCD SLEEP\CHECKING.ASM 636 : Found opcode in column 1. (CALL)
Warning[203] E:\TESTING\15.KEYPAD_LCD SLEEP\CHECKING.ASM 637 : Found opcode in column 1. (BSF)
Warning[203] E:\TESTING\15.KEYPAD_LCD SLEEP\CHECKING.ASM 638 : Found opcode in column 1. (CALL)
Warning[203] E:\TESTING\15.KEYPAD_LCD SLEEP\CHECKING.ASM 640 : Found opcode in column 1. (MOVLW)
Warning[203] E:\TESTING\15.KEYPAD_LCD SLEEP\CHECKING.ASM 641 : Found opcode in column 1. (MOVWF)
Warning[203] E:\TESTING\15.KEYPAD_LCD SLEEP\CHECKING.ASM 642 : Found opcode in column 1. (CALL)
Warning[203] E:\TESTING\15.KEYPAD_LCD SLEEP\CHECKING.ASM 643 : Found opcode in column 1. (BCF)
Warning[203] E:\TESTING\15.KEYPAD_LCD SLEEP\CHECKING.ASM 644 : Found opcode in column 1. (CALL)
Warning[203] E:\TESTING\15.KEYPAD_LCD SLEEP\CHECKING.ASM 645 : Found opcode in column 1. (BSF)
Warning[203] E:\TESTING\15.KEYPAD_LCD SLEEP\CHECKING.ASM 646 : Found opcode in column 1. (CALL)
Warning[203] E:\TESTING\15.KEYPAD_LCD SLEEP\CHECKING.ASM 648 : Found opcode in column 1. (MOVLW)
Warning[203] E:\TESTING\15.KEYPAD_LCD SLEEP\CHECKING.ASM 649 : Found opcode in column 1. (MOVWF)
Warning[203] E:\TESTING\15.KEYPAD_LCD SLEEP\CHECKING.ASM 650 : Found opcode in column 1. (CALL)
Warning[203] E:\TESTING\15.KEYPAD_LCD SLEEP\CHECKING.ASM 651 : Found opcode in column 1. (BCF)
Warning[203] E:\TESTING\15.KEYPAD_LCD SLEEP\CHECKING.ASM 652 : Found opcode in column 1. (CALL)
Warning[203] E:\TESTING\15.KEYPAD_LCD SLEEP\CHECKING.ASM 653 : Found opcode in column 1. (BSF)
Warning[203] E:\TESTING\15.KEYPAD_LCD SLEEP\CHECKING.ASM 654 : Found opcode in column 1. (CALL)
Warning[203] E:\TESTING\15.KEYPAD_LCD SLEEP\CHECKING.ASM 656 : Found opcode in column 1. (MOVLW)
Warning[203] E:\TESTING\15.KEYPAD_LCD SLEEP\CHECKING.ASM 657 : Found opcode in column 1. (MOVWF)
Warning[203] E:\TESTING\15.KEYPAD_LCD SLEEP\CHECKING.ASM 658 : Found opcode in column 1. (CALL)
Warning[203] E:\TESTING\15.KEYPAD_LCD SLEEP\CHECKING.ASM 659 : Found opcode in column 1. (BCF)
Warning[203] E:\TESTING\15.KEYPAD_LCD SLEEP\CHECKING.ASM 660 : Found opcode in column 1. (CALL)
Warning[203] E:\TESTING\15.KEYPAD_LCD SLEEP\CHECKING.ASM 661 : Found opcode in column 1. (BSF)
Warning[203] E:\TESTING\15.KEYPAD_LCD SLEEP\CHECKING.ASM 662 : Found opcode in column 1. (CALL)
Warning[203] E:\TESTING\15.KEYPAD_LCD SLEEP\CHECKING.ASM 664 : Found opcode in column 1. (MOVLW)
Warning[203] E:\TESTING\15.KEYPAD_LCD SLEEP\CHECKING.ASM 665 : Found opcode in column 1. (MOVWF)
Warning[203] E:\TESTING\15.KEYPAD_LCD SLEEP\CHECKING.ASM 666 : Found opcode in column 1. (CALL)
Warning[203] E:\TESTING\15.KEYPAD_LCD SLEEP\CHECKING.ASM 667 : Found opcode in column 1. (BCF)
Warning[203] E:\TESTING\15.KEYPAD_LCD SLEEP\CHECKING.ASM 668 : Found opcode in column 1. (CALL)
Warning[203] E:\TESTING\15.KEYPAD_LCD SLEEP\CHECKING.ASM 669 : Found opcode in column 1. (BSF)
Warning[203] E:\TESTING\15.KEYPAD_LCD SLEEP\CHECKING.ASM 670 : Found opcode in column 1. (CALL)
Warning[203] E:\TESTING\15.KEYPAD_LCD SLEEP\CHECKING.ASM 672 : Found opcode in column 1. (MOVLW)
Warning[203] E:\TESTING\15.KEYPAD_LCD SLEEP\CHECKING.ASM 673 : Found opcode in column 1. (MOVWF)
Warning[203] E:\TESTING\15.KEYPAD_LCD SLEEP\CHECKING.ASM 674 : Found opcode in column 1. (CALL)
Warning[203] E:\TESTING\15.KEYPAD_LCD SLEEP\CHECKING.ASM 675 : Found opcode in column 1. (BCF)
Warning[203] E:\TESTING\15.KEYPAD_LCD SLEEP\CHECKING.ASM 676 : Found opcode in column 1. (CALL)
Warning[203] E:\TESTING\15.KEYPAD_LCD SLEEP\CHECKING.ASM 677 : Found opcode in column 1. (BSF)
Warning[203] E:\TESTING\15.KEYPAD_LCD SLEEP\CHECKING.ASM 678 : Found opcode in column 1. (CALL)
Warning[203] E:\TESTING\15.KEYPAD_LCD SLEEP\CHECKING.ASM 680 : Found opcode in column 1. (MOVLW)
Warning[203] E:\TESTING\15.KEYPAD_LCD SLEEP\CHECKING.ASM 681 : Found opcode in column 1. (MOVWF)
Warning[203] E:\TESTING\15.KEYPAD_LCD SLEEP\CHECKING.ASM 682 : Found opcode in column 1. (CALL)
Warning[203] E:\TESTING\15.KEYPAD_LCD SLEEP\CHECKING.ASM 683 : Found opcode in column 1. (BCF)
Warning[203] E:\TESTING\15.KEYPAD_LCD SLEEP\CHECKING.ASM 686 : Found opcode in column 1. (GOTO)
Warning[203] E:\TESTING\15.KEYPAD_LCD SLEEP\CHECKING.ASM 691 : Found opcode in column 1. (MOVF)
Warning[203] E:\TESTING\15.KEYPAD_LCD SLEEP\CHECKING.ASM 692 : Found opcode in column 1. (BTFSS)
Warning[203] E:\TESTING\15.KEYPAD_LCD SLEEP\CHECKING.ASM 693 : Found opcode in column 1. (DECF)
Warning[203] E:\TESTING\15.KEYPAD_LCD SLEEP\CHECKING.ASM 694 : Found opcode in column 1. (BTFSC)
Warning[203] E:\TESTING\15.KEYPAD_LCD SLEEP\CHECKING.ASM 695 : Found opcode in column 1. (RETURN)
Warning[203] E:\TESTING\15.KEYPAD_LCD SLEEP\CHECKING.ASM 696 : Found opcode in column 1. (DECF)
Warning[203] E:\TESTING\15.KEYPAD_LCD SLEEP\CHECKING.ASM 697 : Found opcode in column 1. (BTFSC)
Warning[203] E:\TESTING\15.KEYPAD_LCD SLEEP\CHECKING.ASM 698 : Found opcode in column 1. (RETURN)
Warning[203] E:\TESTING\15.KEYPAD_LCD SLEEP\CHECKING.ASM 699 : Found opcode in column 1. (SLEEP)
Warning[203] E:\TESTING\15.KEYPAD_LCD SLEEP\CHECKING.ASM 700 : Found opcode in column 1. (RETURN)
Warning[203] E:\TESTING\15.KEYPAD_LCD SLEEP\CHECKING.ASM 706 : Found opcode in column 1. (MOVLW)
Warning[203] E:\TESTING\15.KEYPAD_LCD SLEEP\CHECKING.ASM 707 : Found opcode in column 1. (MOVWF)
Warning[203] E:\TESTING\15.KEYPAD_LCD SLEEP\CHECKING.ASM 709 : Found opcode in column 1. (MOVLW)
Warning[203] E:\TESTING\15.KEYPAD_LCD SLEEP\CHECKING.ASM 710 : Found opcode in column 1. (MOVWF)
Warning[203] E:\TESTING\15.KEYPAD_LCD SLEEP\CHECKING.ASM 712 : Found opcode in column 1. (DECFSZ)
Warning[203] E:\TESTING\15.KEYPAD_LCD SLEEP\CHECKING.ASM 713 : Found opcode in column 1. (GOTO)
Warning[203] E:\TESTING\15.KEYPAD_LCD SLEEP\CHECKING.ASM 714 : Found opcode in column 1. (DECFSZ)
Warning[203] E:\TESTING\15.KEYPAD_LCD SLEEP\CHECKING.ASM 715 : Found opcode in column 1. (GOTO)
Warning[203] E:\TESTING\15.KEYPAD_LCD SLEEP\CHECKING.ASM 716 : Found opcode in column 1. (RETURN)
Warning[203] E:\TESTING\15.KEYPAD_LCD SLEEP\CHECKING.ASM 719 : Found opcode in column 1. (MOVLW)
Warning[203] E:\TESTING\15.KEYPAD_LCD SLEEP\CHECKING.ASM 720 : Found opcode in column 1. (MOVWF)
Warning[203] E:\TESTING\15.KEYPAD_LCD SLEEP\CHECKING.ASM 722 : Found opcode in column 1. (MOVLW)
Warning[203] E:\TESTING\15.KEYPAD_LCD SLEEP\CHECKING.ASM 723 : Found opcode in column 1. (MOVWF)
Warning[203] E:\TESTING\15.KEYPAD_LCD SLEEP\CHECKING.ASM 725 : Found opcode in column 1. (DECFSZ)
Warning[203] E:\TESTING\15.KEYPAD_LCD SLEEP\CHECKING.ASM 726 : Found opcode in column 1. (GOTO)
Warning[203] E:\TESTING\15.KEYPAD_LCD SLEEP\CHECKING.ASM 727 : Found opcode in column 1. (DECFSZ)
Warning[203] E:\TESTING\15.KEYPAD_LCD SLEEP\CHECKING.ASM 728 : Found opcode in column 1. (GOTO)
Warning[203] E:\TESTING\15.KEYPAD_LCD SLEEP\CHECKING.ASM 729 : Found opcode in column 1. (RETURN)
Warning[205] E:\TESTING\15.KEYPAD_LCD SLEEP\CHECKING.ASM 733 : Found directive in column 1. (END)
