Warning[205] E:\TESTING\15.KEYPAD_LCD SLEEP\USART12.ASM 2 : Found directive in column 1. (LIST)
Warning[205] E:\TESTING\15.KEYPAD_LCD SLEEP\USART12.ASM 3 : Found directive in column 1. (ORG)
Warning[203] E:\TESTING\15.KEYPAD_LCD SLEEP\USART12.ASM 4 : Found opcode in column 1. (GOTO)
Warning[205] E:\TESTING\15.KEYPAD_LCD SLEEP\USART12.ASM 5 : Found directive in column 1. (ORG)
Warning[203] E:\TESTING\15.KEYPAD_LCD SLEEP\USART12.ASM 8 : Found opcode in column 1. (BSF)
Warning[203] E:\TESTING\15.KEYPAD_LCD SLEEP\USART12.ASM 9 : Found opcode in column 1. (CLRF)
Message[302] E:\TESTING\15.KEYPAD_LCD SLEEP\USART12.ASM 9 : Register in operand not in bank 0.  Ensure that bank bits are correct.
Warning[203] E:\TESTING\15.KEYPAD_LCD SLEEP\USART12.ASM 10 : Found opcode in column 1. (MOVLW)
Warning[203] E:\TESTING\15.KEYPAD_LCD SLEEP\USART12.ASM 11 : Found opcode in column 1. (MOVWF)
Message[302] E:\TESTING\15.KEYPAD_LCD SLEEP\USART12.ASM 11 : Register in operand not in bank 0.  Ensure that bank bits are correct.
Warning[203] E:\TESTING\15.KEYPAD_LCD SLEEP\USART12.ASM 12 : Found opcode in column 1. (BCF)
Warning[203] E:\TESTING\15.KEYPAD_LCD SLEEP\USART12.ASM 14 : Found opcode in column 1. (MOVLW)
Warning[203] E:\TESTING\15.KEYPAD_LCD SLEEP\USART12.ASM 15 : Found opcode in column 1. (MOVWF)
Warning[203] E:\TESTING\15.KEYPAD_LCD SLEEP\USART12.ASM 16 : Found opcode in column 1. (BSF)
Warning[203] E:\TESTING\15.KEYPAD_LCD SLEEP\USART12.ASM 17 : Found opcode in column 1. (MOVLW)
Warning[203] E:\TESTING\15.KEYPAD_LCD SLEEP\USART12.ASM 18 : Found opcode in column 1. (MOVWF)
Message[302] E:\TESTING\15.KEYPAD_LCD SLEEP\USART12.ASM 18 : Register in operand not in bank 0.  Ensure that bank bits are correct.
Warning[203] E:\TESTING\15.KEYPAD_LCD SLEEP\USART12.ASM 19 : Found opcode in column 1. (MOVLW)
Warning[203] E:\TESTING\15.KEYPAD_LCD SLEEP\USART12.ASM 20 : Found opcode in column 1. (MOVWF)
Message[302] E:\TESTING\15.KEYPAD_LCD SLEEP\USART12.ASM 20 : Register in operand not in bank 0.  Ensure that bank bits are correct.
Warning[203] E:\TESTING\15.KEYPAD_LCD SLEEP\USART12.ASM 21 : Found opcode in column 1. (BCF)
Warning[203] E:\TESTING\15.KEYPAD_LCD SLEEP\USART12.ASM 22 : Found opcode in column 1. (BSF)
Warning[203] E:\TESTING\15.KEYPAD_LCD SLEEP\USART12.ASM 29 : Found opcode in column 1. (MOVF)
Warning[203] E:\TESTING\15.KEYPAD_LCD SLEEP\USART12.ASM 30 : Found opcode in column 1. (MOVWF)
Warning[203] E:\TESTING\15.KEYPAD_LCD SLEEP\USART12.ASM 32 : Found opcode in column 1. (MOVLW)
Warning[203] E:\TESTING\15.KEYPAD_LCD SLEEP\USART12.ASM 33 : Found opcode in column 1. (SUBWF)
Warning[203] E:\TESTING\15.KEYPAD_LCD SLEEP\USART12.ASM 34 : Found opcode in column 1. (BTFSC)
Warning[203] E:\TESTING\15.KEYPAD_LCD SLEEP\USART12.ASM 35 : Found opcode in column 1. (GOTO)
Warning[203] E:\TESTING\15.KEYPAD_LCD SLEEP\USART12.ASM 36 : Found opcode in column 1. (GOTO)
Warning[203] E:\TESTING\15.KEYPAD_LCD SLEEP\USART12.ASM 44 : Found opcode in column 1. (MOVLW)
Warning[203] E:\TESTING\15.KEYPAD_LCD SLEEP\USART12.ASM 45 : Found opcode in column 1. (MOVWF)
Warning[203] E:\TESTING\15.KEYPAD_LCD SLEEP\USART12.ASM 46 : Found opcode in column 1. (MOVF)
Warning[203] E:\TESTING\15.KEYPAD_LCD SLEEP\USART12.ASM 47 : Found opcode in column 1. (MOVWF)
Warning[203] E:\TESTING\15.KEYPAD_LCD SLEEP\USART12.ASM 48 : Found opcode in column 1. (GOTO)
Warning[205] E:\TESTING\15.KEYPAD_LCD SLEEP\USART12.ASM 51 : Found directive in column 1. (END)
