Warning[205] E:\TESTING\12.TIMER\TIM11.ASM 2 : Found directive in column 1. (LIST)
Warning[205] E:\TESTING\12.TIMER\TIM11.ASM 3 : Found directive in column 1. (ORG)
Warning[203] E:\TESTING\12.TIMER\TIM11.ASM 4 : Found opcode in column 1. (GOTO)
Warning[205] E:\TESTING\12.TIMER\TIM11.ASM 5 : Found directive in column 1. (ORG)
Warning[203] E:\TESTING\12.TIMER\TIM11.ASM 11 : Found opcode in column 1. (BSF)
Warning[203] E:\TESTING\12.TIMER\TIM11.ASM 12 : Found opcode in column 1. (CLRF)
Message[302] E:\TESTING\12.TIMER\TIM11.ASM 12 : Register in operand not in bank 0.  Ensure that bank bits are correct.
Warning[203] E:\TESTING\12.TIMER\TIM11.ASM 13 : Found opcode in column 1. (BCF)
Warning[203] E:\TESTING\12.TIMER\TIM11.ASM 14 : Found opcode in column 1. (CLRF)
Warning[203] E:\TESTING\12.TIMER\TIM11.ASM 20 : Found opcode in column 1. (MOVLW)
Warning[203] E:\TESTING\12.TIMER\TIM11.ASM 21 : Found opcode in column 1. (MOVWF)
Warning[203] E:\TESTING\12.TIMER\TIM11.ASM 24 : Found opcode in column 1. (CALL)
Warning[203] E:\TESTING\12.TIMER\TIM11.ASM 25 : Found opcode in column 1. (MOVF)
Warning[203] E:\TESTING\12.TIMER\TIM11.ASM 26 : Found opcode in column 1. (MOVWF)
Warning[203] E:\TESTING\12.TIMER\TIM11.ASM 27 : Found opcode in column 1. (INCF)
Warning[203] E:\TESTING\12.TIMER\TIM11.ASM 28 : Found opcode in column 1. (SUBLW)
Warning[203] E:\TESTING\12.TIMER\TIM11.ASM 29 : Found opcode in column 1. (BTFSC)
Warning[203] E:\TESTING\12.TIMER\TIM11.ASM 30 : Found opcode in column 1. (GOTO)
Warning[203] E:\TESTING\12.TIMER\TIM11.ASM 31 : Found opcode in column 1. (GOTO)
Warning[203] E:\TESTING\12.TIMER\TIM11.ASM 37 : Found opcode in column 1. (MOVLW)
Warning[203] E:\TESTING\12.TIMER\TIM11.ASM 38 : Found opcode in column 1. (MOVWF)
Warning[203] E:\TESTING\12.TIMER\TIM11.ASM 40 : Found opcode in column 1. (MOVLW)
Warning[203] E:\TESTING\12.TIMER\TIM11.ASM 41 : Found opcode in column 1. (MOVWF)
Warning[203] E:\TESTING\12.TIMER\TIM11.ASM 43 : Found opcode in column 1. (MOVLW)
Warning[203] E:\TESTING\12.TIMER\TIM11.ASM 44 : Found opcode in column 1. (MOVWF)
Warning[203] E:\TESTING\12.TIMER\TIM11.ASM 46 : Found opcode in column 1. (DECFSZ)
Warning[203] E:\TESTING\12.TIMER\TIM11.ASM 47 : Found opcode in column 1. (GOTO)
Warning[203] E:\TESTING\12.TIMER\TIM11.ASM 48 : Found opcode in column 1. (DECFSZ)
Warning[203] E:\TESTING\12.TIMER\TIM11.ASM 49 : Found opcode in column 1. (GOTO)
Warning[203] E:\TESTING\12.TIMER\TIM11.ASM 50 : Found opcode in column 1. (DECFSZ)
Warning[203] E:\TESTING\12.TIMER\TIM11.ASM 51 : Found opcode in column 1. (GOTO)
Warning[203] E:\TESTING\12.TIMER\TIM11.ASM 52 : Found opcode in column 1. (RETURN)
Warning[205] E:\TESTING\12.TIMER\TIM11.ASM 55 : Found directive in column 1. (END)
