Warning[205] E:\TESTING\13.SLEEP\SLEEP.ASM 2 : Found directive in column 1. (LIST)
Warning[203] E:\TESTING\13.SLEEP\SLEEP.ASM 4 : Found opcode in column 1. (GOTO)
Warning[205] E:\TESTING\13.SLEEP\SLEEP.ASM 8 : Found directive in column 1. (ORG)
Warning[203] E:\TESTING\13.SLEEP\SLEEP.ASM 10 : Found opcode in column 1. (BCF)
Warning[203] E:\TESTING\13.SLEEP\SLEEP.ASM 11 : Found opcode in column 1. (BCF)
Warning[203] E:\TESTING\13.SLEEP\SLEEP.ASM 12 : Found opcode in column 1. (BCF)
Warning[203] E:\TESTING\13.SLEEP\SLEEP.ASM 14 : Found opcode in column 1. (INCF)
Message[305] E:\TESTING\13.SLEEP\SLEEP.ASM 14 : Using default destination of 1 (file).
Warning[203] E:\TESTING\13.SLEEP\SLEEP.ASM 15 : Found opcode in column 1. (CALL)
Warning[203] E:\TESTING\13.SLEEP\SLEEP.ASM 16 : Found opcode in column 1. (CLRF)
Warning[203] E:\TESTING\13.SLEEP\SLEEP.ASM 18 : Found opcode in column 1. (BSF)
Warning[203] E:\TESTING\13.SLEEP\SLEEP.ASM 19 : Found opcode in column 1. (BSF)
Warning[203] E:\TESTING\13.SLEEP\SLEEP.ASM 20 : Found opcode in column 1. (RETFIE)
Warning[203] E:\TESTING\13.SLEEP\SLEEP.ASM 25 : Found opcode in column 1. (BSF)
Warning[203] E:\TESTING\13.SLEEP\SLEEP.ASM 26 : Found opcode in column 1. (CLRF)
Message[302] E:\TESTING\13.SLEEP\SLEEP.ASM 26 : Register in operand not in bank 0.  Ensure that bank bits are correct.
Warning[203] E:\TESTING\13.SLEEP\SLEEP.ASM 28 : Found opcode in column 1. (BCF)
Warning[203] E:\TESTING\13.SLEEP\SLEEP.ASM 29 : Found opcode in column 1. (CLRF)
Warning[203] E:\TESTING\13.SLEEP\SLEEP.ASM 30 : Found opcode in column 1. (BSF)
Warning[203] E:\TESTING\13.SLEEP\SLEEP.ASM 31 : Found opcode in column 1. (BSF)
Warning[203] E:\TESTING\13.SLEEP\SLEEP.ASM 34 : Found opcode in column 1. (GOTO)
Warning[203] E:\TESTING\13.SLEEP\SLEEP.ASM 40 : Found opcode in column 1. (MOVLW)
Warning[203] E:\TESTING\13.SLEEP\SLEEP.ASM 41 : Found opcode in column 1. (MOVWF)
Warning[203] E:\TESTING\13.SLEEP\SLEEP.ASM 43 : Found opcode in column 1. (MOVLW)
Warning[203] E:\TESTING\13.SLEEP\SLEEP.ASM 44 : Found opcode in column 1. (MOVWF)
Warning[203] E:\TESTING\13.SLEEP\SLEEP.ASM 46 : Found opcode in column 1. (MOVLW)
Warning[203] E:\TESTING\13.SLEEP\SLEEP.ASM 47 : Found opcode in column 1. (MOVWF)
Warning[203] E:\TESTING\13.SLEEP\SLEEP.ASM 49 : Found opcode in column 1. (DECFSZ)
Warning[203] E:\TESTING\13.SLEEP\SLEEP.ASM 50 : Found opcode in column 1. (GOTO)
Warning[203] E:\TESTING\13.SLEEP\SLEEP.ASM 51 : Found opcode in column 1. (DECFSZ)
Warning[203] E:\TESTING\13.SLEEP\SLEEP.ASM 52 : Found opcode in column 1. (GOTO)
Warning[203] E:\TESTING\13.SLEEP\SLEEP.ASM 53 : Found opcode in column 1. (DECFSZ)
Warning[203] E:\TESTING\13.SLEEP\SLEEP.ASM 54 : Found opcode in column 1. (GOTO)
Warning[203] E:\TESTING\13.SLEEP\SLEEP.ASM 55 : Found opcode in column 1. (RETURN)
Warning[205] E:\TESTING\13.SLEEP\SLEEP.ASM 58 : Found directive in column 1. (END)
