Warning[205] E:\TESTING\14.LCD\LCD.ASM 2 : Found directive in column 1. (LIST)
Warning[203] E:\TESTING\14.LCD\LCD.ASM 4 : Found opcode in column 1. (BSF)
Warning[203] E:\TESTING\14.LCD\LCD.ASM 5 : Found opcode in column 1. (CLRF)
Message[302] E:\TESTING\14.LCD\LCD.ASM 5 : Register in operand not in bank 0.  Ensure that bank bits are correct.
Warning[203] E:\TESTING\14.LCD\LCD.ASM 6 : Found opcode in column 1. (CLRF)
Message[302] E:\TESTING\14.LCD\LCD.ASM 6 : Register in operand not in bank 0.  Ensure that bank bits are correct.
Warning[203] E:\TESTING\14.LCD\LCD.ASM 7 : Found opcode in column 1. (BCF)
Warning[203] E:\TESTING\14.LCD\LCD.ASM 9 : Found opcode in column 1. (BSF)
Warning[203] E:\TESTING\14.LCD\LCD.ASM 10 : Found opcode in column 1. (CLRF)
Warning[203] E:\TESTING\14.LCD\LCD.ASM 11 : Found opcode in column 1. (CLRF)
Warning[203] E:\TESTING\14.LCD\LCD.ASM 14 : Found opcode in column 1. (MOVLW)
Warning[203] E:\TESTING\14.LCD\LCD.ASM 15 : Found opcode in column 1. (MOVWF)
Warning[203] E:\TESTING\14.LCD\LCD.ASM 16 : Found opcode in column 1. (MOVLW)
Warning[203] E:\TESTING\14.LCD\LCD.ASM 17 : Found opcode in column 1. (MOVWF)
Warning[203] E:\TESTING\14.LCD\LCD.ASM 18 : Found opcode in column 1. (CALL)
Warning[203] E:\TESTING\14.LCD\LCD.ASM 21 : Found opcode in column 1. (CALL)
Warning[203] E:\TESTING\14.LCD\LCD.ASM 24 : Found opcode in column 1. (GOTO)
Warning[203] E:\TESTING\14.LCD\LCD.ASM 29 : Found opcode in column 1. (CALL)
Warning[203] E:\TESTING\14.LCD\LCD.ASM 30 : Found opcode in column 1. (BCF)
Warning[203] E:\TESTING\14.LCD\LCD.ASM 31 : Found opcode in column 1. (CALL)
Warning[203] E:\TESTING\14.LCD\LCD.ASM 32 : Found opcode in column 1. (BSF)
Warning[203] E:\TESTING\14.LCD\LCD.ASM 33 : Found opcode in column 1. (RETURN)
Warning[203] E:\TESTING\14.LCD\LCD.ASM 48 : Found opcode in column 1. (MOVLW)
Warning[203] E:\TESTING\14.LCD\LCD.ASM 49 : Found opcode in column 1. (MOVWF)
Warning[203] E:\TESTING\14.LCD\LCD.ASM 51 : Found opcode in column 1. (MOVLW)
Warning[203] E:\TESTING\14.LCD\LCD.ASM 52 : Found opcode in column 1. (MOVWF)
Warning[203] E:\TESTING\14.LCD\LCD.ASM 54 : Found opcode in column 1. (MOVLW)
Warning[203] E:\TESTING\14.LCD\LCD.ASM 55 : Found opcode in column 1. (MOVWF)
Warning[203] E:\TESTING\14.LCD\LCD.ASM 57 : Found opcode in column 1. (DECFSZ)
Warning[203] E:\TESTING\14.LCD\LCD.ASM 58 : Found opcode in column 1. (GOTO)
Warning[203] E:\TESTING\14.LCD\LCD.ASM 59 : Found opcode in column 1. (DECFSZ)
Warning[203] E:\TESTING\14.LCD\LCD.ASM 60 : Found opcode in column 1. (GOTO)
Warning[203] E:\TESTING\14.LCD\LCD.ASM 61 : Found opcode in column 1. (DECFSZ)
Warning[203] E:\TESTING\14.LCD\LCD.ASM 62 : Found opcode in column 1. (GOTO)
Warning[203] E:\TESTING\14.LCD\LCD.ASM 63 : Found opcode in column 1. (RETURN)
Warning[205] E:\TESTING\14.LCD\LCD.ASM 65 : Found directive in column 1. (END)
