Warning[205] E:\TESTING\04. LCD  KEYPAD  DISPLAY\LCD2.ASM 2 : Found directive in column 1. (LIST)
Warning[203] E:\TESTING\04. LCD  KEYPAD  DISPLAY\LCD2.ASM 4 : Found opcode in column 1. (BSF)
Warning[203] E:\TESTING\04. LCD  KEYPAD  DISPLAY\LCD2.ASM 5 : Found opcode in column 1. (CLRF)
Message[302] E:\TESTING\04. LCD  KEYPAD  DISPLAY\LCD2.ASM 5 : Register in operand not in bank 0.  Ensure that bank bits are correct.
Warning[203] E:\TESTING\04. LCD  KEYPAD  DISPLAY\LCD2.ASM 6 : Found opcode in column 1. (CLRF)
Message[302] E:\TESTING\04. LCD  KEYPAD  DISPLAY\LCD2.ASM 6 : Register in operand not in bank 0.  Ensure that bank bits are correct.
Warning[203] E:\TESTING\04. LCD  KEYPAD  DISPLAY\LCD2.ASM 7 : Found opcode in column 1. (MOVLW)
Warning[203] E:\TESTING\04. LCD  KEYPAD  DISPLAY\LCD2.ASM 8 : Found opcode in column 1. (MOVWF)
Message[302] E:\TESTING\04. LCD  KEYPAD  DISPLAY\LCD2.ASM 8 : Register in operand not in bank 0.  Ensure that bank bits are correct.
Warning[203] E:\TESTING\04. LCD  KEYPAD  DISPLAY\LCD2.ASM 9 : Found opcode in column 1. (BCF)
Warning[203] E:\TESTING\04. LCD  KEYPAD  DISPLAY\LCD2.ASM 13 : Found opcode in column 1. (CLRF)
Warning[203] E:\TESTING\04. LCD  KEYPAD  DISPLAY\LCD2.ASM 14 : Found opcode in column 1. (CLRF)
Warning[203] E:\TESTING\04. LCD  KEYPAD  DISPLAY\LCD2.ASM 20 : Found opcode in column 1. (MOVLW)
Warning[203] E:\TESTING\04. LCD  KEYPAD  DISPLAY\LCD2.ASM 21 : Found opcode in column 1. (MOVWF)
Warning[203] E:\TESTING\04. LCD  KEYPAD  DISPLAY\LCD2.ASM 22 : Found opcode in column 1. (MOVLW)
Warning[203] E:\TESTING\04. LCD  KEYPAD  DISPLAY\LCD2.ASM 23 : Found opcode in column 1. (MOVWF)
Warning[203] E:\TESTING\04. LCD  KEYPAD  DISPLAY\LCD2.ASM 24 : Found opcode in column 1. (CALL)
Warning[203] E:\TESTING\04. LCD  KEYPAD  DISPLAY\LCD2.ASM 28 : Found opcode in column 1. (CLRF)
Warning[203] E:\TESTING\04. LCD  KEYPAD  DISPLAY\LCD2.ASM 29 : Found opcode in column 1. (BSF)
Warning[203] E:\TESTING\04. LCD  KEYPAD  DISPLAY\LCD2.ASM 30 : Found opcode in column 1. (BTFSC)
Warning[203] E:\TESTING\04. LCD  KEYPAD  DISPLAY\LCD2.ASM 31 : Found opcode in column 1. (GOTO)
Warning[203] E:\TESTING\04. LCD  KEYPAD  DISPLAY\LCD2.ASM 32 : Found opcode in column 1. (BTFSC)
Warning[203] E:\TESTING\04. LCD  KEYPAD  DISPLAY\LCD2.ASM 33 : Found opcode in column 1. (GOTO)
Warning[203] E:\TESTING\04. LCD  KEYPAD  DISPLAY\LCD2.ASM 34 : Found opcode in column 1. (BTFSC)
Warning[203] E:\TESTING\04. LCD  KEYPAD  DISPLAY\LCD2.ASM 35 : Found opcode in column 1. (GOTO)
Warning[203] E:\TESTING\04. LCD  KEYPAD  DISPLAY\LCD2.ASM 36 : Found opcode in column 1. (GOTO)
Warning[203] E:\TESTING\04. LCD  KEYPAD  DISPLAY\LCD2.ASM 39 : Found opcode in column 1. (BSF)
Warning[203] E:\TESTING\04. LCD  KEYPAD  DISPLAY\LCD2.ASM 40 : Found opcode in column 1. (MOVLW)
Warning[203] E:\TESTING\04. LCD  KEYPAD  DISPLAY\LCD2.ASM 41 : Found opcode in column 1. (MOVWF)
Warning[203] E:\TESTING\04. LCD  KEYPAD  DISPLAY\LCD2.ASM 42 : Found opcode in column 1. (CALL)
Warning[203] E:\TESTING\04. LCD  KEYPAD  DISPLAY\LCD2.ASM 43 : Found opcode in column 1. (GOTO)
Warning[203] E:\TESTING\04. LCD  KEYPAD  DISPLAY\LCD2.ASM 45 : Found opcode in column 1. (BSF)
Warning[203] E:\TESTING\04. LCD  KEYPAD  DISPLAY\LCD2.ASM 46 : Found opcode in column 1. (MOVLW)
Warning[203] E:\TESTING\04. LCD  KEYPAD  DISPLAY\LCD2.ASM 47 : Found opcode in column 1. (MOVWF)
Warning[203] E:\TESTING\04. LCD  KEYPAD  DISPLAY\LCD2.ASM 48 : Found opcode in column 1. (CALL)
Warning[203] E:\TESTING\04. LCD  KEYPAD  DISPLAY\LCD2.ASM 49 : Found opcode in column 1. (GOTO)
Warning[203] E:\TESTING\04. LCD  KEYPAD  DISPLAY\LCD2.ASM 51 : Found opcode in column 1. (BSF)
Warning[203] E:\TESTING\04. LCD  KEYPAD  DISPLAY\LCD2.ASM 52 : Found opcode in column 1. (MOVLW)
Warning[203] E:\TESTING\04. LCD  KEYPAD  DISPLAY\LCD2.ASM 53 : Found opcode in column 1. (MOVWF)
Warning[203] E:\TESTING\04. LCD  KEYPAD  DISPLAY\LCD2.ASM 54 : Found opcode in column 1. (CALL)
Warning[203] E:\TESTING\04. LCD  KEYPAD  DISPLAY\LCD2.ASM 55 : Found opcode in column 1. (GOTO)
Warning[203] E:\TESTING\04. LCD  KEYPAD  DISPLAY\LCD2.ASM 59 : Found opcode in column 1. (CLRF)
Warning[203] E:\TESTING\04. LCD  KEYPAD  DISPLAY\LCD2.ASM 60 : Found opcode in column 1. (BSF)
Warning[203] E:\TESTING\04. LCD  KEYPAD  DISPLAY\LCD2.ASM 61 : Found opcode in column 1. (BTFSC)
Warning[203] E:\TESTING\04. LCD  KEYPAD  DISPLAY\LCD2.ASM 62 : Found opcode in column 1. (GOTO)
Warning[203] E:\TESTING\04. LCD  KEYPAD  DISPLAY\LCD2.ASM 63 : Found opcode in column 1. (BTFSC)
Warning[203] E:\TESTING\04. LCD  KEYPAD  DISPLAY\LCD2.ASM 64 : Found opcode in column 1. (GOTO)
Warning[203] E:\TESTING\04. LCD  KEYPAD  DISPLAY\LCD2.ASM 65 : Found opcode in column 1. (BTFSC)
Warning[203] E:\TESTING\04. LCD  KEYPAD  DISPLAY\LCD2.ASM 66 : Found opcode in column 1. (GOTO)
Warning[203] E:\TESTING\04. LCD  KEYPAD  DISPLAY\LCD2.ASM 67 : Found opcode in column 1. (GOTO)
Warning[203] E:\TESTING\04. LCD  KEYPAD  DISPLAY\LCD2.ASM 70 : Found opcode in column 1. (BSF)
Warning[203] E:\TESTING\04. LCD  KEYPAD  DISPLAY\LCD2.ASM 71 : Found opcode in column 1. (MOVLW)
Warning[203] E:\TESTING\04. LCD  KEYPAD  DISPLAY\LCD2.ASM 72 : Found opcode in column 1. (MOVWF)
Warning[203] E:\TESTING\04. LCD  KEYPAD  DISPLAY\LCD2.ASM 73 : Found opcode in column 1. (CALL)
Warning[203] E:\TESTING\04. LCD  KEYPAD  DISPLAY\LCD2.ASM 74 : Found opcode in column 1. (GOTO)
Warning[203] E:\TESTING\04. LCD  KEYPAD  DISPLAY\LCD2.ASM 76 : Found opcode in column 1. (BSF)
Warning[203] E:\TESTING\04. LCD  KEYPAD  DISPLAY\LCD2.ASM 77 : Found opcode in column 1. (MOVLW)
Warning[203] E:\TESTING\04. LCD  KEYPAD  DISPLAY\LCD2.ASM 78 : Found opcode in column 1. (MOVWF)
Warning[203] E:\TESTING\04. LCD  KEYPAD  DISPLAY\LCD2.ASM 79 : Found opcode in column 1. (CALL)
Warning[203] E:\TESTING\04. LCD  KEYPAD  DISPLAY\LCD2.ASM 80 : Found opcode in column 1. (GOTO)
Warning[203] E:\TESTING\04. LCD  KEYPAD  DISPLAY\LCD2.ASM 82 : Found opcode in column 1. (BSF)
Warning[203] E:\TESTING\04. LCD  KEYPAD  DISPLAY\LCD2.ASM 83 : Found opcode in column 1. (MOVLW)
Warning[203] E:\TESTING\04. LCD  KEYPAD  DISPLAY\LCD2.ASM 84 : Found opcode in column 1. (MOVWF)
Warning[203] E:\TESTING\04. LCD  KEYPAD  DISPLAY\LCD2.ASM 85 : Found opcode in column 1. (CALL)
Warning[203] E:\TESTING\04. LCD  KEYPAD  DISPLAY\LCD2.ASM 86 : Found opcode in column 1. (GOTO)
Warning[203] E:\TESTING\04. LCD  KEYPAD  DISPLAY\LCD2.ASM 90 : Found opcode in column 1. (CLRF)
Warning[203] E:\TESTING\04. LCD  KEYPAD  DISPLAY\LCD2.ASM 91 : Found opcode in column 1. (BSF)
Warning[203] E:\TESTING\04. LCD  KEYPAD  DISPLAY\LCD2.ASM 92 : Found opcode in column 1. (BTFSC)
Warning[203] E:\TESTING\04. LCD  KEYPAD  DISPLAY\LCD2.ASM 93 : Found opcode in column 1. (GOTO)
Warning[203] E:\TESTING\04. LCD  KEYPAD  DISPLAY\LCD2.ASM 94 : Found opcode in column 1. (BTFSC)
Warning[203] E:\TESTING\04. LCD  KEYPAD  DISPLAY\LCD2.ASM 95 : Found opcode in column 1. (GOTO)
Warning[203] E:\TESTING\04. LCD  KEYPAD  DISPLAY\LCD2.ASM 96 : Found opcode in column 1. (BTFSC)
Warning[203] E:\TESTING\04. LCD  KEYPAD  DISPLAY\LCD2.ASM 97 : Found opcode in column 1. (GOTO)
Warning[203] E:\TESTING\04. LCD  KEYPAD  DISPLAY\LCD2.ASM 98 : Found opcode in column 1. (GOTO)
Warning[203] E:\TESTING\04. LCD  KEYPAD  DISPLAY\LCD2.ASM 101 : Found opcode in column 1. (BSF)
Warning[203] E:\TESTING\04. LCD  KEYPAD  DISPLAY\LCD2.ASM 102 : Found opcode in column 1. (MOVLW)
Warning[203] E:\TESTING\04. LCD  KEYPAD  DISPLAY\LCD2.ASM 103 : Found opcode in column 1. (MOVWF)
Warning[203] E:\TESTING\04. LCD  KEYPAD  DISPLAY\LCD2.ASM 104 : Found opcode in column 1. (CALL)
Warning[203] E:\TESTING\04. LCD  KEYPAD  DISPLAY\LCD2.ASM 105 : Found opcode in column 1. (GOTO)
Warning[203] E:\TESTING\04. LCD  KEYPAD  DISPLAY\LCD2.ASM 107 : Found opcode in column 1. (BSF)
Warning[203] E:\TESTING\04. LCD  KEYPAD  DISPLAY\LCD2.ASM 108 : Found opcode in column 1. (MOVLW)
Warning[203] E:\TESTING\04. LCD  KEYPAD  DISPLAY\LCD2.ASM 109 : Found opcode in column 1. (MOVWF)
Warning[203] E:\TESTING\04. LCD  KEYPAD  DISPLAY\LCD2.ASM 110 : Found opcode in column 1. (CALL)
Warning[203] E:\TESTING\04. LCD  KEYPAD  DISPLAY\LCD2.ASM 111 : Found opcode in column 1. (GOTO)
Warning[203] E:\TESTING\04. LCD  KEYPAD  DISPLAY\LCD2.ASM 113 : Found opcode in column 1. (BSF)
Warning[203] E:\TESTING\04. LCD  KEYPAD  DISPLAY\LCD2.ASM 114 : Found opcode in column 1. (MOVLW)
Warning[203] E:\TESTING\04. LCD  KEYPAD  DISPLAY\LCD2.ASM 115 : Found opcode in column 1. (MOVWF)
Warning[203] E:\TESTING\04. LCD  KEYPAD  DISPLAY\LCD2.ASM 116 : Found opcode in column 1. (CALL)
Warning[203] E:\TESTING\04. LCD  KEYPAD  DISPLAY\LCD2.ASM 117 : Found opcode in column 1. (GOTO)
Warning[203] E:\TESTING\04. LCD  KEYPAD  DISPLAY\LCD2.ASM 121 : Found opcode in column 1. (CLRF)
Warning[203] E:\TESTING\04. LCD  KEYPAD  DISPLAY\LCD2.ASM 122 : Found opcode in column 1. (BSF)
Warning[203] E:\TESTING\04. LCD  KEYPAD  DISPLAY\LCD2.ASM 123 : Found opcode in column 1. (BTFSC)
Warning[203] E:\TESTING\04. LCD  KEYPAD  DISPLAY\LCD2.ASM 124 : Found opcode in column 1. (GOTO)
Warning[203] E:\TESTING\04. LCD  KEYPAD  DISPLAY\LCD2.ASM 125 : Found opcode in column 1. (BTFSC)
Warning[203] E:\TESTING\04. LCD  KEYPAD  DISPLAY\LCD2.ASM 126 : Found opcode in column 1. (GOTO)
Warning[203] E:\TESTING\04. LCD  KEYPAD  DISPLAY\LCD2.ASM 127 : Found opcode in column 1. (BTFSC)
Warning[203] E:\TESTING\04. LCD  KEYPAD  DISPLAY\LCD2.ASM 128 : Found opcode in column 1. (GOTO)
Warning[203] E:\TESTING\04. LCD  KEYPAD  DISPLAY\LCD2.ASM 129 : Found opcode in column 1. (GOTO)
Warning[203] E:\TESTING\04. LCD  KEYPAD  DISPLAY\LCD2.ASM 132 : Found opcode in column 1. (BSF)
Warning[203] E:\TESTING\04. LCD  KEYPAD  DISPLAY\LCD2.ASM 133 : Found opcode in column 1. (MOVLW)
Warning[203] E:\TESTING\04. LCD  KEYPAD  DISPLAY\LCD2.ASM 134 : Found opcode in column 1. (MOVWF)
Warning[203] E:\TESTING\04. LCD  KEYPAD  DISPLAY\LCD2.ASM 135 : Found opcode in column 1. (CALL)
Warning[203] E:\TESTING\04. LCD  KEYPAD  DISPLAY\LCD2.ASM 136 : Found opcode in column 1. (GOTO)
Warning[203] E:\TESTING\04. LCD  KEYPAD  DISPLAY\LCD2.ASM 138 : Found opcode in column 1. (BSF)
Warning[203] E:\TESTING\04. LCD  KEYPAD  DISPLAY\LCD2.ASM 139 : Found opcode in column 1. (MOVLW)
Warning[203] E:\TESTING\04. LCD  KEYPAD  DISPLAY\LCD2.ASM 140 : Found opcode in column 1. (MOVWF)
Warning[203] E:\TESTING\04. LCD  KEYPAD  DISPLAY\LCD2.ASM 141 : Found opcode in column 1. (CALL)
Warning[203] E:\TESTING\04. LCD  KEYPAD  DISPLAY\LCD2.ASM 142 : Found opcode in column 1. (GOTO)
Warning[203] E:\TESTING\04. LCD  KEYPAD  DISPLAY\LCD2.ASM 144 : Found opcode in column 1. (BSF)
Warning[203] E:\TESTING\04. LCD  KEYPAD  DISPLAY\LCD2.ASM 145 : Found opcode in column 1. (MOVLW)
Warning[203] E:\TESTING\04. LCD  KEYPAD  DISPLAY\LCD2.ASM 146 : Found opcode in column 1. (MOVWF)
Warning[203] E:\TESTING\04. LCD  KEYPAD  DISPLAY\LCD2.ASM 147 : Found opcode in column 1. (CALL)
Warning[203] E:\TESTING\04. LCD  KEYPAD  DISPLAY\LCD2.ASM 148 : Found opcode in column 1. (GOTO)
Warning[203] E:\TESTING\04. LCD  KEYPAD  DISPLAY\LCD2.ASM 154 : Found opcode in column 1. (CALL)
Warning[203] E:\TESTING\04. LCD  KEYPAD  DISPLAY\LCD2.ASM 155 : Found opcode in column 1. (BCF)
Warning[203] E:\TESTING\04. LCD  KEYPAD  DISPLAY\LCD2.ASM 156 : Found opcode in column 1. (CALL)
Warning[203] E:\TESTING\04. LCD  KEYPAD  DISPLAY\LCD2.ASM 157 : Found opcode in column 1. (BSF)
Warning[203] E:\TESTING\04. LCD  KEYPAD  DISPLAY\LCD2.ASM 158 : Found opcode in column 1. (RETURN)
Warning[203] E:\TESTING\04. LCD  KEYPAD  DISPLAY\LCD2.ASM 162 : Found opcode in column 1. (MOVLW)
Warning[203] E:\TESTING\04. LCD  KEYPAD  DISPLAY\LCD2.ASM 163 : Found opcode in column 1. (MOVWF)
Warning[205] E:\TESTING\04. LCD  KEYPAD  DISPLAY\LCD2.ASM 172 : Found directive in column 1. (END)
