Warning[205] E:\TESTING\08.SERIAL LCD KEYPAD\CHECKING.ASM 2 : Found directive in column 1. (list)
Warning[205] E:\TESTING\08.SERIAL LCD KEYPAD\CHECKING.ASM 3 : Found directive in column 1. (org)
Warning[203] E:\TESTING\08.SERIAL LCD KEYPAD\CHECKING.ASM 5 : Found opcode in column 1. (BSF)
Warning[203] E:\TESTING\08.SERIAL LCD KEYPAD\CHECKING.ASM 6 : Found opcode in column 1. (MOVLW)
Warning[203] E:\TESTING\08.SERIAL LCD KEYPAD\CHECKING.ASM 7 : Found opcode in column 1. (MOVWF)
Message[302] E:\TESTING\08.SERIAL LCD KEYPAD\CHECKING.ASM 7 : Register in operand not in bank 0.  Ensure that bank bits are correct.
Warning[203] E:\TESTING\08.SERIAL LCD KEYPAD\CHECKING.ASM 8 : Found opcode in column 1. (MOVLW)
Warning[203] E:\TESTING\08.SERIAL LCD KEYPAD\CHECKING.ASM 9 : Found opcode in column 1. (MOVWF)
Message[302] E:\TESTING\08.SERIAL LCD KEYPAD\CHECKING.ASM 9 : Register in operand not in bank 0.  Ensure that bank bits are correct.
Warning[203] E:\TESTING\08.SERIAL LCD KEYPAD\CHECKING.ASM 10 : Found opcode in column 1. (MOVWF)
Message[302] E:\TESTING\08.SERIAL LCD KEYPAD\CHECKING.ASM 10 : Register in operand not in bank 0.  Ensure that bank bits are correct.
Warning[203] E:\TESTING\08.SERIAL LCD KEYPAD\CHECKING.ASM 12 : Found opcode in column 1. (MOVLW)
Warning[203] E:\TESTING\08.SERIAL LCD KEYPAD\CHECKING.ASM 13 : Found opcode in column 1. (MOVWF)
Message[302] E:\TESTING\08.SERIAL LCD KEYPAD\CHECKING.ASM 13 : Register in operand not in bank 0.  Ensure that bank bits are correct.
Warning[203] E:\TESTING\08.SERIAL LCD KEYPAD\CHECKING.ASM 14 : Found opcode in column 1. (CLRF)
Message[302] E:\TESTING\08.SERIAL LCD KEYPAD\CHECKING.ASM 14 : Register in operand not in bank 0.  Ensure that bank bits are correct.
Warning[203] E:\TESTING\08.SERIAL LCD KEYPAD\CHECKING.ASM 16 : Found opcode in column 1. (BCF)
Message[302] E:\TESTING\08.SERIAL LCD KEYPAD\CHECKING.ASM 16 : Register in operand not in bank 0.  Ensure that bank bits are correct.
Warning[203] E:\TESTING\08.SERIAL LCD KEYPAD\CHECKING.ASM 17 : Found opcode in column 1. (BCF)
Warning[203] E:\TESTING\08.SERIAL LCD KEYPAD\CHECKING.ASM 18 : Found opcode in column 1. (MOVLW)
Warning[203] E:\TESTING\08.SERIAL LCD KEYPAD\CHECKING.ASM 19 : Found opcode in column 1. (MOVWF)
Warning[203] E:\TESTING\08.SERIAL LCD KEYPAD\CHECKING.ASM 22 : Found opcode in column 1. (BSF)
Warning[203] E:\TESTING\08.SERIAL LCD KEYPAD\CHECKING.ASM 23 : Found opcode in column 1. (MOVLW)
Warning[203] E:\TESTING\08.SERIAL LCD KEYPAD\CHECKING.ASM 24 : Found opcode in column 1. (MOVWF)
Message[302] E:\TESTING\08.SERIAL LCD KEYPAD\CHECKING.ASM 24 : Register in operand not in bank 0.  Ensure that bank bits are correct.
Warning[203] E:\TESTING\08.SERIAL LCD KEYPAD\CHECKING.ASM 25 : Found opcode in column 1. (MOVLW)
Warning[203] E:\TESTING\08.SERIAL LCD KEYPAD\CHECKING.ASM 26 : Found opcode in column 1. (MOVWF)
Message[302] E:\TESTING\08.SERIAL LCD KEYPAD\CHECKING.ASM 26 : Register in operand not in bank 0.  Ensure that bank bits are correct.
Warning[203] E:\TESTING\08.SERIAL LCD KEYPAD\CHECKING.ASM 27 : Found opcode in column 1. (BCF)
Warning[203] E:\TESTING\08.SERIAL LCD KEYPAD\CHECKING.ASM 28 : Found opcode in column 1. (BSF)
Warning[203] E:\TESTING\08.SERIAL LCD KEYPAD\CHECKING.ASM 32 : Found opcode in column 1. (BSF)
Warning[203] E:\TESTING\08.SERIAL LCD KEYPAD\CHECKING.ASM 33 : Found opcode in column 1. (BCF)
Warning[203] E:\TESTING\08.SERIAL LCD KEYPAD\CHECKING.ASM 34 : Found opcode in column 1. (BSF)
Warning[203] E:\TESTING\08.SERIAL LCD KEYPAD\CHECKING.ASM 35 : Found opcode in column 1. (CALL)
Warning[203] E:\TESTING\08.SERIAL LCD KEYPAD\CHECKING.ASM 36 : Found opcode in column 1. (BCF)
Warning[203] E:\TESTING\08.SERIAL LCD KEYPAD\CHECKING.ASM 37 : Found opcode in column 1. (CALL)
Warning[203] E:\TESTING\08.SERIAL LCD KEYPAD\CHECKING.ASM 38 : Found opcode in column 1. (MOVLW)
Warning[203] E:\TESTING\08.SERIAL LCD KEYPAD\CHECKING.ASM 39 : Found opcode in column 1. (MOVWF)
Warning[203] E:\TESTING\08.SERIAL LCD KEYPAD\CHECKING.ASM 40 : Found opcode in column 1. (CALL)
Warning[203] E:\TESTING\08.SERIAL LCD KEYPAD\CHECKING.ASM 41 : Found opcode in column 1. (BCF)
Warning[203] E:\TESTING\08.SERIAL LCD KEYPAD\CHECKING.ASM 42 : Found opcode in column 1. (CALL)
Warning[203] E:\TESTING\08.SERIAL LCD KEYPAD\CHECKING.ASM 43 : Found opcode in column 1. (BSF)
Warning[203] E:\TESTING\08.SERIAL LCD KEYPAD\CHECKING.ASM 44 : Found opcode in column 1. (CALL)
Warning[203] E:\TESTING\08.SERIAL LCD KEYPAD\CHECKING.ASM 45 : Found opcode in column 1. (MOVLW)
Warning[203] E:\TESTING\08.SERIAL LCD KEYPAD\CHECKING.ASM 46 : Found opcode in column 1. (MOVWF)
Warning[203] E:\TESTING\08.SERIAL LCD KEYPAD\CHECKING.ASM 47 : Found opcode in column 1. (CALL)
Warning[203] E:\TESTING\08.SERIAL LCD KEYPAD\CHECKING.ASM 48 : Found opcode in column 1. (BCF)
Warning[203] E:\TESTING\08.SERIAL LCD KEYPAD\CHECKING.ASM 49 : Found opcode in column 1. (CALL)
Warning[203] E:\TESTING\08.SERIAL LCD KEYPAD\CHECKING.ASM 50 : Found opcode in column 1. (BSF)
Warning[203] E:\TESTING\08.SERIAL LCD KEYPAD\CHECKING.ASM 58 : Found opcode in column 1. (MOVLW)
Warning[203] E:\TESTING\08.SERIAL LCD KEYPAD\CHECKING.ASM 59 : Found opcode in column 1. (MOVWF)
Warning[203] E:\TESTING\08.SERIAL LCD KEYPAD\CHECKING.ASM 60 : Found opcode in column 1. (MOVWF)
Warning[203] E:\TESTING\08.SERIAL LCD KEYPAD\CHECKING.ASM 62 : Found opcode in column 1. (MOVLW)
Warning[203] E:\TESTING\08.SERIAL LCD KEYPAD\CHECKING.ASM 63 : Found opcode in column 1. (MOVWF)
Warning[203] E:\TESTING\08.SERIAL LCD KEYPAD\CHECKING.ASM 65 : Found opcode in column 1. (CALL)
Warning[203] E:\TESTING\08.SERIAL LCD KEYPAD\CHECKING.ASM 66 : Found opcode in column 1. (MOVF)
Warning[203] E:\TESTING\08.SERIAL LCD KEYPAD\CHECKING.ASM 67 : Found opcode in column 1. (MOVWF)
Warning[203] E:\TESTING\08.SERIAL LCD KEYPAD\CHECKING.ASM 68 : Found opcode in column 1. (SUBWF)
Warning[203] E:\TESTING\08.SERIAL LCD KEYPAD\CHECKING.ASM 69 : Found opcode in column 1. (BTFSS)
Warning[203] E:\TESTING\08.SERIAL LCD KEYPAD\CHECKING.ASM 70 : Found opcode in column 1. (GOTO)
Warning[203] E:\TESTING\08.SERIAL LCD KEYPAD\CHECKING.ASM 71 : Found opcode in column 1. (INCF)
Warning[203] E:\TESTING\08.SERIAL LCD KEYPAD\CHECKING.ASM 72 : Found opcode in column 1. (call)
Warning[203] E:\TESTING\08.SERIAL LCD KEYPAD\CHECKING.ASM 73 : Found opcode in column 1. (BTFSS)
Warning[203] E:\TESTING\08.SERIAL LCD KEYPAD\CHECKING.ASM 74 : Found opcode in column 1. (GOTO)
Warning[203] E:\TESTING\08.SERIAL LCD KEYPAD\CHECKING.ASM 75 : Found opcode in column 1. (GOTO)
Warning[203] E:\TESTING\08.SERIAL LCD KEYPAD\CHECKING.ASM 79 : Found opcode in column 1. (MOVF)
Warning[203] E:\TESTING\08.SERIAL LCD KEYPAD\CHECKING.ASM 80 : Found opcode in column 1. (MOVWF)
Warning[203] E:\TESTING\08.SERIAL LCD KEYPAD\CHECKING.ASM 81 : Found opcode in column 1. (GOTO)
Warning[203] E:\TESTING\08.SERIAL LCD KEYPAD\CHECKING.ASM 85 : Found opcode in column 1. (MOVLW)
Warning[203] E:\TESTING\08.SERIAL LCD KEYPAD\CHECKING.ASM 86 : Found opcode in column 1. (MOVWF)
Warning[203] E:\TESTING\08.SERIAL LCD KEYPAD\CHECKING.ASM 87 : Found opcode in column 1. (MOVLW)
Warning[203] E:\TESTING\08.SERIAL LCD KEYPAD\CHECKING.ASM 88 : Found opcode in column 1. (MOVWF)
Warning[207] E:\TESTING\08.SERIAL LCD KEYPAD\CHECKING.ASM 89 : Found label after column 1. (sub_loop)
Warning[203] E:\TESTING\08.SERIAL LCD KEYPAD\CHECKING.ASM 113 : Found opcode in column 1. (MOVWF)
Warning[203] E:\TESTING\08.SERIAL LCD KEYPAD\CHECKING.ASM 114 : Found opcode in column 1. (RETURN)
Warning[203] E:\TESTING\08.SERIAL LCD KEYPAD\CHECKING.ASM 117 : Found opcode in column 1. (MOVF)
Warning[203] E:\TESTING\08.SERIAL LCD KEYPAD\CHECKING.ASM 118 : Found opcode in column 1. (MOVWF)
Warning[203] E:\TESTING\08.SERIAL LCD KEYPAD\CHECKING.ASM 119 : Found opcode in column 1. (INCF)
Warning[203] E:\TESTING\08.SERIAL LCD KEYPAD\CHECKING.ASM 120 : Found opcode in column 1. (BTFSC)
Warning[203] E:\TESTING\08.SERIAL LCD KEYPAD\CHECKING.ASM 121 : Found opcode in column 1. (GOTO)
Warning[203] E:\TESTING\08.SERIAL LCD KEYPAD\CHECKING.ASM 122 : Found opcode in column 1. (GOTO)
Warning[203] E:\TESTING\08.SERIAL LCD KEYPAD\CHECKING.ASM 126 : Found opcode in column 1. (MOVF)
Warning[203] E:\TESTING\08.SERIAL LCD KEYPAD\CHECKING.ASM 127 : Found opcode in column 1. (SUBLW)
Warning[203] E:\TESTING\08.SERIAL LCD KEYPAD\CHECKING.ASM 128 : Found opcode in column 1. (MOVWF)
Warning[203] E:\TESTING\08.SERIAL LCD KEYPAD\CHECKING.ASM 129 : Found opcode in column 1. (MOVF)
Warning[203] E:\TESTING\08.SERIAL LCD KEYPAD\CHECKING.ASM 130 : Found opcode in column 1. (BTFSC)
Warning[203] E:\TESTING\08.SERIAL LCD KEYPAD\CHECKING.ASM 131 : Found opcode in column 1. (GOTO)
Warning[203] E:\TESTING\08.SERIAL LCD KEYPAD\CHECKING.ASM 132 : Found opcode in column 1. (MOVF)
Warning[203] E:\TESTING\08.SERIAL LCD KEYPAD\CHECKING.ASM 133 : Found opcode in column 1. (SUBLW)
Warning[203] E:\TESTING\08.SERIAL LCD KEYPAD\CHECKING.ASM 134 : Found opcode in column 1. (MOVWF)
Warning[203] E:\TESTING\08.SERIAL LCD KEYPAD\CHECKING.ASM 135 : Found opcode in column 1. (MOVF)
Warning[203] E:\TESTING\08.SERIAL LCD KEYPAD\CHECKING.ASM 136 : Found opcode in column 1. (BTFSC)
Warning[203] E:\TESTING\08.SERIAL LCD KEYPAD\CHECKING.ASM 137 : Found opcode in column 1. (GOTO)
Warning[203] E:\TESTING\08.SERIAL LCD KEYPAD\CHECKING.ASM 138 : Found opcode in column 1. (MOVF)
Warning[203] E:\TESTING\08.SERIAL LCD KEYPAD\CHECKING.ASM 139 : Found opcode in column 1. (SUBLW)
Warning[203] E:\TESTING\08.SERIAL LCD KEYPAD\CHECKING.ASM 140 : Found opcode in column 1. (MOVWF)
Warning[203] E:\TESTING\08.SERIAL LCD KEYPAD\CHECKING.ASM 141 : Found opcode in column 1. (MOVF)
Warning[203] E:\TESTING\08.SERIAL LCD KEYPAD\CHECKING.ASM 142 : Found opcode in column 1. (BTFSC)
Warning[203] E:\TESTING\08.SERIAL LCD KEYPAD\CHECKING.ASM 143 : Found opcode in column 1. (GOTO)
Warning[203] E:\TESTING\08.SERIAL LCD KEYPAD\CHECKING.ASM 144 : Found opcode in column 1. (GOTO)
Warning[203] E:\TESTING\08.SERIAL LCD KEYPAD\CHECKING.ASM 148 : Found opcode in column 1. (MOVF)
Warning[203] E:\TESTING\08.SERIAL LCD KEYPAD\CHECKING.ASM 149 : Found opcode in column 1. (BTFSC)
Warning[203] E:\TESTING\08.SERIAL LCD KEYPAD\CHECKING.ASM 150 : Found opcode in column 1. (GOTO)
Warning[203] E:\TESTING\08.SERIAL LCD KEYPAD\CHECKING.ASM 151 : Found opcode in column 1. (DECF)
Warning[203] E:\TESTING\08.SERIAL LCD KEYPAD\CHECKING.ASM 152 : Found opcode in column 1. (GOTO)
Warning[203] E:\TESTING\08.SERIAL LCD KEYPAD\CHECKING.ASM 155 : Found opcode in column 1. (MOVF)
Warning[203] E:\TESTING\08.SERIAL LCD KEYPAD\CHECKING.ASM 156 : Found opcode in column 1. (SUBLW)
Warning[203] E:\TESTING\08.SERIAL LCD KEYPAD\CHECKING.ASM 157 : Found opcode in column 1. (MOVWF)
Warning[203] E:\TESTING\08.SERIAL LCD KEYPAD\CHECKING.ASM 158 : Found opcode in column 1. (MOVF)
Warning[203] E:\TESTING\08.SERIAL LCD KEYPAD\CHECKING.ASM 159 : Found opcode in column 1. (BTFSC)
Warning[203] E:\TESTING\08.SERIAL LCD KEYPAD\CHECKING.ASM 160 : Found opcode in column 1. (CLRF)
Warning[203] E:\TESTING\08.SERIAL LCD KEYPAD\CHECKING.ASM 161 : Found opcode in column 1. (INCF)
Warning[203] E:\TESTING\08.SERIAL LCD KEYPAD\CHECKING.ASM 162 : Found opcode in column 1. (MOVLW)
Warning[203] E:\TESTING\08.SERIAL LCD KEYPAD\CHECKING.ASM 163 : Found opcode in column 1. (MOVWF)
Warning[203] E:\TESTING\08.SERIAL LCD KEYPAD\CHECKING.ASM 164 : Found opcode in column 1. (MOVWF)
Warning[203] E:\TESTING\08.SERIAL LCD KEYPAD\CHECKING.ASM 165 : Found opcode in column 1. (MOVF)
Warning[203] E:\TESTING\08.SERIAL LCD KEYPAD\CHECKING.ASM 166 : Found opcode in column 1. (SUBLW)
Warning[203] E:\TESTING\08.SERIAL LCD KEYPAD\CHECKING.ASM 167 : Found opcode in column 1. (MOVWF)
Warning[203] E:\TESTING\08.SERIAL LCD KEYPAD\CHECKING.ASM 168 : Found opcode in column 1. (MOVF)
Warning[203] E:\TESTING\08.SERIAL LCD KEYPAD\CHECKING.ASM 169 : Found opcode in column 1. (BTFSC)
Warning[203] E:\TESTING\08.SERIAL LCD KEYPAD\CHECKING.ASM 170 : Found opcode in column 1. (GOTO)
Warning[203] E:\TESTING\08.SERIAL LCD KEYPAD\CHECKING.ASM 171 : Found opcode in column 1. (MOVF)
Warning[203] E:\TESTING\08.SERIAL LCD KEYPAD\CHECKING.ASM 172 : Found opcode in column 1. (SUBLW)
Warning[203] E:\TESTING\08.SERIAL LCD KEYPAD\CHECKING.ASM 173 : Found opcode in column 1. (MOVWF)
Warning[203] E:\TESTING\08.SERIAL LCD KEYPAD\CHECKING.ASM 174 : Found opcode in column 1. (MOVF)
Warning[203] E:\TESTING\08.SERIAL LCD KEYPAD\CHECKING.ASM 175 : Found opcode in column 1. (BTFSC)
Warning[203] E:\TESTING\08.SERIAL LCD KEYPAD\CHECKING.ASM 176 : Found opcode in column 1. (GOTO)
Warning[203] E:\TESTING\08.SERIAL LCD KEYPAD\CHECKING.ASM 177 : Found opcode in column 1. (MOVF)
Warning[203] E:\TESTING\08.SERIAL LCD KEYPAD\CHECKING.ASM 178 : Found opcode in column 1. (SUBLW)
Warning[203] E:\TESTING\08.SERIAL LCD KEYPAD\CHECKING.ASM 179 : Found opcode in column 1. (MOVWF)
Warning[203] E:\TESTING\08.SERIAL LCD KEYPAD\CHECKING.ASM 180 : Found opcode in column 1. (MOVF)
Warning[203] E:\TESTING\08.SERIAL LCD KEYPAD\CHECKING.ASM 181 : Found opcode in column 1. (BTFSC)
Warning[203] E:\TESTING\08.SERIAL LCD KEYPAD\CHECKING.ASM 182 : Found opcode in column 1. (GOTO)
Warning[203] E:\TESTING\08.SERIAL LCD KEYPAD\CHECKING.ASM 183 : Found opcode in column 1. (MOVF)
Warning[203] E:\TESTING\08.SERIAL LCD KEYPAD\CHECKING.ASM 184 : Found opcode in column 1. (SUBLW)
Warning[203] E:\TESTING\08.SERIAL LCD KEYPAD\CHECKING.ASM 185 : Found opcode in column 1. (MOVWF)
Warning[203] E:\TESTING\08.SERIAL LCD KEYPAD\CHECKING.ASM 186 : Found opcode in column 1. (MOVF)
Warning[203] E:\TESTING\08.SERIAL LCD KEYPAD\CHECKING.ASM 187 : Found opcode in column 1. (BTFSC)
Warning[203] E:\TESTING\08.SERIAL LCD KEYPAD\CHECKING.ASM 188 : Found opcode in column 1. (GOTO)
Warning[203] E:\TESTING\08.SERIAL LCD KEYPAD\CHECKING.ASM 192 : Found opcode in column 1. (MOVF)
Warning[203] E:\TESTING\08.SERIAL LCD KEYPAD\CHECKING.ASM 193 : Found opcode in column 1. (MOVWF)
Warning[203] E:\TESTING\08.SERIAL LCD KEYPAD\CHECKING.ASM 194 : Found opcode in column 1. (GOTO)
Warning[203] E:\TESTING\08.SERIAL LCD KEYPAD\CHECKING.ASM 197 : Found opcode in column 1. (MOVF)
Warning[203] E:\TESTING\08.SERIAL LCD KEYPAD\CHECKING.ASM 198 : Found opcode in column 1. (MOVWF)
Warning[203] E:\TESTING\08.SERIAL LCD KEYPAD\CHECKING.ASM 199 : Found opcode in column 1. (GOTO)
Warning[203] E:\TESTING\08.SERIAL LCD KEYPAD\CHECKING.ASM 202 : Found opcode in column 1. (MOVF)
Warning[203] E:\TESTING\08.SERIAL LCD KEYPAD\CHECKING.ASM 203 : Found opcode in column 1. (MOVWF)
Warning[203] E:\TESTING\08.SERIAL LCD KEYPAD\CHECKING.ASM 204 : Found opcode in column 1. (GOTO)
Warning[203] E:\TESTING\08.SERIAL LCD KEYPAD\CHECKING.ASM 207 : Found opcode in column 1. (MOVF)
Warning[203] E:\TESTING\08.SERIAL LCD KEYPAD\CHECKING.ASM 208 : Found opcode in column 1. (MOVWF)
Warning[203] E:\TESTING\08.SERIAL LCD KEYPAD\CHECKING.ASM 209 : Found opcode in column 1. (GOTO)
Warning[203] E:\TESTING\08.SERIAL LCD KEYPAD\CHECKING.ASM 212 : Found opcode in column 1. (MOVF)
Warning[203] E:\TESTING\08.SERIAL LCD KEYPAD\CHECKING.ASM 213 : Found opcode in column 1. (SUBLW)
Warning[203] E:\TESTING\08.SERIAL LCD KEYPAD\CHECKING.ASM 214 : Found opcode in column 1. (MOVWF)
Warning[203] E:\TESTING\08.SERIAL LCD KEYPAD\CHECKING.ASM 215 : Found opcode in column 1. (MOVF)
Warning[203] E:\TESTING\08.SERIAL LCD KEYPAD\CHECKING.ASM 216 : Found opcode in column 1. (BTFSC)
Warning[203] E:\TESTING\08.SERIAL LCD KEYPAD\CHECKING.ASM 217 : Found opcode in column 1. (CLRF)
Warning[203] E:\TESTING\08.SERIAL LCD KEYPAD\CHECKING.ASM 218 : Found opcode in column 1. (INCF)
Warning[203] E:\TESTING\08.SERIAL LCD KEYPAD\CHECKING.ASM 219 : Found opcode in column 1. (MOVF)
Warning[203] E:\TESTING\08.SERIAL LCD KEYPAD\CHECKING.ASM 220 : Found opcode in column 1. (SUBLW)
Warning[203] E:\TESTING\08.SERIAL LCD KEYPAD\CHECKING.ASM 221 : Found opcode in column 1. (MOVWF)
Warning[203] E:\TESTING\08.SERIAL LCD KEYPAD\CHECKING.ASM 222 : Found opcode in column 1. (MOVF)
Warning[203] E:\TESTING\08.SERIAL LCD KEYPAD\CHECKING.ASM 223 : Found opcode in column 1. (BTFSC)
Warning[203] E:\TESTING\08.SERIAL LCD KEYPAD\CHECKING.ASM 224 : Found opcode in column 1. (GOTO)
Warning[203] E:\TESTING\08.SERIAL LCD KEYPAD\CHECKING.ASM 225 : Found opcode in column 1. (MOVF)
Warning[203] E:\TESTING\08.SERIAL LCD KEYPAD\CHECKING.ASM 226 : Found opcode in column 1. (SUBLW)
Warning[203] E:\TESTING\08.SERIAL LCD KEYPAD\CHECKING.ASM 227 : Found opcode in column 1. (MOVWF)
Warning[203] E:\TESTING\08.SERIAL LCD KEYPAD\CHECKING.ASM 228 : Found opcode in column 1. (MOVF)
Warning[203] E:\TESTING\08.SERIAL LCD KEYPAD\CHECKING.ASM 229 : Found opcode in column 1. (BTFSC)
Warning[203] E:\TESTING\08.SERIAL LCD KEYPAD\CHECKING.ASM 230 : Found opcode in column 1. (GOTO)
Warning[203] E:\TESTING\08.SERIAL LCD KEYPAD\CHECKING.ASM 231 : Found opcode in column 1. (MOVF)
Warning[203] E:\TESTING\08.SERIAL LCD KEYPAD\CHECKING.ASM 232 : Found opcode in column 1. (SUBLW)
Warning[203] E:\TESTING\08.SERIAL LCD KEYPAD\CHECKING.ASM 233 : Found opcode in column 1. (MOVWF)
Warning[203] E:\TESTING\08.SERIAL LCD KEYPAD\CHECKING.ASM 234 : Found opcode in column 1. (MOVF)
Warning[203] E:\TESTING\08.SERIAL LCD KEYPAD\CHECKING.ASM 235 : Found opcode in column 1. (BTFSC)
Warning[203] E:\TESTING\08.SERIAL LCD KEYPAD\CHECKING.ASM 236 : Found opcode in column 1. (GOTO)
Warning[203] E:\TESTING\08.SERIAL LCD KEYPAD\CHECKING.ASM 237 : Found opcode in column 1. (MOVF)
Warning[203] E:\TESTING\08.SERIAL LCD KEYPAD\CHECKING.ASM 238 : Found opcode in column 1. (SUBLW)
Warning[203] E:\TESTING\08.SERIAL LCD KEYPAD\CHECKING.ASM 239 : Found opcode in column 1. (MOVWF)
Warning[203] E:\TESTING\08.SERIAL LCD KEYPAD\CHECKING.ASM 240 : Found opcode in column 1. (MOVF)
Warning[203] E:\TESTING\08.SERIAL LCD KEYPAD\CHECKING.ASM 241 : Found opcode in column 1. (BTFSC)
Warning[203] E:\TESTING\08.SERIAL LCD KEYPAD\CHECKING.ASM 242 : Found opcode in column 1. (GOTO)
Warning[203] E:\TESTING\08.SERIAL LCD KEYPAD\CHECKING.ASM 246 : Found opcode in column 1. (MOVF)
Warning[203] E:\TESTING\08.SERIAL LCD KEYPAD\CHECKING.ASM 247 : Found opcode in column 1. (MOVWF)
Warning[203] E:\TESTING\08.SERIAL LCD KEYPAD\CHECKING.ASM 248 : Found opcode in column 1. (MOVF)
Warning[203] E:\TESTING\08.SERIAL LCD KEYPAD\CHECKING.ASM 249 : Found opcode in column 1. (MOVWF)
Warning[203] E:\TESTING\08.SERIAL LCD KEYPAD\CHECKING.ASM 251 : Found opcode in column 1. (MOVF)
Warning[203] E:\TESTING\08.SERIAL LCD KEYPAD\CHECKING.ASM 252 : Found opcode in column 1. (BTFSC)
Warning[203] E:\TESTING\08.SERIAL LCD KEYPAD\CHECKING.ASM 253 : Found opcode in column 1. (GOTO)
Warning[203] E:\TESTING\08.SERIAL LCD KEYPAD\CHECKING.ASM 254 : Found opcode in column 1. (MOVF)
Warning[203] E:\TESTING\08.SERIAL LCD KEYPAD\CHECKING.ASM 255 : Found opcode in column 1. (SUBLW)
Warning[203] E:\TESTING\08.SERIAL LCD KEYPAD\CHECKING.ASM 256 : Found opcode in column 1. (MOVWF)
Warning[203] E:\TESTING\08.SERIAL LCD KEYPAD\CHECKING.ASM 257 : Found opcode in column 1. (MOVF)
Warning[203] E:\TESTING\08.SERIAL LCD KEYPAD\CHECKING.ASM 258 : Found opcode in column 1. (BTFSC)
Warning[203] E:\TESTING\08.SERIAL LCD KEYPAD\CHECKING.ASM 259 : Found opcode in column 1. (GOTO)
Warning[203] E:\TESTING\08.SERIAL LCD KEYPAD\CHECKING.ASM 260 : Found opcode in column 1. (MOVF)
Warning[203] E:\TESTING\08.SERIAL LCD KEYPAD\CHECKING.ASM 261 : Found opcode in column 1. (SUBLW)
Warning[203] E:\TESTING\08.SERIAL LCD KEYPAD\CHECKING.ASM 262 : Found opcode in column 1. (MOVWF)
Warning[203] E:\TESTING\08.SERIAL LCD KEYPAD\CHECKING.ASM 263 : Found opcode in column 1. (MOVF)
Warning[203] E:\TESTING\08.SERIAL LCD KEYPAD\CHECKING.ASM 264 : Found opcode in column 1. (BTFSC)
Warning[203] E:\TESTING\08.SERIAL LCD KEYPAD\CHECKING.ASM 265 : Found opcode in column 1. (GOTO)
Warning[203] E:\TESTING\08.SERIAL LCD KEYPAD\CHECKING.ASM 266 : Found opcode in column 1. (MOVF)
Warning[203] E:\TESTING\08.SERIAL LCD KEYPAD\CHECKING.ASM 267 : Found opcode in column 1. (SUBLW)
Warning[203] E:\TESTING\08.SERIAL LCD KEYPAD\CHECKING.ASM 268 : Found opcode in column 1. (MOVWF)
Warning[203] E:\TESTING\08.SERIAL LCD KEYPAD\CHECKING.ASM 269 : Found opcode in column 1. (MOVF)
Warning[203] E:\TESTING\08.SERIAL LCD KEYPAD\CHECKING.ASM 270 : Found opcode in column 1. (BTFSC)
Warning[203] E:\TESTING\08.SERIAL LCD KEYPAD\CHECKING.ASM 271 : Found opcode in column 1. (GOTO)
Warning[203] E:\TESTING\08.SERIAL LCD KEYPAD\CHECKING.ASM 272 : Found opcode in column 1. (MOVF)
Warning[203] E:\TESTING\08.SERIAL LCD KEYPAD\CHECKING.ASM 273 : Found opcode in column 1. (SUBLW)
Warning[203] E:\TESTING\08.SERIAL LCD KEYPAD\CHECKING.ASM 274 : Found opcode in column 1. (MOVWF)
Warning[203] E:\TESTING\08.SERIAL LCD KEYPAD\CHECKING.ASM 275 : Found opcode in column 1. (MOVF)
Warning[203] E:\TESTING\08.SERIAL LCD KEYPAD\CHECKING.ASM 276 : Found opcode in column 1. (BTFSC)
Warning[203] E:\TESTING\08.SERIAL LCD KEYPAD\CHECKING.ASM 277 : Found opcode in column 1. (GOTO)
Warning[203] E:\TESTING\08.SERIAL LCD KEYPAD\CHECKING.ASM 282 : Found opcode in column 1. (BSF)
Warning[203] E:\TESTING\08.SERIAL LCD KEYPAD\CHECKING.ASM 283 : Found opcode in column 1. (BCF)
Warning[203] E:\TESTING\08.SERIAL LCD KEYPAD\CHECKING.ASM 284 : Found opcode in column 1. (CALL)
Warning[203] E:\TESTING\08.SERIAL LCD KEYPAD\CHECKING.ASM 285 : Found opcode in column 1. (MOVLW)
Warning[203] E:\TESTING\08.SERIAL LCD KEYPAD\CHECKING.ASM 286 : Found opcode in column 1. (MOVWF)
Warning[203] E:\TESTING\08.SERIAL LCD KEYPAD\CHECKING.ASM 287 : Found opcode in column 1. (CALL)
Warning[203] E:\TESTING\08.SERIAL LCD KEYPAD\CHECKING.ASM 288 : Found opcode in column 1. (BCF)
Warning[203] E:\TESTING\08.SERIAL LCD KEYPAD\CHECKING.ASM 289 : Found opcode in column 1. (CALL)
Warning[203] E:\TESTING\08.SERIAL LCD KEYPAD\CHECKING.ASM 290 : Found opcode in column 1. (BSF)
Warning[203] E:\TESTING\08.SERIAL LCD KEYPAD\CHECKING.ASM 291 : Found opcode in column 1. (BSF)
Warning[203] E:\TESTING\08.SERIAL LCD KEYPAD\CHECKING.ASM 292 : Found opcode in column 1. (CALL)
Warning[203] E:\TESTING\08.SERIAL LCD KEYPAD\CHECKING.ASM 293 : Found opcode in column 1. (MOVF)
Warning[203] E:\TESTING\08.SERIAL LCD KEYPAD\CHECKING.ASM 294 : Found opcode in column 1. (ADDLW)
Warning[203] E:\TESTING\08.SERIAL LCD KEYPAD\CHECKING.ASM 295 : Found opcode in column 1. (MOVWF)
Warning[203] E:\TESTING\08.SERIAL LCD KEYPAD\CHECKING.ASM 296 : Found opcode in column 1. (CALL)
Warning[203] E:\TESTING\08.SERIAL LCD KEYPAD\CHECKING.ASM 297 : Found opcode in column 1. (BCF)
Warning[203] E:\TESTING\08.SERIAL LCD KEYPAD\CHECKING.ASM 300 : Found opcode in column 1. (GOTO)
Warning[203] E:\TESTING\08.SERIAL LCD KEYPAD\CHECKING.ASM 303 : Found opcode in column 1. (BSF)
Warning[203] E:\TESTING\08.SERIAL LCD KEYPAD\CHECKING.ASM 304 : Found opcode in column 1. (BCF)
Warning[203] E:\TESTING\08.SERIAL LCD KEYPAD\CHECKING.ASM 305 : Found opcode in column 1. (CALL)
Warning[203] E:\TESTING\08.SERIAL LCD KEYPAD\CHECKING.ASM 306 : Found opcode in column 1. (MOVLW)
Warning[203] E:\TESTING\08.SERIAL LCD KEYPAD\CHECKING.ASM 307 : Found opcode in column 1. (MOVWF)
Warning[203] E:\TESTING\08.SERIAL LCD KEYPAD\CHECKING.ASM 308 : Found opcode in column 1. (CALL)
Warning[203] E:\TESTING\08.SERIAL LCD KEYPAD\CHECKING.ASM 309 : Found opcode in column 1. (BCF)
Warning[203] E:\TESTING\08.SERIAL LCD KEYPAD\CHECKING.ASM 310 : Found opcode in column 1. (CALL)
Warning[203] E:\TESTING\08.SERIAL LCD KEYPAD\CHECKING.ASM 311 : Found opcode in column 1. (BSF)
Warning[203] E:\TESTING\08.SERIAL LCD KEYPAD\CHECKING.ASM 312 : Found opcode in column 1. (BSF)
Warning[203] E:\TESTING\08.SERIAL LCD KEYPAD\CHECKING.ASM 313 : Found opcode in column 1. (CALL)
Warning[203] E:\TESTING\08.SERIAL LCD KEYPAD\CHECKING.ASM 314 : Found opcode in column 1. (MOVF)
Warning[203] E:\TESTING\08.SERIAL LCD KEYPAD\CHECKING.ASM 315 : Found opcode in column 1. (ADDLW)
Warning[203] E:\TESTING\08.SERIAL LCD KEYPAD\CHECKING.ASM 316 : Found opcode in column 1. (MOVWF)
Warning[203] E:\TESTING\08.SERIAL LCD KEYPAD\CHECKING.ASM 317 : Found opcode in column 1. (CALL)
Warning[203] E:\TESTING\08.SERIAL LCD KEYPAD\CHECKING.ASM 318 : Found opcode in column 1. (BCF)
Warning[203] E:\TESTING\08.SERIAL LCD KEYPAD\CHECKING.ASM 319 : Found opcode in column 1. (CALL)
Warning[203] E:\TESTING\08.SERIAL LCD KEYPAD\CHECKING.ASM 320 : Found opcode in column 1. (BSF)
Warning[203] E:\TESTING\08.SERIAL LCD KEYPAD\CHECKING.ASM 321 : Found opcode in column 1. (CALL)
Warning[203] E:\TESTING\08.SERIAL LCD KEYPAD\CHECKING.ASM 322 : Found opcode in column 1. (MOVF)
Warning[203] E:\TESTING\08.SERIAL LCD KEYPAD\CHECKING.ASM 323 : Found opcode in column 1. (ADDLW)
Warning[203] E:\TESTING\08.SERIAL LCD KEYPAD\CHECKING.ASM 324 : Found opcode in column 1. (MOVWF)
Warning[203] E:\TESTING\08.SERIAL LCD KEYPAD\CHECKING.ASM 325 : Found opcode in column 1. (CALL)
Warning[203] E:\TESTING\08.SERIAL LCD KEYPAD\CHECKING.ASM 326 : Found opcode in column 1. (BCF)
Warning[203] E:\TESTING\08.SERIAL LCD KEYPAD\CHECKING.ASM 327 : Found opcode in column 1. (GOTO)
Warning[203] E:\TESTING\08.SERIAL LCD KEYPAD\CHECKING.ASM 330 : Found opcode in column 1. (BSF)
Warning[203] E:\TESTING\08.SERIAL LCD KEYPAD\CHECKING.ASM 331 : Found opcode in column 1. (BCF)
Warning[203] E:\TESTING\08.SERIAL LCD KEYPAD\CHECKING.ASM 332 : Found opcode in column 1. (CALL)
Warning[203] E:\TESTING\08.SERIAL LCD KEYPAD\CHECKING.ASM 333 : Found opcode in column 1. (MOVLW)
Warning[203] E:\TESTING\08.SERIAL LCD KEYPAD\CHECKING.ASM 334 : Found opcode in column 1. (MOVWF)
Warning[203] E:\TESTING\08.SERIAL LCD KEYPAD\CHECKING.ASM 335 : Found opcode in column 1. (CALL)
Warning[203] E:\TESTING\08.SERIAL LCD KEYPAD\CHECKING.ASM 336 : Found opcode in column 1. (BCF)
Warning[203] E:\TESTING\08.SERIAL LCD KEYPAD\CHECKING.ASM 337 : Found opcode in column 1. (CALL)
Warning[203] E:\TESTING\08.SERIAL LCD KEYPAD\CHECKING.ASM 338 : Found opcode in column 1. (BSF)
Warning[203] E:\TESTING\08.SERIAL LCD KEYPAD\CHECKING.ASM 339 : Found opcode in column 1. (BSF)
Warning[203] E:\TESTING\08.SERIAL LCD KEYPAD\CHECKING.ASM 340 : Found opcode in column 1. (CALL)
Warning[203] E:\TESTING\08.SERIAL LCD KEYPAD\CHECKING.ASM 341 : Found opcode in column 1. (MOVF)
Warning[203] E:\TESTING\08.SERIAL LCD KEYPAD\CHECKING.ASM 342 : Found opcode in column 1. (ADDLW)
Warning[203] E:\TESTING\08.SERIAL LCD KEYPAD\CHECKING.ASM 343 : Found opcode in column 1. (MOVWF)
Warning[203] E:\TESTING\08.SERIAL LCD KEYPAD\CHECKING.ASM 344 : Found opcode in column 1. (CALL)
Warning[203] E:\TESTING\08.SERIAL LCD KEYPAD\CHECKING.ASM 345 : Found opcode in column 1. (BCF)
Warning[203] E:\TESTING\08.SERIAL LCD KEYPAD\CHECKING.ASM 346 : Found opcode in column 1. (CALL)
Warning[203] E:\TESTING\08.SERIAL LCD KEYPAD\CHECKING.ASM 347 : Found opcode in column 1. (BSF)
Warning[203] E:\TESTING\08.SERIAL LCD KEYPAD\CHECKING.ASM 348 : Found opcode in column 1. (CALL)
Warning[203] E:\TESTING\08.SERIAL LCD KEYPAD\CHECKING.ASM 349 : Found opcode in column 1. (MOVF)
Warning[203] E:\TESTING\08.SERIAL LCD KEYPAD\CHECKING.ASM 350 : Found opcode in column 1. (ADDLW)
Warning[203] E:\TESTING\08.SERIAL LCD KEYPAD\CHECKING.ASM 351 : Found opcode in column 1. (MOVWF)
Warning[203] E:\TESTING\08.SERIAL LCD KEYPAD\CHECKING.ASM 352 : Found opcode in column 1. (CALL)
Warning[203] E:\TESTING\08.SERIAL LCD KEYPAD\CHECKING.ASM 353 : Found opcode in column 1. (BCF)
Warning[203] E:\TESTING\08.SERIAL LCD KEYPAD\CHECKING.ASM 354 : Found opcode in column 1. (CALL)
Warning[203] E:\TESTING\08.SERIAL LCD KEYPAD\CHECKING.ASM 355 : Found opcode in column 1. (BSF)
Warning[203] E:\TESTING\08.SERIAL LCD KEYPAD\CHECKING.ASM 356 : Found opcode in column 1. (CALL)
Warning[203] E:\TESTING\08.SERIAL LCD KEYPAD\CHECKING.ASM 357 : Found opcode in column 1. (MOVF)
Warning[203] E:\TESTING\08.SERIAL LCD KEYPAD\CHECKING.ASM 358 : Found opcode in column 1. (ADDLW)
Warning[203] E:\TESTING\08.SERIAL LCD KEYPAD\CHECKING.ASM 359 : Found opcode in column 1. (MOVWF)
Warning[203] E:\TESTING\08.SERIAL LCD KEYPAD\CHECKING.ASM 360 : Found opcode in column 1. (CALL)
Warning[203] E:\TESTING\08.SERIAL LCD KEYPAD\CHECKING.ASM 361 : Found opcode in column 1. (BCF)
Warning[203] E:\TESTING\08.SERIAL LCD KEYPAD\CHECKING.ASM 362 : Found opcode in column 1. (GOTO)
Warning[203] E:\TESTING\08.SERIAL LCD KEYPAD\CHECKING.ASM 365 : Found opcode in column 1. (BSF)
Warning[203] E:\TESTING\08.SERIAL LCD KEYPAD\CHECKING.ASM 366 : Found opcode in column 1. (BCF)
Warning[203] E:\TESTING\08.SERIAL LCD KEYPAD\CHECKING.ASM 367 : Found opcode in column 1. (CALL)
Warning[203] E:\TESTING\08.SERIAL LCD KEYPAD\CHECKING.ASM 368 : Found opcode in column 1. (MOVLW)
Warning[203] E:\TESTING\08.SERIAL LCD KEYPAD\CHECKING.ASM 369 : Found opcode in column 1. (MOVWF)
Warning[203] E:\TESTING\08.SERIAL LCD KEYPAD\CHECKING.ASM 370 : Found opcode in column 1. (CALL)
Warning[203] E:\TESTING\08.SERIAL LCD KEYPAD\CHECKING.ASM 371 : Found opcode in column 1. (BCF)
Warning[203] E:\TESTING\08.SERIAL LCD KEYPAD\CHECKING.ASM 372 : Found opcode in column 1. (CALL)
Warning[203] E:\TESTING\08.SERIAL LCD KEYPAD\CHECKING.ASM 373 : Found opcode in column 1. (BSF)
Warning[203] E:\TESTING\08.SERIAL LCD KEYPAD\CHECKING.ASM 374 : Found opcode in column 1. (BSF)
Warning[203] E:\TESTING\08.SERIAL LCD KEYPAD\CHECKING.ASM 375 : Found opcode in column 1. (CALL)
Warning[203] E:\TESTING\08.SERIAL LCD KEYPAD\CHECKING.ASM 376 : Found opcode in column 1. (MOVF)
Warning[203] E:\TESTING\08.SERIAL LCD KEYPAD\CHECKING.ASM 377 : Found opcode in column 1. (ADDLW)
Warning[203] E:\TESTING\08.SERIAL LCD KEYPAD\CHECKING.ASM 378 : Found opcode in column 1. (MOVWF)
Warning[203] E:\TESTING\08.SERIAL LCD KEYPAD\CHECKING.ASM 379 : Found opcode in column 1. (CALL)
Warning[203] E:\TESTING\08.SERIAL LCD KEYPAD\CHECKING.ASM 380 : Found opcode in column 1. (BCF)
Warning[203] E:\TESTING\08.SERIAL LCD KEYPAD\CHECKING.ASM 381 : Found opcode in column 1. (CALL)
Warning[203] E:\TESTING\08.SERIAL LCD KEYPAD\CHECKING.ASM 382 : Found opcode in column 1. (BSF)
Warning[203] E:\TESTING\08.SERIAL LCD KEYPAD\CHECKING.ASM 383 : Found opcode in column 1. (CALL)
Warning[203] E:\TESTING\08.SERIAL LCD KEYPAD\CHECKING.ASM 384 : Found opcode in column 1. (MOVF)
Warning[203] E:\TESTING\08.SERIAL LCD KEYPAD\CHECKING.ASM 385 : Found opcode in column 1. (ADDLW)
Warning[203] E:\TESTING\08.SERIAL LCD KEYPAD\CHECKING.ASM 386 : Found opcode in column 1. (MOVWF)
Warning[203] E:\TESTING\08.SERIAL LCD KEYPAD\CHECKING.ASM 387 : Found opcode in column 1. (CALL)
Warning[203] E:\TESTING\08.SERIAL LCD KEYPAD\CHECKING.ASM 388 : Found opcode in column 1. (BCF)
Warning[203] E:\TESTING\08.SERIAL LCD KEYPAD\CHECKING.ASM 389 : Found opcode in column 1. (CALL)
Warning[203] E:\TESTING\08.SERIAL LCD KEYPAD\CHECKING.ASM 390 : Found opcode in column 1. (BSF)
Warning[203] E:\TESTING\08.SERIAL LCD KEYPAD\CHECKING.ASM 391 : Found opcode in column 1. (CALL)
Warning[203] E:\TESTING\08.SERIAL LCD KEYPAD\CHECKING.ASM 392 : Found opcode in column 1. (MOVF)
Warning[203] E:\TESTING\08.SERIAL LCD KEYPAD\CHECKING.ASM 393 : Found opcode in column 1. (ADDLW)
Warning[203] E:\TESTING\08.SERIAL LCD KEYPAD\CHECKING.ASM 394 : Found opcode in column 1. (MOVWF)
Warning[203] E:\TESTING\08.SERIAL LCD KEYPAD\CHECKING.ASM 395 : Found opcode in column 1. (CALL)
Warning[203] E:\TESTING\08.SERIAL LCD KEYPAD\CHECKING.ASM 396 : Found opcode in column 1. (BCF)
Warning[203] E:\TESTING\08.SERIAL LCD KEYPAD\CHECKING.ASM 397 : Found opcode in column 1. (CALL)
Warning[203] E:\TESTING\08.SERIAL LCD KEYPAD\CHECKING.ASM 398 : Found opcode in column 1. (BSF)
Warning[203] E:\TESTING\08.SERIAL LCD KEYPAD\CHECKING.ASM 399 : Found opcode in column 1. (CALL)
Warning[203] E:\TESTING\08.SERIAL LCD KEYPAD\CHECKING.ASM 400 : Found opcode in column 1. (MOVF)
Warning[203] E:\TESTING\08.SERIAL LCD KEYPAD\CHECKING.ASM 401 : Found opcode in column 1. (ADDLW)
Warning[203] E:\TESTING\08.SERIAL LCD KEYPAD\CHECKING.ASM 402 : Found opcode in column 1. (MOVWF)
Warning[203] E:\TESTING\08.SERIAL LCD KEYPAD\CHECKING.ASM 403 : Found opcode in column 1. (CALL)
Warning[203] E:\TESTING\08.SERIAL LCD KEYPAD\CHECKING.ASM 404 : Found opcode in column 1. (BCF)
Warning[203] E:\TESTING\08.SERIAL LCD KEYPAD\CHECKING.ASM 405 : Found opcode in column 1. (GOTO)
Warning[203] E:\TESTING\08.SERIAL LCD KEYPAD\CHECKING.ASM 408 : Found opcode in column 1. (BSF)
Warning[203] E:\TESTING\08.SERIAL LCD KEYPAD\CHECKING.ASM 409 : Found opcode in column 1. (BCF)
Warning[203] E:\TESTING\08.SERIAL LCD KEYPAD\CHECKING.ASM 410 : Found opcode in column 1. (CALL)
Warning[203] E:\TESTING\08.SERIAL LCD KEYPAD\CHECKING.ASM 411 : Found opcode in column 1. (MOVLW)
Warning[203] E:\TESTING\08.SERIAL LCD KEYPAD\CHECKING.ASM 412 : Found opcode in column 1. (MOVWF)
Warning[203] E:\TESTING\08.SERIAL LCD KEYPAD\CHECKING.ASM 413 : Found opcode in column 1. (CALL)
Warning[203] E:\TESTING\08.SERIAL LCD KEYPAD\CHECKING.ASM 414 : Found opcode in column 1. (BCF)
Warning[203] E:\TESTING\08.SERIAL LCD KEYPAD\CHECKING.ASM 415 : Found opcode in column 1. (GOTO)
Warning[203] E:\TESTING\08.SERIAL LCD KEYPAD\CHECKING.ASM 421 : Found opcode in column 1. (MOVLW)
Warning[203] E:\TESTING\08.SERIAL LCD KEYPAD\CHECKING.ASM 422 : Found opcode in column 1. (MOVWF)
Warning[203] E:\TESTING\08.SERIAL LCD KEYPAD\CHECKING.ASM 424 : Found opcode in column 1. (MOVLW)
Warning[203] E:\TESTING\08.SERIAL LCD KEYPAD\CHECKING.ASM 425 : Found opcode in column 1. (MOVWF)
Warning[203] E:\TESTING\08.SERIAL LCD KEYPAD\CHECKING.ASM 427 : Found opcode in column 1. (DECFSZ)
Warning[203] E:\TESTING\08.SERIAL LCD KEYPAD\CHECKING.ASM 428 : Found opcode in column 1. (GOTO)
Warning[203] E:\TESTING\08.SERIAL LCD KEYPAD\CHECKING.ASM 429 : Found opcode in column 1. (DECFSZ)
Warning[203] E:\TESTING\08.SERIAL LCD KEYPAD\CHECKING.ASM 430 : Found opcode in column 1. (GOTO)
Warning[203] E:\TESTING\08.SERIAL LCD KEYPAD\CHECKING.ASM 431 : Found opcode in column 1. (RETURN)
Warning[203] E:\TESTING\08.SERIAL LCD KEYPAD\CHECKING.ASM 436 : Found opcode in column 1. (GOTO)
Warning[205] E:\TESTING\08.SERIAL LCD KEYPAD\CHECKING.ASM 438 : Found directive in column 1. (end)
