Warning[205] E:\TESTING\07.SERIAL SSD KEYPAD\VISHNU 11-09\TEMP123.ASM 2 : Found directive in column 1. (LIST)
Warning[205] E:\TESTING\07.SERIAL SSD KEYPAD\VISHNU 11-09\TEMP123.ASM 3 : Found directive in column 1. (ORG)
Warning[203] E:\TESTING\07.SERIAL SSD KEYPAD\VISHNU 11-09\TEMP123.ASM 4 : Found opcode in column 1. (GOTO)
Warning[205] E:\TESTING\07.SERIAL SSD KEYPAD\VISHNU 11-09\TEMP123.ASM 5 : Found directive in column 1. (ORG)
Warning[203] E:\TESTING\07.SERIAL SSD KEYPAD\VISHNU 11-09\TEMP123.ASM 9 : Found opcode in column 1. (BSF)
Warning[203] E:\TESTING\07.SERIAL SSD KEYPAD\VISHNU 11-09\TEMP123.ASM 10 : Found opcode in column 1. (MOVLW)
Warning[203] E:\TESTING\07.SERIAL SSD KEYPAD\VISHNU 11-09\TEMP123.ASM 11 : Found opcode in column 1. (MOVWF)
Message[302] E:\TESTING\07.SERIAL SSD KEYPAD\VISHNU 11-09\TEMP123.ASM 11 : Register in operand not in bank 0.  Ensure that bank bits are correct.
Warning[203] E:\TESTING\07.SERIAL SSD KEYPAD\VISHNU 11-09\TEMP123.ASM 12 : Found opcode in column 1. (CLRF)
Message[302] E:\TESTING\07.SERIAL SSD KEYPAD\VISHNU 11-09\TEMP123.ASM 12 : Register in operand not in bank 0.  Ensure that bank bits are correct.
Warning[203] E:\TESTING\07.SERIAL SSD KEYPAD\VISHNU 11-09\TEMP123.ASM 13 : Found opcode in column 1. (CLRF)
Message[302] E:\TESTING\07.SERIAL SSD KEYPAD\VISHNU 11-09\TEMP123.ASM 13 : Register in operand not in bank 0.  Ensure that bank bits are correct.
Warning[203] E:\TESTING\07.SERIAL SSD KEYPAD\VISHNU 11-09\TEMP123.ASM 14 : Found opcode in column 1. (BCF)
Message[302] E:\TESTING\07.SERIAL SSD KEYPAD\VISHNU 11-09\TEMP123.ASM 14 : Register in operand not in bank 0.  Ensure that bank bits are correct.
Warning[203] E:\TESTING\07.SERIAL SSD KEYPAD\VISHNU 11-09\TEMP123.ASM 15 : Found opcode in column 1. (MOVLW)
Warning[203] E:\TESTING\07.SERIAL SSD KEYPAD\VISHNU 11-09\TEMP123.ASM 16 : Found opcode in column 1. (MOVWF)
Message[302] E:\TESTING\07.SERIAL SSD KEYPAD\VISHNU 11-09\TEMP123.ASM 16 : Register in operand not in bank 0.  Ensure that bank bits are correct.
Warning[203] E:\TESTING\07.SERIAL SSD KEYPAD\VISHNU 11-09\TEMP123.ASM 17 : Found opcode in column 1. (BCF)
Warning[203] E:\TESTING\07.SERIAL SSD KEYPAD\VISHNU 11-09\TEMP123.ASM 18 : Found opcode in column 1. (MOVLW)
Warning[203] E:\TESTING\07.SERIAL SSD KEYPAD\VISHNU 11-09\TEMP123.ASM 19 : Found opcode in column 1. (MOVWF)
Warning[203] E:\TESTING\07.SERIAL SSD KEYPAD\VISHNU 11-09\TEMP123.ASM 20 : Found opcode in column 1. (MOVWF)
Warning[203] E:\TESTING\07.SERIAL SSD KEYPAD\VISHNU 11-09\TEMP123.ASM 29 : Found opcode in column 1. (MOVLW)
Warning[203] E:\TESTING\07.SERIAL SSD KEYPAD\VISHNU 11-09\TEMP123.ASM 30 : Found opcode in column 1. (MOVWF)
Warning[203] E:\TESTING\07.SERIAL SSD KEYPAD\VISHNU 11-09\TEMP123.ASM 31 : Found opcode in column 1. (MOVWF)
Warning[203] E:\TESTING\07.SERIAL SSD KEYPAD\VISHNU 11-09\TEMP123.ASM 36 : Found opcode in column 1. (MOVLW)
Warning[203] E:\TESTING\07.SERIAL SSD KEYPAD\VISHNU 11-09\TEMP123.ASM 41 : Found opcode in column 1. (CALL)
Warning[203] E:\TESTING\07.SERIAL SSD KEYPAD\VISHNU 11-09\TEMP123.ASM 42 : Found opcode in column 1. (MOVF)
Warning[203] E:\TESTING\07.SERIAL SSD KEYPAD\VISHNU 11-09\TEMP123.ASM 43 : Found opcode in column 1. (MOVWF)
Warning[203] E:\TESTING\07.SERIAL SSD KEYPAD\VISHNU 11-09\TEMP123.ASM 44 : Found opcode in column 1. (SUBWF)
Warning[203] E:\TESTING\07.SERIAL SSD KEYPAD\VISHNU 11-09\TEMP123.ASM 45 : Found opcode in column 1. (BTFSS)
Warning[203] E:\TESTING\07.SERIAL SSD KEYPAD\VISHNU 11-09\TEMP123.ASM 46 : Found opcode in column 1. (GOTO)
Warning[203] E:\TESTING\07.SERIAL SSD KEYPAD\VISHNU 11-09\TEMP123.ASM 47 : Found opcode in column 1. (CALL)
Warning[203] E:\TESTING\07.SERIAL SSD KEYPAD\VISHNU 11-09\TEMP123.ASM 48 : Found opcode in column 1. (BTFSS)
Warning[203] E:\TESTING\07.SERIAL SSD KEYPAD\VISHNU 11-09\TEMP123.ASM 49 : Found opcode in column 1. (GOTO)
Warning[203] E:\TESTING\07.SERIAL SSD KEYPAD\VISHNU 11-09\TEMP123.ASM 50 : Found opcode in column 1. (GOTO)
Warning[203] E:\TESTING\07.SERIAL SSD KEYPAD\VISHNU 11-09\TEMP123.ASM 55 : Found opcode in column 1. (MOVF)
Warning[203] E:\TESTING\07.SERIAL SSD KEYPAD\VISHNU 11-09\TEMP123.ASM 56 : Found opcode in column 1. (MOVWF)
Warning[203] E:\TESTING\07.SERIAL SSD KEYPAD\VISHNU 11-09\TEMP123.ASM 57 : Found opcode in column 1. (GOTO)
Warning[203] E:\TESTING\07.SERIAL SSD KEYPAD\VISHNU 11-09\TEMP123.ASM 63 : Found opcode in column 1. (MOVLW)
Warning[203] E:\TESTING\07.SERIAL SSD KEYPAD\VISHNU 11-09\TEMP123.ASM 64 : Found opcode in column 1. (MOVWF)
Warning[203] E:\TESTING\07.SERIAL SSD KEYPAD\VISHNU 11-09\TEMP123.ASM 65 : Found opcode in column 1. (MOVLW)
Warning[203] E:\TESTING\07.SERIAL SSD KEYPAD\VISHNU 11-09\TEMP123.ASM 66 : Found opcode in column 1. (MOVWF)
Warning[207] E:\TESTING\07.SERIAL SSD KEYPAD\VISHNU 11-09\TEMP123.ASM 67 : Found label after column 1. (SUB_LOOP)
Warning[203] E:\TESTING\07.SERIAL SSD KEYPAD\VISHNU 11-09\TEMP123.ASM 91 : Found opcode in column 1. (MOVWF)
Warning[203] E:\TESTING\07.SERIAL SSD KEYPAD\VISHNU 11-09\TEMP123.ASM 92 : Found opcode in column 1. (RETURN)
Warning[203] E:\TESTING\07.SERIAL SSD KEYPAD\VISHNU 11-09\TEMP123.ASM 98 : Found opcode in column 1. (MOVF)
Warning[203] E:\TESTING\07.SERIAL SSD KEYPAD\VISHNU 11-09\TEMP123.ASM 99 : Found opcode in column 1. (MOVWF)
Warning[203] E:\TESTING\07.SERIAL SSD KEYPAD\VISHNU 11-09\TEMP123.ASM 100 : Found opcode in column 1. (INCF)
Warning[203] E:\TESTING\07.SERIAL SSD KEYPAD\VISHNU 11-09\TEMP123.ASM 101 : Found opcode in column 1. (BTFSC)
Warning[203] E:\TESTING\07.SERIAL SSD KEYPAD\VISHNU 11-09\TEMP123.ASM 102 : Found opcode in column 1. (GOTO)
Warning[203] E:\TESTING\07.SERIAL SSD KEYPAD\VISHNU 11-09\TEMP123.ASM 103 : Found opcode in column 1. (CALL)
Warning[203] E:\TESTING\07.SERIAL SSD KEYPAD\VISHNU 11-09\TEMP123.ASM 104 : Found opcode in column 1. (GOTO)
Warning[203] E:\TESTING\07.SERIAL SSD KEYPAD\VISHNU 11-09\TEMP123.ASM 109 : Found opcode in column 1. (MOVLW)
Warning[203] E:\TESTING\07.SERIAL SSD KEYPAD\VISHNU 11-09\TEMP123.ASM 110 : Found opcode in column 1. (MOVWF)
Warning[203] E:\TESTING\07.SERIAL SSD KEYPAD\VISHNU 11-09\TEMP123.ASM 112 : Found opcode in column 1. (MOVLW)
Warning[203] E:\TESTING\07.SERIAL SSD KEYPAD\VISHNU 11-09\TEMP123.ASM 113 : Found opcode in column 1. (MOVWF)
Warning[203] E:\TESTING\07.SERIAL SSD KEYPAD\VISHNU 11-09\TEMP123.ASM 115 : Found opcode in column 1. (DECFSZ)
Warning[203] E:\TESTING\07.SERIAL SSD KEYPAD\VISHNU 11-09\TEMP123.ASM 116 : Found opcode in column 1. (GOTO)
Warning[203] E:\TESTING\07.SERIAL SSD KEYPAD\VISHNU 11-09\TEMP123.ASM 117 : Found opcode in column 1. (DECFSZ)
Warning[203] E:\TESTING\07.SERIAL SSD KEYPAD\VISHNU 11-09\TEMP123.ASM 118 : Found opcode in column 1. (GOTO)
Warning[203] E:\TESTING\07.SERIAL SSD KEYPAD\VISHNU 11-09\TEMP123.ASM 119 : Found opcode in column 1. (RETURN)
Warning[203] E:\TESTING\07.SERIAL SSD KEYPAD\VISHNU 11-09\TEMP123.ASM 125 : Found opcode in column 1. (MOVF)
Warning[203] E:\TESTING\07.SERIAL SSD KEYPAD\VISHNU 11-09\TEMP123.ASM 126 : Found opcode in column 1. (MOVWF)
Warning[203] E:\TESTING\07.SERIAL SSD KEYPAD\VISHNU 11-09\TEMP123.ASM 127 : Found opcode in column 1. (MOVWF)
Warning[203] E:\TESTING\07.SERIAL SSD KEYPAD\VISHNU 11-09\TEMP123.ASM 129 : Found opcode in column 1. (BSF)
Warning[203] E:\TESTING\07.SERIAL SSD KEYPAD\VISHNU 11-09\TEMP123.ASM 130 : Found opcode in column 1. (MOVLW)
Warning[203] E:\TESTING\07.SERIAL SSD KEYPAD\VISHNU 11-09\TEMP123.ASM 131 : Found opcode in column 1. (MOVWF)
Message[302] E:\TESTING\07.SERIAL SSD KEYPAD\VISHNU 11-09\TEMP123.ASM 131 : Register in operand not in bank 0.  Ensure that bank bits are correct.
Warning[203] E:\TESTING\07.SERIAL SSD KEYPAD\VISHNU 11-09\TEMP123.ASM 132 : Found opcode in column 1. (MOVLW)
Warning[203] E:\TESTING\07.SERIAL SSD KEYPAD\VISHNU 11-09\TEMP123.ASM 133 : Found opcode in column 1. (MOVWF)
Message[302] E:\TESTING\07.SERIAL SSD KEYPAD\VISHNU 11-09\TEMP123.ASM 133 : Register in operand not in bank 0.  Ensure that bank bits are correct.
Warning[203] E:\TESTING\07.SERIAL SSD KEYPAD\VISHNU 11-09\TEMP123.ASM 134 : Found opcode in column 1. (BCF)
Warning[203] E:\TESTING\07.SERIAL SSD KEYPAD\VISHNU 11-09\TEMP123.ASM 135 : Found opcode in column 1. (BSF)
Warning[203] E:\TESTING\07.SERIAL SSD KEYPAD\VISHNU 11-09\TEMP123.ASM 136 : Found opcode in column 1. (MOVLW)
Warning[203] E:\TESTING\07.SERIAL SSD KEYPAD\VISHNU 11-09\TEMP123.ASM 137 : Found opcode in column 1. (MOVWF)
Warning[203] E:\TESTING\07.SERIAL SSD KEYPAD\VISHNU 11-09\TEMP123.ASM 140 : Found opcode in column 1. (MOVF)
Warning[203] E:\TESTING\07.SERIAL SSD KEYPAD\VISHNU 11-09\TEMP123.ASM 141 : Found opcode in column 1. (MOVWF)
Warning[203] E:\TESTING\07.SERIAL SSD KEYPAD\VISHNU 11-09\TEMP123.ASM 143 : Found opcode in column 1. (RETURN)
Warning[203] E:\TESTING\07.SERIAL SSD KEYPAD\VISHNU 11-09\TEMP123.ASM 150 : Found opcode in column 1. (MOVLW)
Warning[203] E:\TESTING\07.SERIAL SSD KEYPAD\VISHNU 11-09\TEMP123.ASM 151 : Found opcode in column 1. (MOVWF)
Warning[203] E:\TESTING\07.SERIAL SSD KEYPAD\VISHNU 11-09\TEMP123.ASM 152 : Found opcode in column 1. (BSF)
Warning[203] E:\TESTING\07.SERIAL SSD KEYPAD\VISHNU 11-09\TEMP123.ASM 153 : Found opcode in column 1. (MOVLW)
Warning[203] E:\TESTING\07.SERIAL SSD KEYPAD\VISHNU 11-09\TEMP123.ASM 154 : Found opcode in column 1. (MOVWF)
Message[302] E:\TESTING\07.SERIAL SSD KEYPAD\VISHNU 11-09\TEMP123.ASM 154 : Register in operand not in bank 0.  Ensure that bank bits are correct.
Warning[203] E:\TESTING\07.SERIAL SSD KEYPAD\VISHNU 11-09\TEMP123.ASM 155 : Found opcode in column 1. (MOVLW)
Warning[203] E:\TESTING\07.SERIAL SSD KEYPAD\VISHNU 11-09\TEMP123.ASM 156 : Found opcode in column 1. (MOVWF)
Message[302] E:\TESTING\07.SERIAL SSD KEYPAD\VISHNU 11-09\TEMP123.ASM 156 : Register in operand not in bank 0.  Ensure that bank bits are correct.
Warning[203] E:\TESTING\07.SERIAL SSD KEYPAD\VISHNU 11-09\TEMP123.ASM 157 : Found opcode in column 1. (MOVLW)
Warning[203] E:\TESTING\07.SERIAL SSD KEYPAD\VISHNU 11-09\TEMP123.ASM 158 : Found opcode in column 1. (MOVWF)
Message[302] E:\TESTING\07.SERIAL SSD KEYPAD\VISHNU 11-09\TEMP123.ASM 158 : Register in operand not in bank 0.  Ensure that bank bits are correct.
Warning[203] E:\TESTING\07.SERIAL SSD KEYPAD\VISHNU 11-09\TEMP123.ASM 159 : Found opcode in column 1. (BCF)
Warning[203] E:\TESTING\07.SERIAL SSD KEYPAD\VISHNU 11-09\TEMP123.ASM 161 : Found opcode in column 1. (MOVF)
Warning[203] E:\TESTING\07.SERIAL SSD KEYPAD\VISHNU 11-09\TEMP123.ASM 162 : Found opcode in column 1. (MOVWF)
Warning[203] E:\TESTING\07.SERIAL SSD KEYPAD\VISHNU 11-09\TEMP123.ASM 164 : Found opcode in column 1. (RETURN)
Warning[205] E:\TESTING\07.SERIAL SSD KEYPAD\VISHNU 11-09\TEMP123.ASM 168 : Found directive in column 1. (END)
