MPASM  5.31                       TEMP123.ASM   12-11-2009  22:20:35         PAGE  1


LOC  OBJECT CODE     LINE SOURCE TEXT
  VALUE

                      00001 #INCLUDE <P16F877A.INC>
                      00001         LIST
                      00002 ; P16F877A.INC  Standard Header File, Version 1.00    Microchip Technology, Inc.
                      00400         LIST
Warning[205]: Found directive in column 1. (LIST)
                      00002 LIST P=16F877A
Warning[205]: Found directive in column 1. (ORG)
0000                  00003 ORG 0X00
Warning[203]: Found opcode in column 1. (GOTO)
0000   2820           00004 GOTO START
Warning[205]: Found directive in column 1. (ORG)
0020                  00005 ORG 0X20
                      00006 ;OHM GAM GANAPATAYE NAMAH
                      00007 ;**************************************************************************************
0020                  00008 START:
Warning[203]: Found opcode in column 1. (BSF)
0020   1683           00009 BSF STATUS,RP0
Warning[203]: Found opcode in column 1. (MOVLW)
0021   30F0           00010 MOVLW 0XF0
Warning[203]: Found opcode in column 1. (MOVWF)
Message[302]: Register in operand not in bank 0.  Ensure that bank bits are correct.
0022   0086           00011 MOVWF TRISB
Warning[203]: Found opcode in column 1. (CLRF)
Message[302]: Register in operand not in bank 0.  Ensure that bank bits are correct.
0023   0185           00012 CLRF TRISA
Warning[203]: Found opcode in column 1. (CLRF)
Message[302]: Register in operand not in bank 0.  Ensure that bank bits are correct.
0024   0188           00013 CLRF TRISD
Warning[203]: Found opcode in column 1. (BCF)
Message[302]: Register in operand not in bank 0.  Ensure that bank bits are correct.
0025   1381           00014 BCF OPTION_REG,7        ;PORTB PULLUPS ENABLED
Warning[203]: Found opcode in column 1. (MOVLW)
0026   3006           00015 MOVLW 0X06
Warning[203]: Found opcode in column 1. (MOVWF)
Message[302]: Register in operand not in bank 0.  Ensure that bank bits are correct.
0027   009F           00016 MOVWF ADCON1
Warning[203]: Found opcode in column 1. (BCF)
0028   1283           00017 BCF STATUS,RP0
Warning[203]: Found opcode in column 1. (MOVLW)
0029   3000           00018 MOVLW 0X00
Warning[203]: Found opcode in column 1. (MOVWF)
002A   0085           00019 MOVWF PORTA
Warning[203]: Found opcode in column 1. (MOVWF)
002B   0088           00020 MOVWF PORTD
                      00021 
                      00022 ;**************************************************************************************
                      00023 
002C                  00024 GET_IT
                      00025                 ;OLD_KEY=0X40
                      00026                 ;NEW_KEY=0X41
                      00027                 ;COUNT=0X42
                      00028                 ;DATA_COUNT=0X50
Warning[203]: Found opcode in column 1. (MOVLW)
MPASM  5.31                       TEMP123.ASM   12-11-2009  22:20:35         PAGE  2


LOC  OBJECT CODE     LINE SOURCE TEXT
  VALUE

002C   3000           00029 MOVLW 0X00        
Warning[203]: Found opcode in column 1. (MOVWF)
002D   00C0           00030 MOVWF 0X40      ;OLD_KEY=0
Warning[203]: Found opcode in column 1. (MOVWF)
002E   00C1           00031 MOVWF 0X41      ;NEW_KEY=0
                      00032 
                      00033 ;**************************************************************************************
                      00034 
002F                  00035 GET_IT_SUBLOOP
Warning[203]: Found opcode in column 1. (MOVLW)
002F   3000           00036 MOVLW 0X00
                      00037 
                      00038 ;**************************************************************************************
                      00039 
0030                  00040 GET_IT_SUBLOOP2
Warning[203]: Found opcode in column 1. (CALL)
0030   203D           00041 CALL SCAN_IT
Warning[203]: Found opcode in column 1. (MOVF)
0031   0822           00042 MOVF 0X22,0
Warning[203]: Found opcode in column 1. (MOVWF)
0032   00C1           00043 MOVWF 0X41      ;MOVING KEY_VALUE TO NEW_KEY
Warning[203]: Found opcode in column 1. (SUBWF)
0033   0240           00044 SUBWF 0X40,0     ;W<--OLD_KEY-NEW_KEY
Warning[203]: Found opcode in column 1. (BTFSS)
0034   1D03           00045 BTFSS STATUS,2
Warning[203]: Found opcode in column 1. (GOTO)
0035   283A           00046 GOTO ASSIGN_NEW_TO_OLD
Warning[203]: Found opcode in column 1. (CALL)
0036   2060           00047 CALL DELAY
Warning[203]: Found opcode in column 1. (BTFSS)
0037   1D03           00048 BTFSS STATUS,2
Warning[203]: Found opcode in column 1. (GOTO)
0038   2830           00049 GOTO GET_IT_SUBLOOP2
Warning[203]: Found opcode in column 1. (GOTO)
0039   2859           00050 GOTO AFTER_SCAN_IT
                      00051 
                      00052 ;**************************************************************************************
                      00053 
003A                  00054 ASSIGN_NEW_TO_OLD
Warning[203]: Found opcode in column 1. (MOVF)
003A   0841           00055 MOVF 0X41,0
Warning[203]: Found opcode in column 1. (MOVWF)
003B   00C0           00056 MOVWF 0X40
Warning[203]: Found opcode in column 1. (GOTO)
003C   282F           00057 GOTO GET_IT_SUBLOOP
                      00058 
                      00059 ;**************************************************************************************
                      00060 
                      00061 ;STARTING OF SCAN_IT
003D                  00062 SCAN_IT
Warning[203]: Found opcode in column 1. (MOVLW)
003D   3001           00063 MOVLW 0X01 
Warning[203]: Found opcode in column 1. (MOVWF)
MPASM  5.31                       TEMP123.ASM   12-11-2009  22:20:35         PAGE  3


LOC  OBJECT CODE     LINE SOURCE TEXT
  VALUE

003E   00A0           00064 MOVWF 0X20       ;0X20 IS THE KEY_COUNT VARIABLE
Warning[203]: Found opcode in column 1. (MOVLW)
003F   30F7           00065 MOVLW 0XF7
Warning[203]: Found opcode in column 1. (MOVWF)
0040   00A1           00066 MOVWF 0X21       ;0X21 IS THE PATTERN TO BE GIVEN TO PORTB
Warning[207]: Found label after column 1. (SUB_LOOP)
0041                  00067     SUB_LOOP
0041   0821           00068         MOVF 0X21,0
0042   0086           00069         MOVWF PORTB  ;OUTPUT 'PATTERN' TO PORTB
0043   0820           00070         MOVF 0X20,0 ;W=KEY_COUNT
0044   1F86           00071         BTFSS PORTB,7
0045   2857           00072         GOTO SCAN_IT_FINISH
0046   3E03           00073     ADDLW 0X03
0047   1F06           00074         BTFSS PORTB,6
0048   2857           00075         GOTO SCAN_IT_FINISH
0049   3E03           00076     ADDLW 0X03
004A   1E86           00077         BTFSS PORTB,5
004B   2857           00078         GOTO SCAN_IT_FINISH
004C   3E03           00079     ADDLW 0X03
004D   1E06           00080         BTFSS PORTB,4
004E   2857           00081         GOTO SCAN_IT_FINISH
004F   30FF           00082     MOVLW 0XFF          ;THESE STEPS
0050   00B0           00083     MOVWF 0X30     
0051   0AB0           00084     INCF 0X30,1         ;USED TO SET CARRY FOR THE RIGHT SHIFT
0052   30FF           00085     MOVLW 0XFF          ;MOVING A MARKER TO W TO SHOW NO KEY PRESSED ON THE COLUMN
0053   0AA0           00086         INCF 0X20,1         ;INCREMENT KEY_COUNT
0054   0CA1           00087     RRF 0X21,1          ;SHIFT PATTERN RIGHT
0055   1821           00088     BTFSC 0X21,0        ;CHECKING IF PATTERN(0) IS CLEAR
0056   2841           00089     GOTO SUB_LOOP       ;CHECK NXT COLUMN IF PATTERN(0) IS STILL 1
0057                  00090 SCAN_IT_FINISH
Warning[203]: Found opcode in column 1. (MOVWF)
0057   00A2           00091 MOVWF 0X22   ;0X22 WILL HAVE THE KEYVALUE,FF-->NO READ ; 
Warning[203]: Found opcode in column 1. (RETURN)
0058   0008           00092 RETURN
                      00093 ;FINISHING OF SCAN_IT
                      00094 
                      00095 ;***************************************************************************************
                      00096 
0059                  00097 AFTER_SCAN_IT
Warning[203]: Found opcode in column 1. (MOVF)
0059   0840           00098 MOVF 0X40,0 ;W<--OLD_KEY
Warning[203]: Found opcode in column 1. (MOVWF)
005A   00B0           00099 MOVWF 0X30
Warning[203]: Found opcode in column 1. (INCF)
005B   0AB0           00100 INCF 0X30,1 ;CHECKING IF THE CONTINUOUSLY OCCURED VALUE WAS FF(IE. NO READ)
Warning[203]: Found opcode in column 1. (BTFSC)
005C   1903           00101 BTFSC STATUS,2
Warning[203]: Found opcode in column 1. (GOTO)
005D   282C           00102 GOTO GET_IT
Warning[203]: Found opcode in column 1. (CALL)
005E   2069           00103 CALL OUTPUT_SETTER
Warning[203]: Found opcode in column 1. (GOTO)
005F   282C           00104 GOTO GET_IT
MPASM  5.31                       TEMP123.ASM   12-11-2009  22:20:35         PAGE  4


LOC  OBJECT CODE     LINE SOURCE TEXT
  VALUE

                      00105 
                      00106 ;***************************************************************************************
                      00107 
0060                  00108 DELAY:
Warning[203]: Found opcode in column 1. (MOVLW)
0060   3009           00109 MOVLW 0X09
Warning[203]: Found opcode in column 1. (MOVWF)
0061   00E1           00110 MOVWF 0X61
0062                  00111 D2
Warning[203]: Found opcode in column 1. (MOVLW)
0062   3021           00112 MOVLW 0X21
Warning[203]: Found opcode in column 1. (MOVWF)
0063   00E0           00113 MOVWF 0X60
0064                  00114 D1
Warning[203]: Found opcode in column 1. (DECFSZ)
0064   0BE0           00115 DECFSZ 0X60,1
Warning[203]: Found opcode in column 1. (GOTO)
0065   2864           00116 GOTO D1
Warning[203]: Found opcode in column 1. (DECFSZ)
0066   0BE1           00117 DECFSZ 0X61,1
Warning[203]: Found opcode in column 1. (GOTO)
0067   2862           00118 GOTO D2
Warning[203]: Found opcode in column 1. (RETURN)
0068   0008           00119 RETURN
                      00120 
                      00121 ;***************************************************************************************
                      00122 
0069                  00123 OUTPUT_SETTER
                      00124 
Warning[203]: Found opcode in column 1. (MOVF)
0069   0840           00125 MOVF 0X40,0
Warning[203]: Found opcode in column 1. (MOVWF)
006A   0088           00126 MOVWF PORTD
Warning[203]: Found opcode in column 1. (MOVWF)
006B   0099           00127 MOVWF TXREG
                      00128 
Warning[203]: Found opcode in column 1. (BSF)
006C   1683           00129 BSF STATUS,RP0
Warning[203]: Found opcode in column 1. (MOVLW)
006D   30FF           00130 MOVLW 0XFF
Warning[203]: Found opcode in column 1. (MOVWF)
Message[302]: Register in operand not in bank 0.  Ensure that bank bits are correct.
006E   0099           00131 MOVWF SPBRG
Warning[203]: Found opcode in column 1. (MOVLW)
006F   3024           00132 MOVLW 0X24
Warning[203]: Found opcode in column 1. (MOVWF)
Message[302]: Register in operand not in bank 0.  Ensure that bank bits are correct.
0070   0098           00133 MOVWF TXSTA
Warning[203]: Found opcode in column 1. (BCF)
0071   1283           00134 BCF STATUS,RP0
Warning[203]: Found opcode in column 1. (BSF)
0072   1798           00135 BSF RCSTA,SPEN
Warning[203]: Found opcode in column 1. (MOVLW)
MPASM  5.31                       TEMP123.ASM   12-11-2009  22:20:35         PAGE  5


LOC  OBJECT CODE     LINE SOURCE TEXT
  VALUE

0073   3090           00136 MOVLW 0X90
Warning[203]: Found opcode in column 1. (MOVWF)
0074   0098           00137 MOVWF RCSTA
                      00138 
                      00139 
Warning[203]: Found opcode in column 1. (MOVF)
0075   081A           00140 MOVF RCREG,0
Warning[203]: Found opcode in column 1. (MOVWF)
0076   0085           00141 MOVWF PORTA
                      00142 
Warning[203]: Found opcode in column 1. (RETURN)
0077   0008           00143 RETURN
                      00144 
                      00145 ;---------------------------------------------------------------------------------------
                      00146 ;RECIEVING RESULT
                      00147 ;---------------------------------------------------------------------------------------
0078                  00148 END_OF_TRANSMISSION:
                      00149 
Warning[203]: Found opcode in column 1. (MOVLW)
0078   3090           00150 MOVLW 0X90
Warning[203]: Found opcode in column 1. (MOVWF)
0079   0098           00151 MOVWF RCSTA
Warning[203]: Found opcode in column 1. (BSF)
007A   1683           00152 BSF STATUS,RP0
Warning[203]: Found opcode in column 1. (MOVLW)
007B   30FF           00153 MOVLW 0XFF
Warning[203]: Found opcode in column 1. (MOVWF)
Message[302]: Register in operand not in bank 0.  Ensure that bank bits are correct.
007C   0099           00154 MOVWF SPBRG
Warning[203]: Found opcode in column 1. (MOVLW)
007D   3004           00155 MOVLW 0X04
Warning[203]: Found opcode in column 1. (MOVWF)
Message[302]: Register in operand not in bank 0.  Ensure that bank bits are correct.
007E   0098           00156 MOVWF TXSTA
Warning[203]: Found opcode in column 1. (MOVLW)
007F   3000           00157 MOVLW 0X00
Warning[203]: Found opcode in column 1. (MOVWF)
Message[302]: Register in operand not in bank 0.  Ensure that bank bits are correct.
0080   0088           00158 MOVWF TRISD
Warning[203]: Found opcode in column 1. (BCF)
0081   1283           00159 BCF STATUS,RP0
                      00160 
Warning[203]: Found opcode in column 1. (MOVF)
0082   081A           00161 MOVF RCREG,0
Warning[203]: Found opcode in column 1. (MOVWF)
0083   0085           00162 MOVWF PORTA
                      00163 
Warning[203]: Found opcode in column 1. (RETURN)
0084   0008           00164 RETURN
                      00165 
                      00166 
                      00167 
Warning[205]: Found directive in column 1. (END)
MPASM  5.31                       TEMP123.ASM   12-11-2009  22:20:35         PAGE  6


LOC  OBJECT CODE     LINE SOURCE TEXT
  VALUE

                      00168 END
MPASM  5.31                       TEMP123.ASM   12-11-2009  22:20:35         PAGE  7


SYMBOL TABLE
  LABEL                             VALUE 

ACKDT                             00000005
ACKEN                             00000004
ACKSTAT                           00000006
ADCON0                            0000001F
ADCON1                            0000009F
ADCS0                             00000006
ADCS1                             00000007
ADCS2                             00000006
ADDEN                             00000003
ADFM                              00000007
ADIE                              00000006
ADIF                              00000006
ADON                              00000000
ADRESH                            0000001E
ADRESL                            0000009E
AFTER_SCAN_IT                     00000059
ASSIGN_NEW_TO_OLD                 0000003A
BCLIE                             00000003
BCLIF                             00000003
BF                                00000000
BRGH                              00000002
C                                 00000000
C1INV                             00000004
C1OUT                             00000006
C2INV                             00000005
C2OUT                             00000007
CCP1CON                           00000017
CCP1IE                            00000002
CCP1IF                            00000002
CCP1M0                            00000000
CCP1M1                            00000001
CCP1M2                            00000002
CCP1M3                            00000003
CCP1X                             00000005
CCP1Y                             00000004
CCP2CON                           0000001D
CCP2IE                            00000000
CCP2IF                            00000000
CCP2M0                            00000000
CCP2M1                            00000001
CCP2M2                            00000002
CCP2M3                            00000003
CCP2X                             00000005
CCP2Y                             00000004
CCPR1H                            00000016
CCPR1L                            00000015
CCPR2H                            0000001C
CCPR2L                            0000001B
CHS0                              00000003
CHS1                              00000004
CHS2                              00000005
CIS                               00000003
CKE                               00000006
MPASM  5.31                       TEMP123.ASM   12-11-2009  22:20:35         PAGE  8


SYMBOL TABLE
  LABEL                             VALUE 

CKP                               00000004
CM0                               00000000
CM1                               00000001
CM2                               00000002
CMCON                             0000009C
CMIE                              00000006
CMIF                              00000006
CREN                              00000004
CSRC                              00000007
CVR0                              00000000
CVR1                              00000001
CVR2                              00000002
CVR3                              00000003
CVRCON                            0000009D
CVREN                             00000007
CVROE                             00000006
CVRR                              00000005
D                                 00000005
D1                                00000064
D2                                00000062
DATA_ADDRESS                      00000005
DC                                00000001
DELAY                             00000060
D_A                               00000005
EEADR                             0000010D
EEADRH                            0000010F
EECON1                            0000018C
EECON2                            0000018D
EEDATA                            0000010C
EEDATH                            0000010E
EEIE                              00000004
EEIF                              00000004
EEPGD                             00000007
END_OF_TRANSMISSION               00000078
F                                 00000001
FERR                              00000002
FSR                               00000004
GCEN                              00000007
GET_IT                            0000002C
GET_IT_SUBLOOP                    0000002F
GET_IT_SUBLOOP2                   00000030
GIE                               00000007
GO                                00000002
GO_DONE                           00000002
I2C_DATA                          00000005
I2C_READ                          00000002
I2C_START                         00000003
I2C_STOP                          00000004
IBF                               00000007
IBOV                              00000005
INDF                              00000000
INTCON                            0000000B
INTE                              00000004
MPASM  5.31                       TEMP123.ASM   12-11-2009  22:20:35         PAGE  9


SYMBOL TABLE
  LABEL                             VALUE 

INTEDG                            00000006
INTF                              00000001
IRP                               00000007
NOT_A                             00000005
NOT_ADDRESS                       00000005
NOT_BO                            00000000
NOT_BOR                           00000000
NOT_DONE                          00000002
NOT_PD                            00000003
NOT_POR                           00000001
NOT_RBPU                          00000007
NOT_RC8                           00000006
NOT_T1SYNC                        00000002
NOT_TO                            00000004
NOT_TX8                           00000006
NOT_W                             00000002
NOT_WRITE                         00000002
OBF                               00000006
OERR                              00000001
OPTION_REG                        00000081
OUTPUT_SETTER                     00000069
P                                 00000004
PCFG0                             00000000
PCFG1                             00000001
PCFG2                             00000002
PCFG3                             00000003
PCL                               00000002
PCLATH                            0000000A
PCON                              0000008E
PEIE                              00000006
PEN                               00000002
PIE1                              0000008C
PIE2                              0000008D
PIR1                              0000000C
PIR2                              0000000D
PORTA                             00000005
PORTB                             00000006
PORTC                             00000007
PORTD                             00000008
PORTE                             00000009
PR2                               00000092
PS0                               00000000
PS1                               00000001
PS2                               00000002
PSA                               00000003
PSPIE                             00000007
PSPIF                             00000007
PSPMODE                           00000004
R                                 00000002
RBIE                              00000003
RBIF                              00000000
RC8_9                             00000006
RC9                               00000006
MPASM  5.31                       TEMP123.ASM   12-11-2009  22:20:35         PAGE 10


SYMBOL TABLE
  LABEL                             VALUE 

RCD8                              00000000
RCEN                              00000003
RCIE                              00000005
RCIF                              00000005
RCREG                             0000001A
RCSTA                             00000018
RD                                00000000
READ_WRITE                        00000002
RP0                               00000005
RP1                               00000006
RSEN                              00000001
RX9                               00000006
RX9D                              00000000
R_W                               00000002
S                                 00000003
SCAN_IT                           0000003D
SCAN_IT_FINISH                    00000057
SEN                               00000000
SMP                               00000007
SPBRG                             00000099
SPEN                              00000007
SREN                              00000005
SSPADD                            00000093
SSPBUF                            00000013
SSPCON                            00000014
SSPCON2                           00000091
SSPEN                             00000005
SSPIE                             00000003
SSPIF                             00000003
SSPM0                             00000000
SSPM1                             00000001
SSPM2                             00000002
SSPM3                             00000003
SSPOV                             00000006
SSPSTAT                           00000094
START                             00000020
STATUS                            00000003
SUB_LOOP                          00000041
SYNC                              00000004
T0CS                              00000005
T0IE                              00000005
T0IF                              00000002
T0SE                              00000004
T1CKPS0                           00000004
T1CKPS1                           00000005
T1CON                             00000010
T1INSYNC                          00000002
T1OSCEN                           00000003
T1SYNC                            00000002
T2CKPS0                           00000000
T2CKPS1                           00000001
T2CON                             00000012
TMR0                              00000001
MPASM  5.31                       TEMP123.ASM   12-11-2009  22:20:35         PAGE 11


SYMBOL TABLE
  LABEL                             VALUE 

TMR0IE                            00000005
TMR0IF                            00000002
TMR1CS                            00000001
TMR1H                             0000000F
TMR1IE                            00000000
TMR1IF                            00000000
TMR1L                             0000000E
TMR1ON                            00000000
TMR2                              00000011
TMR2IE                            00000001
TMR2IF                            00000001
TMR2ON                            00000002
TOUTPS0                           00000003
TOUTPS1                           00000004
TOUTPS2                           00000005
TOUTPS3                           00000006
TRISA                             00000085
TRISB                             00000086
TRISC                             00000087
TRISD                             00000088
TRISE                             00000089
TRISE0                            00000000
TRISE1                            00000001
TRISE2                            00000002
TRMT                              00000001
TX8_9                             00000006
TX9                               00000006
TX9D                              00000000
TXD8                              00000000
TXEN                              00000005
TXIE                              00000004
TXIF                              00000004
TXREG                             00000019
TXSTA                             00000098
UA                                00000001
W                                 00000000
WCOL                              00000007
WR                                00000001
WREN                              00000002
WRERR                             00000003
Z                                 00000002
_BODEN_OFF                        00003FBF
_BODEN_ON                         00003FFF
_CPD_OFF                          00003FFF
_CPD_ON                           00003EFF
_CP_ALL                           00001FFF
_CP_OFF                           00003FFF
_DEBUG_OFF                        00003FFF
_DEBUG_ON                         000037FF
_HS_OSC                           00003FFE
_LP_OSC                           00003FFC
_LVP_OFF                          00003F7F
_LVP_ON                           00003FFF
MPASM  5.31                       TEMP123.ASM   12-11-2009  22:20:35         PAGE 12


SYMBOL TABLE
  LABEL                             VALUE 

_PWRTE_OFF                        00003FFF
_PWRTE_ON                         00003FF7
_RC_OSC                           00003FFF
_WDT_OFF                          00003FFB
_WDT_ON                           00003FFF
_WRT_1FOURTH                      00003BFF
_WRT_256                          00003DFF
_WRT_HALF                         000039FF
_WRT_OFF                          00003FFF
_XT_OSC                           00003FFD
__16F877A                         00000001
__DEBUG                           1


MEMORY USAGE MAP ('X' = Used,  '-' = Unused)

0000 : X--------------- ---------------- XXXXXXXXXXXXXXXX XXXXXXXXXXXXXXXX
0040 : XXXXXXXXXXXXXXXX XXXXXXXXXXXXXXXX XXXXXXXXXXXXXXXX XXXXXXXXXXXXXXXX
0080 : XXXXX----------- ---------------- ---------------- ----------------

All other memory blocks unused.

Program Memory Words Used:   102
Program Memory Words Free:  8090


Errors   :     0
Warnings :    85 reported,     0 suppressed
Messages :    10 reported,     0 suppressed

