Warning[205] E:\TESTING\11.SERIAL PC\TRANS1.ASM 2 : Found directive in column 1. (LIST)
Warning[205] E:\TESTING\11.SERIAL PC\TRANS1.ASM 3 : Found directive in column 1. (ORG)
Warning[203] E:\TESTING\11.SERIAL PC\TRANS1.ASM 4 : Found opcode in column 1. (GOTO)
Warning[205] E:\TESTING\11.SERIAL PC\TRANS1.ASM 5 : Found directive in column 1. (ORG)
Warning[203] E:\TESTING\11.SERIAL PC\TRANS1.ASM 12 : Found opcode in column 1. (MOVLW)
Warning[203] E:\TESTING\11.SERIAL PC\TRANS1.ASM 13 : Found opcode in column 1. (MOVWF)
Warning[203] E:\TESTING\11.SERIAL PC\TRANS1.ASM 14 : Found opcode in column 1. (BSF)
Warning[203] E:\TESTING\11.SERIAL PC\TRANS1.ASM 15 : Found opcode in column 1. (CLRF)
Message[302] E:\TESTING\11.SERIAL PC\TRANS1.ASM 15 : Register in operand not in bank 0.  Ensure that bank bits are correct.
Warning[203] E:\TESTING\11.SERIAL PC\TRANS1.ASM 16 : Found opcode in column 1. (MOVLW)
Warning[203] E:\TESTING\11.SERIAL PC\TRANS1.ASM 17 : Found opcode in column 1. (MOVWF)
Message[302] E:\TESTING\11.SERIAL PC\TRANS1.ASM 17 : Register in operand not in bank 0.  Ensure that bank bits are correct.
Warning[203] E:\TESTING\11.SERIAL PC\TRANS1.ASM 18 : Found opcode in column 1. (MOVLW)
Warning[203] E:\TESTING\11.SERIAL PC\TRANS1.ASM 19 : Found opcode in column 1. (MOVWF)
Message[302] E:\TESTING\11.SERIAL PC\TRANS1.ASM 19 : Register in operand not in bank 0.  Ensure that bank bits are correct.
Warning[203] E:\TESTING\11.SERIAL PC\TRANS1.ASM 20 : Found opcode in column 1. (BCF)
Warning[203] E:\TESTING\11.SERIAL PC\TRANS1.ASM 24 : Found opcode in column 1. (MOVLW)
Warning[203] E:\TESTING\11.SERIAL PC\TRANS1.ASM 25 : Found opcode in column 1. (MOVWF)
Warning[203] E:\TESTING\11.SERIAL PC\TRANS1.ASM 26 : Found opcode in column 1. (MOVWF)
Warning[203] E:\TESTING\11.SERIAL PC\TRANS1.ASM 27 : Found opcode in column 1. (CALL)
Warning[203] E:\TESTING\11.SERIAL PC\TRANS1.ASM 29 : Found opcode in column 1. (MOVLW)
Warning[203] E:\TESTING\11.SERIAL PC\TRANS1.ASM 30 : Found opcode in column 1. (MOVWF)
Warning[203] E:\TESTING\11.SERIAL PC\TRANS1.ASM 31 : Found opcode in column 1. (MOVWF)
Warning[203] E:\TESTING\11.SERIAL PC\TRANS1.ASM 32 : Found opcode in column 1. (CALL)
Warning[203] E:\TESTING\11.SERIAL PC\TRANS1.ASM 34 : Found opcode in column 1. (MOVLW)
Warning[203] E:\TESTING\11.SERIAL PC\TRANS1.ASM 35 : Found opcode in column 1. (MOVWF)
Warning[203] E:\TESTING\11.SERIAL PC\TRANS1.ASM 36 : Found opcode in column 1. (MOVWF)
Warning[203] E:\TESTING\11.SERIAL PC\TRANS1.ASM 37 : Found opcode in column 1. (CALL)
Warning[203] E:\TESTING\11.SERIAL PC\TRANS1.ASM 39 : Found opcode in column 1. (MOVLW)
Warning[203] E:\TESTING\11.SERIAL PC\TRANS1.ASM 40 : Found opcode in column 1. (MOVWF)
Warning[203] E:\TESTING\11.SERIAL PC\TRANS1.ASM 41 : Found opcode in column 1. (MOVWF)
Warning[203] E:\TESTING\11.SERIAL PC\TRANS1.ASM 42 : Found opcode in column 1. (CALL)
Warning[203] E:\TESTING\11.SERIAL PC\TRANS1.ASM 44 : Found opcode in column 1. (MOVLW)
Warning[203] E:\TESTING\11.SERIAL PC\TRANS1.ASM 45 : Found opcode in column 1. (MOVWF)
Warning[203] E:\TESTING\11.SERIAL PC\TRANS1.ASM 46 : Found opcode in column 1. (MOVWF)
Warning[203] E:\TESTING\11.SERIAL PC\TRANS1.ASM 47 : Found opcode in column 1. (CALL)
Warning[203] E:\TESTING\11.SERIAL PC\TRANS1.ASM 49 : Found opcode in column 1. (MOVLW)
Warning[203] E:\TESTING\11.SERIAL PC\TRANS1.ASM 50 : Found opcode in column 1. (MOVWF)
Warning[203] E:\TESTING\11.SERIAL PC\TRANS1.ASM 51 : Found opcode in column 1. (MOVWF)
Warning[203] E:\TESTING\11.SERIAL PC\TRANS1.ASM 52 : Found opcode in column 1. (CALL)
Warning[203] E:\TESTING\11.SERIAL PC\TRANS1.ASM 54 : Found opcode in column 1. (MOVLW)
Warning[203] E:\TESTING\11.SERIAL PC\TRANS1.ASM 55 : Found opcode in column 1. (MOVWF)
Warning[203] E:\TESTING\11.SERIAL PC\TRANS1.ASM 56 : Found opcode in column 1. (MOVWF)
Warning[203] E:\TESTING\11.SERIAL PC\TRANS1.ASM 57 : Found opcode in column 1. (CALL)
Warning[203] E:\TESTING\11.SERIAL PC\TRANS1.ASM 59 : Found opcode in column 1. (MOVLW)
Warning[203] E:\TESTING\11.SERIAL PC\TRANS1.ASM 60 : Found opcode in column 1. (MOVWF)
Warning[203] E:\TESTING\11.SERIAL PC\TRANS1.ASM 61 : Found opcode in column 1. (MOVWF)
Warning[203] E:\TESTING\11.SERIAL PC\TRANS1.ASM 62 : Found opcode in column 1. (CALL)
Warning[203] E:\TESTING\11.SERIAL PC\TRANS1.ASM 64 : Found opcode in column 1. (MOVLW)
Warning[203] E:\TESTING\11.SERIAL PC\TRANS1.ASM 65 : Found opcode in column 1. (MOVWF)
Warning[203] E:\TESTING\11.SERIAL PC\TRANS1.ASM 66 : Found opcode in column 1. (MOVWF)
Warning[203] E:\TESTING\11.SERIAL PC\TRANS1.ASM 67 : Found opcode in column 1. (CALL)
Warning[203] E:\TESTING\11.SERIAL PC\TRANS1.ASM 69 : Found opcode in column 1. (MOVLW)
Warning[203] E:\TESTING\11.SERIAL PC\TRANS1.ASM 70 : Found opcode in column 1. (MOVWF)
Warning[203] E:\TESTING\11.SERIAL PC\TRANS1.ASM 71 : Found opcode in column 1. (MOVWF)
Warning[203] E:\TESTING\11.SERIAL PC\TRANS1.ASM 72 : Found opcode in column 1. (CALL)
Warning[203] E:\TESTING\11.SERIAL PC\TRANS1.ASM 74 : Found opcode in column 1. (CLRF)
Warning[203] E:\TESTING\11.SERIAL PC\TRANS1.ASM 75 : Found opcode in column 1. (BSF)
Warning[203] E:\TESTING\11.SERIAL PC\TRANS1.ASM 76 : Found opcode in column 1. (CLRF)
Message[302] E:\TESTING\11.SERIAL PC\TRANS1.ASM 76 : Register in operand not in bank 0.  Ensure that bank bits are correct.
Warning[203] E:\TESTING\11.SERIAL PC\TRANS1.ASM 77 : Found opcode in column 1. (BCF)
Warning[203] E:\TESTING\11.SERIAL PC\TRANS1.ASM 78 : Found opcode in column 1. (CLRF)
Warning[203] E:\TESTING\11.SERIAL PC\TRANS1.ASM 79 : Found opcode in column 1. (GOTO)
Warning[203] E:\TESTING\11.SERIAL PC\TRANS1.ASM 84 : Found opcode in column 1. (MOVLW)
Warning[203] E:\TESTING\11.SERIAL PC\TRANS1.ASM 85 : Found opcode in column 1. (MOVWF)
Warning[203] E:\TESTING\11.SERIAL PC\TRANS1.ASM 87 : Found opcode in column 1. (MOVLW)
Warning[203] E:\TESTING\11.SERIAL PC\TRANS1.ASM 88 : Found opcode in column 1. (MOVWF)
Warning[203] E:\TESTING\11.SERIAL PC\TRANS1.ASM 90 : Found opcode in column 1. (MOVLW)
Warning[203] E:\TESTING\11.SERIAL PC\TRANS1.ASM 91 : Found opcode in column 1. (MOVWF)
Warning[203] E:\TESTING\11.SERIAL PC\TRANS1.ASM 93 : Found opcode in column 1. (DECFSZ)
Warning[203] E:\TESTING\11.SERIAL PC\TRANS1.ASM 94 : Found opcode in column 1. (GOTO)
Warning[203] E:\TESTING\11.SERIAL PC\TRANS1.ASM 95 : Found opcode in column 1. (DECFSZ)
Warning[203] E:\TESTING\11.SERIAL PC\TRANS1.ASM 96 : Found opcode in column 1. (GOTO)
Warning[203] E:\TESTING\11.SERIAL PC\TRANS1.ASM 97 : Found opcode in column 1. (DECFSZ)
Warning[203] E:\TESTING\11.SERIAL PC\TRANS1.ASM 98 : Found opcode in column 1. (GOTO)
Warning[203] E:\TESTING\11.SERIAL PC\TRANS1.ASM 99 : Found opcode in column 1. (RETURN)
Warning[205] E:\TESTING\11.SERIAL PC\TRANS1.ASM 102 : Found directive in column 1. (END)
