Warning[205] E:\EDUCATE\PIC\PROJECT WORKS\PROJECT_FINAL_REORDER\PROJECT FINAL REORDER\USART12.ASM 2 : Found directive in column 1. (LIST)
Warning[205] E:\EDUCATE\PIC\PROJECT WORKS\PROJECT_FINAL_REORDER\PROJECT FINAL REORDER\USART12.ASM 3 : Found directive in column 1. (ORG)
Warning[203] E:\EDUCATE\PIC\PROJECT WORKS\PROJECT_FINAL_REORDER\PROJECT FINAL REORDER\USART12.ASM 4 : Found opcode in column 1. (GOTO)
Warning[205] E:\EDUCATE\PIC\PROJECT WORKS\PROJECT_FINAL_REORDER\PROJECT FINAL REORDER\USART12.ASM 5 : Found directive in column 1. (ORG)
Warning[203] E:\EDUCATE\PIC\PROJECT WORKS\PROJECT_FINAL_REORDER\PROJECT FINAL REORDER\USART12.ASM 12 : Found opcode in column 1. (BSF)
Warning[203] E:\EDUCATE\PIC\PROJECT WORKS\PROJECT_FINAL_REORDER\PROJECT FINAL REORDER\USART12.ASM 13 : Found opcode in column 1. (CLRF)
Message[302] E:\EDUCATE\PIC\PROJECT WORKS\PROJECT_FINAL_REORDER\PROJECT FINAL REORDER\USART12.ASM 13 : Register in operand not in bank 0.  Ensure that bank bits are correct.
Warning[203] E:\EDUCATE\PIC\PROJECT WORKS\PROJECT_FINAL_REORDER\PROJECT FINAL REORDER\USART12.ASM 14 : Found opcode in column 1. (MOVLW)
Warning[203] E:\EDUCATE\PIC\PROJECT WORKS\PROJECT_FINAL_REORDER\PROJECT FINAL REORDER\USART12.ASM 15 : Found opcode in column 1. (MOVWF)
Message[302] E:\EDUCATE\PIC\PROJECT WORKS\PROJECT_FINAL_REORDER\PROJECT FINAL REORDER\USART12.ASM 15 : Register in operand not in bank 0.  Ensure that bank bits are correct.
Warning[203] E:\EDUCATE\PIC\PROJECT WORKS\PROJECT_FINAL_REORDER\PROJECT FINAL REORDER\USART12.ASM 16 : Found opcode in column 1. (BCF)
Warning[203] E:\EDUCATE\PIC\PROJECT WORKS\PROJECT_FINAL_REORDER\PROJECT FINAL REORDER\USART12.ASM 18 : Found opcode in column 1. (MOVLW)
Warning[203] E:\EDUCATE\PIC\PROJECT WORKS\PROJECT_FINAL_REORDER\PROJECT FINAL REORDER\USART12.ASM 19 : Found opcode in column 1. (MOVWF)
Warning[203] E:\EDUCATE\PIC\PROJECT WORKS\PROJECT_FINAL_REORDER\PROJECT FINAL REORDER\USART12.ASM 25 : Found opcode in column 1. (BSF)
Warning[203] E:\EDUCATE\PIC\PROJECT WORKS\PROJECT_FINAL_REORDER\PROJECT FINAL REORDER\USART12.ASM 26 : Found opcode in column 1. (MOVLW)
Warning[203] E:\EDUCATE\PIC\PROJECT WORKS\PROJECT_FINAL_REORDER\PROJECT FINAL REORDER\USART12.ASM 27 : Found opcode in column 1. (MOVWF)
Message[302] E:\EDUCATE\PIC\PROJECT WORKS\PROJECT_FINAL_REORDER\PROJECT FINAL REORDER\USART12.ASM 27 : Register in operand not in bank 0.  Ensure that bank bits are correct.
Warning[203] E:\EDUCATE\PIC\PROJECT WORKS\PROJECT_FINAL_REORDER\PROJECT FINAL REORDER\USART12.ASM 28 : Found opcode in column 1. (MOVLW)
Warning[203] E:\EDUCATE\PIC\PROJECT WORKS\PROJECT_FINAL_REORDER\PROJECT FINAL REORDER\USART12.ASM 29 : Found opcode in column 1. (MOVWF)
Message[302] E:\EDUCATE\PIC\PROJECT WORKS\PROJECT_FINAL_REORDER\PROJECT FINAL REORDER\USART12.ASM 29 : Register in operand not in bank 0.  Ensure that bank bits are correct.
Warning[203] E:\EDUCATE\PIC\PROJECT WORKS\PROJECT_FINAL_REORDER\PROJECT FINAL REORDER\USART12.ASM 30 : Found opcode in column 1. (BCF)
Warning[203] E:\EDUCATE\PIC\PROJECT WORKS\PROJECT_FINAL_REORDER\PROJECT FINAL REORDER\USART12.ASM 31 : Found opcode in column 1. (CLRF)
Warning[203] E:\EDUCATE\PIC\PROJECT WORKS\PROJECT_FINAL_REORDER\PROJECT FINAL REORDER\USART12.ASM 34 : Found opcode in column 1. (MOVF)
Warning[203] E:\EDUCATE\PIC\PROJECT WORKS\PROJECT_FINAL_REORDER\PROJECT FINAL REORDER\USART12.ASM 35 : Found opcode in column 1. (MOVWF)
Warning[203] E:\EDUCATE\PIC\PROJECT WORKS\PROJECT_FINAL_REORDER\PROJECT FINAL REORDER\USART12.ASM 37 : Found opcode in column 1. (MOVLW)
Warning[203] E:\EDUCATE\PIC\PROJECT WORKS\PROJECT_FINAL_REORDER\PROJECT FINAL REORDER\USART12.ASM 38 : Found opcode in column 1. (SUBWF)
Warning[203] E:\EDUCATE\PIC\PROJECT WORKS\PROJECT_FINAL_REORDER\PROJECT FINAL REORDER\USART12.ASM 39 : Found opcode in column 1. (BTFSC)
Warning[203] E:\EDUCATE\PIC\PROJECT WORKS\PROJECT_FINAL_REORDER\PROJECT FINAL REORDER\USART12.ASM 40 : Found opcode in column 1. (GOTO)
Warning[203] E:\EDUCATE\PIC\PROJECT WORKS\PROJECT_FINAL_REORDER\PROJECT FINAL REORDER\USART12.ASM 42 : Found opcode in column 1. (GOTO)
Warning[203] E:\EDUCATE\PIC\PROJECT WORKS\PROJECT_FINAL_REORDER\PROJECT FINAL REORDER\USART12.ASM 50 : Found opcode in column 1. (MOVLW)
Warning[203] E:\EDUCATE\PIC\PROJECT WORKS\PROJECT_FINAL_REORDER\PROJECT FINAL REORDER\USART12.ASM 51 : Found opcode in column 1. (MOVWF)
Warning[203] E:\EDUCATE\PIC\PROJECT WORKS\PROJECT_FINAL_REORDER\PROJECT FINAL REORDER\USART12.ASM 53 : Found opcode in column 1. (MOVLW)
Warning[203] E:\EDUCATE\PIC\PROJECT WORKS\PROJECT_FINAL_REORDER\PROJECT FINAL REORDER\USART12.ASM 54 : Found opcode in column 1. (MOVWF)
Warning[203] E:\EDUCATE\PIC\PROJECT WORKS\PROJECT_FINAL_REORDER\PROJECT FINAL REORDER\USART12.ASM 55 : Found opcode in column 1. (MOVF)
Warning[203] E:\EDUCATE\PIC\PROJECT WORKS\PROJECT_FINAL_REORDER\PROJECT FINAL REORDER\USART12.ASM 56 : Found opcode in column 1. (MOVWF)
Warning[203] E:\EDUCATE\PIC\PROJECT WORKS\PROJECT_FINAL_REORDER\PROJECT FINAL REORDER\USART12.ASM 57 : Found opcode in column 1. (BSF)
Warning[203] E:\EDUCATE\PIC\PROJECT WORKS\PROJECT_FINAL_REORDER\PROJECT FINAL REORDER\USART12.ASM 58 : Found opcode in column 1. (MOVLW)
Warning[203] E:\EDUCATE\PIC\PROJECT WORKS\PROJECT_FINAL_REORDER\PROJECT FINAL REORDER\USART12.ASM 59 : Found opcode in column 1. (MOVWF)
Message[302] E:\EDUCATE\PIC\PROJECT WORKS\PROJECT_FINAL_REORDER\PROJECT FINAL REORDER\USART12.ASM 59 : Register in operand not in bank 0.  Ensure that bank bits are correct.
Warning[203] E:\EDUCATE\PIC\PROJECT WORKS\PROJECT_FINAL_REORDER\PROJECT FINAL REORDER\USART12.ASM 60 : Found opcode in column 1. (MOVLW)
Warning[203] E:\EDUCATE\PIC\PROJECT WORKS\PROJECT_FINAL_REORDER\PROJECT FINAL REORDER\USART12.ASM 61 : Found opcode in column 1. (MOVWF)
Message[302] E:\EDUCATE\PIC\PROJECT WORKS\PROJECT_FINAL_REORDER\PROJECT FINAL REORDER\USART12.ASM 61 : Register in operand not in bank 0.  Ensure that bank bits are correct.
Warning[203] E:\EDUCATE\PIC\PROJECT WORKS\PROJECT_FINAL_REORDER\PROJECT FINAL REORDER\USART12.ASM 62 : Found opcode in column 1. (BCF)
Warning[203] E:\EDUCATE\PIC\PROJECT WORKS\PROJECT_FINAL_REORDER\PROJECT FINAL REORDER\USART12.ASM 63 : Found opcode in column 1. (BSF)
Warning[203] E:\EDUCATE\PIC\PROJECT WORKS\PROJECT_FINAL_REORDER\PROJECT FINAL REORDER\USART12.ASM 65 : Found opcode in column 1. (MOVF)
Warning[203] E:\EDUCATE\PIC\PROJECT WORKS\PROJECT_FINAL_REORDER\PROJECT FINAL REORDER\USART12.ASM 66 : Found opcode in column 1. (MOVWF)
Warning[203] E:\EDUCATE\PIC\PROJECT WORKS\PROJECT_FINAL_REORDER\PROJECT FINAL REORDER\USART12.ASM 68 : Found opcode in column 1. (GOTO)
Warning[205] E:\EDUCATE\PIC\PROJECT WORKS\PROJECT_FINAL_REORDER\PROJECT FINAL REORDER\USART12.ASM 71 : Found directive in column 1. (END)
