MPASM  5.31                       USART12.ASM   12-13-2009  21:30:45         PAGE  1


LOC  OBJECT CODE     LINE SOURCE TEXT
  VALUE

                      00001 #INCLUDE P16F877A.INC
                      00001         LIST
                      00002 ; P16F877A.INC  Standard Header File, Version 1.00    Microchip Technology, Inc.
                      00400         LIST
Warning[205]: Found directive in column 1. (LIST)
                      00002 LIST P=16F877A
Warning[205]: Found directive in column 1. (ORG)
0000                  00003 ORG 0X00
Warning[203]: Found opcode in column 1. (GOTO)
0000   2820           00004 GOTO START
Warning[205]: Found directive in column 1. (ORG)
0020                  00005 ORG 0X20
                      00006 
                      00007 ;-----------------------------------------------------------
                      00008 ;RECIEVING SERIAL DATA
                      00009 ;-----------------------------------------------------------
                      00010 
0020                  00011 START:
Warning[203]: Found opcode in column 1. (BSF)
0020   1683           00012 BSF STATUS,RP0
Warning[203]: Found opcode in column 1. (CLRF)
Message[302]: Register in operand not in bank 0.  Ensure that bank bits are correct.
0021   0186           00013 CLRF TRISB
Warning[203]: Found opcode in column 1. (MOVLW)
0022   3000           00014 MOVLW 0X00
Warning[203]: Found opcode in column 1. (MOVWF)
Message[302]: Register in operand not in bank 0.  Ensure that bank bits are correct.
0023   0088           00015 MOVWF TRISD
Warning[203]: Found opcode in column 1. (BCF)
0024   1283           00016 BCF STATUS,RP0
                      00017 
Warning[203]: Found opcode in column 1. (MOVLW)
0025   3090           00018 MOVLW 0X90
Warning[203]: Found opcode in column 1. (MOVWF)
0026   0098           00019 MOVWF RCSTA
                      00020 
Warning[203]: Found opcode in column 1. (BSF)
0027   1683           00021 BSF STATUS,RP0
Warning[203]: Found opcode in column 1. (MOVLW)
0028   3040           00022 MOVLW 0X40
Warning[203]: Found opcode in column 1. (MOVWF)
Message[302]: Register in operand not in bank 0.  Ensure that bank bits are correct.
0029   0099           00023 MOVWF SPBRG
Warning[203]: Found opcode in column 1. (MOVLW)
002A   3024           00024 MOVLW 0X24
Warning[203]: Found opcode in column 1. (MOVWF)
Message[302]: Register in operand not in bank 0.  Ensure that bank bits are correct.
002B   0098           00025 MOVWF TXSTA
Warning[203]: Found opcode in column 1. (BCF)
002C   1283           00026 BCF STATUS,RP0
Warning[203]: Found opcode in column 1. (BSF)
002D   1798           00027 BSF RCSTA,SPEN
Warning[203]: Found opcode in column 1. (CLRF)
MPASM  5.31                       USART12.ASM   12-13-2009  21:30:45         PAGE  2


LOC  OBJECT CODE     LINE SOURCE TEXT
  VALUE

002E   0186           00028 CLRF PORTB
Warning[203]: Found opcode in column 1. (CLRF)
002F   019A           00029 CLRF RCREG
                      00030 
0030                  00031 OUT:
Warning[203]: Found opcode in column 1. (MOVF)
0030   081A           00032 MOVF RCREG,0
Warning[203]: Found opcode in column 1. (MOVWF)
0031   0088           00033 MOVWF PORTD
Warning[203]: Found opcode in column 1. (MOVLW)
0032   300C           00034 MOVLW 0X0C
Warning[203]: Found opcode in column 1. (SUBWF)
0033   021A           00035 SUBWF RCREG,0
Warning[203]: Found opcode in column 1. (BTFSC)
0034   1903           00036 BTFSC STATUS,2
Warning[203]: Found opcode in column 1. (GOTO)
0035   2837           00037 GOTO END_OF_RECEPTION
                      00038 ;CLRF TXREG
Warning[203]: Found opcode in column 1. (GOTO)
0036   2830           00039 GOTO OUT
                      00040 
                      00041 ;-----------------------------------------------------------
                      00042 ;TRANSMITTING BACK THE DATA
                      00043 ;-----------------------------------------------------------
                      00044 
0037                  00045 END_OF_RECEPTION:
                      00046 
                      00047 
Warning[203]: Found opcode in column 1. (MOVLW)
0037   300A           00048 MOVLW 0X0A
Warning[203]: Found opcode in column 1. (MOVWF)
0038   0099           00049 MOVWF TXREG
Warning[203]: Found opcode in column 1. (MOVWF)
0039   0086           00050 MOVWF PORTB
                      00051 
Warning[203]: Found opcode in column 1. (MOVLW)
003A   300C           00052 MOVLW 0X0C
Warning[203]: Found opcode in column 1. (SUBWF)
003B   021A           00053 SUBWF RCREG,0
Warning[203]: Found opcode in column 1. (BTFSC)
003C   1903           00054 BTFSC STATUS,2
Warning[203]: Found opcode in column 1. (GOTO)
003D   2837           00055 GOTO END_OF_RECEPTION
                      00056 
Warning[203]: Found opcode in column 1. (GOTO)
003E   2820           00057 GOTO START
                      00058 
Warning[205]: Found directive in column 1. (END)
                      00059 END
MPASM  5.31                       USART12.ASM   12-13-2009  21:30:45         PAGE  3


SYMBOL TABLE
  LABEL                             VALUE 

ACKDT                             00000005
ACKEN                             00000004
ACKSTAT                           00000006
ADCON0                            0000001F
ADCON1                            0000009F
ADCS0                             00000006
ADCS1                             00000007
ADCS2                             00000006
ADDEN                             00000003
ADFM                              00000007
ADIE                              00000006
ADIF                              00000006
ADON                              00000000
ADRESH                            0000001E
ADRESL                            0000009E
BCLIE                             00000003
BCLIF                             00000003
BF                                00000000
BRGH                              00000002
C                                 00000000
C1INV                             00000004
C1OUT                             00000006
C2INV                             00000005
C2OUT                             00000007
CCP1CON                           00000017
CCP1IE                            00000002
CCP1IF                            00000002
CCP1M0                            00000000
CCP1M1                            00000001
CCP1M2                            00000002
CCP1M3                            00000003
CCP1X                             00000005
CCP1Y                             00000004
CCP2CON                           0000001D
CCP2IE                            00000000
CCP2IF                            00000000
CCP2M0                            00000000
CCP2M1                            00000001
CCP2M2                            00000002
CCP2M3                            00000003
CCP2X                             00000005
CCP2Y                             00000004
CCPR1H                            00000016
CCPR1L                            00000015
CCPR2H                            0000001C
CCPR2L                            0000001B
CHS0                              00000003
CHS1                              00000004
CHS2                              00000005
CIS                               00000003
CKE                               00000006
CKP                               00000004
CM0                               00000000
MPASM  5.31                       USART12.ASM   12-13-2009  21:30:45         PAGE  4


SYMBOL TABLE
  LABEL                             VALUE 

CM1                               00000001
CM2                               00000002
CMCON                             0000009C
CMIE                              00000006
CMIF                              00000006
CREN                              00000004
CSRC                              00000007
CVR0                              00000000
CVR1                              00000001
CVR2                              00000002
CVR3                              00000003
CVRCON                            0000009D
CVREN                             00000007
CVROE                             00000006
CVRR                              00000005
D                                 00000005
DATA_ADDRESS                      00000005
DC                                00000001
D_A                               00000005
EEADR                             0000010D
EEADRH                            0000010F
EECON1                            0000018C
EECON2                            0000018D
EEDATA                            0000010C
EEDATH                            0000010E
EEIE                              00000004
EEIF                              00000004
EEPGD                             00000007
END_OF_RECEPTION                  00000037
F                                 00000001
FERR                              00000002
FSR                               00000004
GCEN                              00000007
GIE                               00000007
GO                                00000002
GO_DONE                           00000002
I2C_DATA                          00000005
I2C_READ                          00000002
I2C_START                         00000003
I2C_STOP                          00000004
IBF                               00000007
IBOV                              00000005
INDF                              00000000
INTCON                            0000000B
INTE                              00000004
INTEDG                            00000006
INTF                              00000001
IRP                               00000007
NOT_A                             00000005
NOT_ADDRESS                       00000005
NOT_BO                            00000000
NOT_BOR                           00000000
NOT_DONE                          00000002
MPASM  5.31                       USART12.ASM   12-13-2009  21:30:45         PAGE  5


SYMBOL TABLE
  LABEL                             VALUE 

NOT_PD                            00000003
NOT_POR                           00000001
NOT_RBPU                          00000007
NOT_RC8                           00000006
NOT_T1SYNC                        00000002
NOT_TO                            00000004
NOT_TX8                           00000006
NOT_W                             00000002
NOT_WRITE                         00000002
OBF                               00000006
OERR                              00000001
OPTION_REG                        00000081
OUT                               00000030
P                                 00000004
PCFG0                             00000000
PCFG1                             00000001
PCFG2                             00000002
PCFG3                             00000003
PCL                               00000002
PCLATH                            0000000A
PCON                              0000008E
PEIE                              00000006
PEN                               00000002
PIE1                              0000008C
PIE2                              0000008D
PIR1                              0000000C
PIR2                              0000000D
PORTA                             00000005
PORTB                             00000006
PORTC                             00000007
PORTD                             00000008
PORTE                             00000009
PR2                               00000092
PS0                               00000000
PS1                               00000001
PS2                               00000002
PSA                               00000003
PSPIE                             00000007
PSPIF                             00000007
PSPMODE                           00000004
R                                 00000002
RBIE                              00000003
RBIF                              00000000
RC8_9                             00000006
RC9                               00000006
RCD8                              00000000
RCEN                              00000003
RCIE                              00000005
RCIF                              00000005
RCREG                             0000001A
RCSTA                             00000018
RD                                00000000
READ_WRITE                        00000002
MPASM  5.31                       USART12.ASM   12-13-2009  21:30:45         PAGE  6


SYMBOL TABLE
  LABEL                             VALUE 

RP0                               00000005
RP1                               00000006
RSEN                              00000001
RX9                               00000006
RX9D                              00000000
R_W                               00000002
S                                 00000003
SEN                               00000000
SMP                               00000007
SPBRG                             00000099
SPEN                              00000007
SREN                              00000005
SSPADD                            00000093
SSPBUF                            00000013
SSPCON                            00000014
SSPCON2                           00000091
SSPEN                             00000005
SSPIE                             00000003
SSPIF                             00000003
SSPM0                             00000000
SSPM1                             00000001
SSPM2                             00000002
SSPM3                             00000003
SSPOV                             00000006
SSPSTAT                           00000094
START                             00000020
STATUS                            00000003
SYNC                              00000004
T0CS                              00000005
T0IE                              00000005
T0IF                              00000002
T0SE                              00000004
T1CKPS0                           00000004
T1CKPS1                           00000005
T1CON                             00000010
T1INSYNC                          00000002
T1OSCEN                           00000003
T1SYNC                            00000002
T2CKPS0                           00000000
T2CKPS1                           00000001
T2CON                             00000012
TMR0                              00000001
TMR0IE                            00000005
TMR0IF                            00000002
TMR1CS                            00000001
TMR1H                             0000000F
TMR1IE                            00000000
TMR1IF                            00000000
TMR1L                             0000000E
TMR1ON                            00000000
TMR2                              00000011
TMR2IE                            00000001
TMR2IF                            00000001
MPASM  5.31                       USART12.ASM   12-13-2009  21:30:45         PAGE  7


SYMBOL TABLE
  LABEL                             VALUE 

TMR2ON                            00000002
TOUTPS0                           00000003
TOUTPS1                           00000004
TOUTPS2                           00000005
TOUTPS3                           00000006
TRISA                             00000085
TRISB                             00000086
TRISC                             00000087
TRISD                             00000088
TRISE                             00000089
TRISE0                            00000000
TRISE1                            00000001
TRISE2                            00000002
TRMT                              00000001
TX8_9                             00000006
TX9                               00000006
TX9D                              00000000
TXD8                              00000000
TXEN                              00000005
TXIE                              00000004
TXIF                              00000004
TXREG                             00000019
TXSTA                             00000098
UA                                00000001
W                                 00000000
WCOL                              00000007
WR                                00000001
WREN                              00000002
WRERR                             00000003
Z                                 00000002
_BODEN_OFF                        00003FBF
_BODEN_ON                         00003FFF
_CPD_OFF                          00003FFF
_CPD_ON                           00003EFF
_CP_ALL                           00001FFF
_CP_OFF                           00003FFF
_DEBUG_OFF                        00003FFF
_DEBUG_ON                         000037FF
_HS_OSC                           00003FFE
_LP_OSC                           00003FFC
_LVP_OFF                          00003F7F
_LVP_ON                           00003FFF
_PWRTE_OFF                        00003FFF
_PWRTE_ON                         00003FF7
_RC_OSC                           00003FFF
_WDT_OFF                          00003FFB
_WDT_ON                           00003FFF
_WRT_1FOURTH                      00003BFF
_WRT_256                          00003DFF
_WRT_HALF                         000039FF
_WRT_OFF                          00003FFF
_XT_OSC                           00003FFD
__16F877A                         00000001
MPASM  5.31                       USART12.ASM   12-13-2009  21:30:45         PAGE  8


SYMBOL TABLE
  LABEL                             VALUE 

__DEBUG                           1


MEMORY USAGE MAP ('X' = Used,  '-' = Unused)

0000 : X--------------- ---------------- XXXXXXXXXXXXXXXX XXXXXXXXXXXXXXX-

All other memory blocks unused.

Program Memory Words Used:    32
Program Memory Words Free:  8160


Errors   :     0
Warnings :    36 reported,     0 suppressed
Messages :     4 reported,     0 suppressed

