Warning[205] E:\TESTING\10.SERIAL MAX232\USART12.ASM 2 : Found directive in column 1. (LIST)
Warning[205] E:\TESTING\10.SERIAL MAX232\USART12.ASM 3 : Found directive in column 1. (ORG)
Warning[203] E:\TESTING\10.SERIAL MAX232\USART12.ASM 4 : Found opcode in column 1. (GOTO)
Warning[205] E:\TESTING\10.SERIAL MAX232\USART12.ASM 5 : Found directive in column 1. (ORG)
Warning[203] E:\TESTING\10.SERIAL MAX232\USART12.ASM 12 : Found opcode in column 1. (BSF)
Warning[203] E:\TESTING\10.SERIAL MAX232\USART12.ASM 13 : Found opcode in column 1. (CLRF)
Message[302] E:\TESTING\10.SERIAL MAX232\USART12.ASM 13 : Register in operand not in bank 0.  Ensure that bank bits are correct.
Warning[203] E:\TESTING\10.SERIAL MAX232\USART12.ASM 14 : Found opcode in column 1. (MOVLW)
Warning[203] E:\TESTING\10.SERIAL MAX232\USART12.ASM 15 : Found opcode in column 1. (MOVWF)
Message[302] E:\TESTING\10.SERIAL MAX232\USART12.ASM 15 : Register in operand not in bank 0.  Ensure that bank bits are correct.
Warning[203] E:\TESTING\10.SERIAL MAX232\USART12.ASM 16 : Found opcode in column 1. (BCF)
Warning[203] E:\TESTING\10.SERIAL MAX232\USART12.ASM 18 : Found opcode in column 1. (MOVLW)
Warning[203] E:\TESTING\10.SERIAL MAX232\USART12.ASM 19 : Found opcode in column 1. (MOVWF)
Warning[203] E:\TESTING\10.SERIAL MAX232\USART12.ASM 21 : Found opcode in column 1. (BSF)
Warning[203] E:\TESTING\10.SERIAL MAX232\USART12.ASM 22 : Found opcode in column 1. (MOVLW)
Warning[203] E:\TESTING\10.SERIAL MAX232\USART12.ASM 23 : Found opcode in column 1. (MOVWF)
Message[302] E:\TESTING\10.SERIAL MAX232\USART12.ASM 23 : Register in operand not in bank 0.  Ensure that bank bits are correct.
Warning[203] E:\TESTING\10.SERIAL MAX232\USART12.ASM 24 : Found opcode in column 1. (MOVLW)
Warning[203] E:\TESTING\10.SERIAL MAX232\USART12.ASM 25 : Found opcode in column 1. (MOVWF)
Message[302] E:\TESTING\10.SERIAL MAX232\USART12.ASM 25 : Register in operand not in bank 0.  Ensure that bank bits are correct.
Warning[203] E:\TESTING\10.SERIAL MAX232\USART12.ASM 26 : Found opcode in column 1. (BCF)
Warning[203] E:\TESTING\10.SERIAL MAX232\USART12.ASM 27 : Found opcode in column 1. (BSF)
Warning[203] E:\TESTING\10.SERIAL MAX232\USART12.ASM 28 : Found opcode in column 1. (CLRF)
Warning[203] E:\TESTING\10.SERIAL MAX232\USART12.ASM 29 : Found opcode in column 1. (CLRF)
Warning[203] E:\TESTING\10.SERIAL MAX232\USART12.ASM 32 : Found opcode in column 1. (MOVF)
Warning[203] E:\TESTING\10.SERIAL MAX232\USART12.ASM 33 : Found opcode in column 1. (MOVWF)
Warning[203] E:\TESTING\10.SERIAL MAX232\USART12.ASM 34 : Found opcode in column 1. (MOVLW)
Warning[203] E:\TESTING\10.SERIAL MAX232\USART12.ASM 35 : Found opcode in column 1. (SUBWF)
Warning[203] E:\TESTING\10.SERIAL MAX232\USART12.ASM 36 : Found opcode in column 1. (BTFSC)
Warning[203] E:\TESTING\10.SERIAL MAX232\USART12.ASM 37 : Found opcode in column 1. (GOTO)
Warning[203] E:\TESTING\10.SERIAL MAX232\USART12.ASM 39 : Found opcode in column 1. (GOTO)
Warning[203] E:\TESTING\10.SERIAL MAX232\USART12.ASM 48 : Found opcode in column 1. (MOVLW)
Warning[203] E:\TESTING\10.SERIAL MAX232\USART12.ASM 49 : Found opcode in column 1. (MOVWF)
Warning[203] E:\TESTING\10.SERIAL MAX232\USART12.ASM 50 : Found opcode in column 1. (MOVWF)
Warning[203] E:\TESTING\10.SERIAL MAX232\USART12.ASM 52 : Found opcode in column 1. (MOVLW)
Warning[203] E:\TESTING\10.SERIAL MAX232\USART12.ASM 53 : Found opcode in column 1. (SUBWF)
Warning[203] E:\TESTING\10.SERIAL MAX232\USART12.ASM 54 : Found opcode in column 1. (BTFSC)
Warning[203] E:\TESTING\10.SERIAL MAX232\USART12.ASM 55 : Found opcode in column 1. (GOTO)
Warning[203] E:\TESTING\10.SERIAL MAX232\USART12.ASM 57 : Found opcode in column 1. (GOTO)
Warning[205] E:\TESTING\10.SERIAL MAX232\USART12.ASM 59 : Found directive in column 1. (END)
