Warning[205] E:\TESTING\02.LCD DISPLAY\LCD1.ASM 2 : Found directive in column 1. (LIST)
Warning[203] E:\TESTING\02.LCD DISPLAY\LCD1.ASM 4 : Found opcode in column 1. (BSF)
Warning[203] E:\TESTING\02.LCD DISPLAY\LCD1.ASM 5 : Found opcode in column 1. (CLRF)
Message[302] E:\TESTING\02.LCD DISPLAY\LCD1.ASM 5 : Register in operand not in bank 0.  Ensure that bank bits are correct.
Warning[203] E:\TESTING\02.LCD DISPLAY\LCD1.ASM 6 : Found opcode in column 1. (CLRF)
Message[302] E:\TESTING\02.LCD DISPLAY\LCD1.ASM 6 : Register in operand not in bank 0.  Ensure that bank bits are correct.
Warning[203] E:\TESTING\02.LCD DISPLAY\LCD1.ASM 7 : Found opcode in column 1. (BCF)
Warning[203] E:\TESTING\02.LCD DISPLAY\LCD1.ASM 9 : Found opcode in column 1. (CLRF)
Warning[203] E:\TESTING\02.LCD DISPLAY\LCD1.ASM 10 : Found opcode in column 1. (CLRF)
Warning[203] E:\TESTING\02.LCD DISPLAY\LCD1.ASM 13 : Found opcode in column 1. (MOVLW)
Warning[203] E:\TESTING\02.LCD DISPLAY\LCD1.ASM 14 : Found opcode in column 1. (MOVWF)
Warning[203] E:\TESTING\02.LCD DISPLAY\LCD1.ASM 15 : Found opcode in column 1. (MOVLW)
Warning[203] E:\TESTING\02.LCD DISPLAY\LCD1.ASM 16 : Found opcode in column 1. (MOVWF)
Warning[203] E:\TESTING\02.LCD DISPLAY\LCD1.ASM 17 : Found opcode in column 1. (CALL)
Warning[203] E:\TESTING\02.LCD DISPLAY\LCD1.ASM 20 : Found opcode in column 1. (BSF)
Warning[203] E:\TESTING\02.LCD DISPLAY\LCD1.ASM 21 : Found opcode in column 1. (MOVLW)
Warning[203] E:\TESTING\02.LCD DISPLAY\LCD1.ASM 22 : Found opcode in column 1. (MOVWF)
Warning[203] E:\TESTING\02.LCD DISPLAY\LCD1.ASM 23 : Found opcode in column 1. (CALL)
Warning[203] E:\TESTING\02.LCD DISPLAY\LCD1.ASM 25 : Found opcode in column 1. (BSF)
Warning[203] E:\TESTING\02.LCD DISPLAY\LCD1.ASM 26 : Found opcode in column 1. (MOVLW)
Warning[203] E:\TESTING\02.LCD DISPLAY\LCD1.ASM 27 : Found opcode in column 1. (MOVWF)
Warning[203] E:\TESTING\02.LCD DISPLAY\LCD1.ASM 28 : Found opcode in column 1. (CALL)
Warning[203] E:\TESTING\02.LCD DISPLAY\LCD1.ASM 30 : Found opcode in column 1. (BSF)
Warning[203] E:\TESTING\02.LCD DISPLAY\LCD1.ASM 31 : Found opcode in column 1. (MOVLW)
Warning[203] E:\TESTING\02.LCD DISPLAY\LCD1.ASM 32 : Found opcode in column 1. (MOVWF)
Warning[203] E:\TESTING\02.LCD DISPLAY\LCD1.ASM 33 : Found opcode in column 1. (CALL)
Warning[203] E:\TESTING\02.LCD DISPLAY\LCD1.ASM 35 : Found opcode in column 1. (BSF)
Warning[203] E:\TESTING\02.LCD DISPLAY\LCD1.ASM 36 : Found opcode in column 1. (MOVLW)
Warning[203] E:\TESTING\02.LCD DISPLAY\LCD1.ASM 37 : Found opcode in column 1. (MOVWF)
Warning[203] E:\TESTING\02.LCD DISPLAY\LCD1.ASM 38 : Found opcode in column 1. (CALL)
Warning[203] E:\TESTING\02.LCD DISPLAY\LCD1.ASM 40 : Found opcode in column 1. (BSF)
Warning[203] E:\TESTING\02.LCD DISPLAY\LCD1.ASM 41 : Found opcode in column 1. (MOVLW)
Warning[203] E:\TESTING\02.LCD DISPLAY\LCD1.ASM 42 : Found opcode in column 1. (MOVWF)
Warning[203] E:\TESTING\02.LCD DISPLAY\LCD1.ASM 43 : Found opcode in column 1. (CALL)
Warning[203] E:\TESTING\02.LCD DISPLAY\LCD1.ASM 45 : Found opcode in column 1. (BSF)
Warning[203] E:\TESTING\02.LCD DISPLAY\LCD1.ASM 46 : Found opcode in column 1. (MOVLW)
Warning[203] E:\TESTING\02.LCD DISPLAY\LCD1.ASM 47 : Found opcode in column 1. (MOVWF)
Warning[203] E:\TESTING\02.LCD DISPLAY\LCD1.ASM 48 : Found opcode in column 1. (CALL)
Warning[203] E:\TESTING\02.LCD DISPLAY\LCD1.ASM 51 : Found opcode in column 1. (GOTO)
Warning[203] E:\TESTING\02.LCD DISPLAY\LCD1.ASM 56 : Found opcode in column 1. (CALL)
Warning[203] E:\TESTING\02.LCD DISPLAY\LCD1.ASM 57 : Found opcode in column 1. (BCF)
Warning[203] E:\TESTING\02.LCD DISPLAY\LCD1.ASM 58 : Found opcode in column 1. (CALL)
Warning[203] E:\TESTING\02.LCD DISPLAY\LCD1.ASM 59 : Found opcode in column 1. (BSF)
Warning[203] E:\TESTING\02.LCD DISPLAY\LCD1.ASM 60 : Found opcode in column 1. (RETURN)
Warning[203] E:\TESTING\02.LCD DISPLAY\LCD1.ASM 64 : Found opcode in column 1. (MOVLW)
Warning[203] E:\TESTING\02.LCD DISPLAY\LCD1.ASM 65 : Found opcode in column 1. (MOVWF)
Warning[205] E:\TESTING\02.LCD DISPLAY\LCD1.ASM 74 : Found directive in column 1. (END)
