Warning[205] E:\TESTING\01.SSD 7\SIMPLEDISP.ASM 2 : Found directive in column 1. (LIST)
Warning[203] E:\TESTING\01.SSD 7\SIMPLEDISP.ASM 4 : Found opcode in column 1. (BSF)
Warning[203] E:\TESTING\01.SSD 7\SIMPLEDISP.ASM 6 : Found opcode in column 1. (MOVLW)
Warning[203] E:\TESTING\01.SSD 7\SIMPLEDISP.ASM 7 : Found opcode in column 1. (MOVWF)
Message[302] E:\TESTING\01.SSD 7\SIMPLEDISP.ASM 7 : Register in operand not in bank 0.  Ensure that bank bits are correct.
Warning[203] E:\TESTING\01.SSD 7\SIMPLEDISP.ASM 8 : Found opcode in column 1. (MOVLW)
Warning[203] E:\TESTING\01.SSD 7\SIMPLEDISP.ASM 9 : Found opcode in column 1. (MOVWF)
Message[302] E:\TESTING\01.SSD 7\SIMPLEDISP.ASM 9 : Register in operand not in bank 0.  Ensure that bank bits are correct.
Warning[203] E:\TESTING\01.SSD 7\SIMPLEDISP.ASM 10 : Found opcode in column 1. (BCF)
Warning[203] E:\TESTING\01.SSD 7\SIMPLEDISP.ASM 14 : Found opcode in column 1. (MOVLW)
Warning[203] E:\TESTING\01.SSD 7\SIMPLEDISP.ASM 15 : Found opcode in column 1. (MOVWF)
Warning[203] E:\TESTING\01.SSD 7\SIMPLEDISP.ASM 24 : Found opcode in column 1. (CALL)
Warning[203] E:\TESTING\01.SSD 7\SIMPLEDISP.ASM 25 : Found opcode in column 1. (CLRF)
Warning[203] E:\TESTING\01.SSD 7\SIMPLEDISP.ASM 26 : Found opcode in column 1. (BSF)
Warning[203] E:\TESTING\01.SSD 7\SIMPLEDISP.ASM 27 : Found opcode in column 1. (BTFSC)
Warning[203] E:\TESTING\01.SSD 7\SIMPLEDISP.ASM 28 : Found opcode in column 1. (GOTO)
Warning[203] E:\TESTING\01.SSD 7\SIMPLEDISP.ASM 29 : Found opcode in column 1. (BTFSC)
Warning[203] E:\TESTING\01.SSD 7\SIMPLEDISP.ASM 30 : Found opcode in column 1. (GOTO)
Warning[203] E:\TESTING\01.SSD 7\SIMPLEDISP.ASM 31 : Found opcode in column 1. (BTFSC)
Warning[203] E:\TESTING\01.SSD 7\SIMPLEDISP.ASM 32 : Found opcode in column 1. (GOTO)
Warning[203] E:\TESTING\01.SSD 7\SIMPLEDISP.ASM 33 : Found opcode in column 1. (GOTO)
Warning[203] E:\TESTING\01.SSD 7\SIMPLEDISP.ASM 36 : Found opcode in column 1. (MOVLW)
Warning[203] E:\TESTING\01.SSD 7\SIMPLEDISP.ASM 37 : Found opcode in column 1. (MOVWF)
Warning[203] E:\TESTING\01.SSD 7\SIMPLEDISP.ASM 38 : Found opcode in column 1. (GOTO)
Warning[203] E:\TESTING\01.SSD 7\SIMPLEDISP.ASM 40 : Found opcode in column 1. (MOVLW)
Warning[203] E:\TESTING\01.SSD 7\SIMPLEDISP.ASM 41 : Found opcode in column 1. (MOVWF)
Warning[203] E:\TESTING\01.SSD 7\SIMPLEDISP.ASM 42 : Found opcode in column 1. (GOTO)
Warning[203] E:\TESTING\01.SSD 7\SIMPLEDISP.ASM 44 : Found opcode in column 1. (MOVLW)
Warning[203] E:\TESTING\01.SSD 7\SIMPLEDISP.ASM 45 : Found opcode in column 1. (MOVWF)
Warning[203] E:\TESTING\01.SSD 7\SIMPLEDISP.ASM 46 : Found opcode in column 1. (GOTO)
Warning[203] E:\TESTING\01.SSD 7\SIMPLEDISP.ASM 50 : Found opcode in column 1. (CALL)
Warning[203] E:\TESTING\01.SSD 7\SIMPLEDISP.ASM 51 : Found opcode in column 1. (CLRF)
Warning[203] E:\TESTING\01.SSD 7\SIMPLEDISP.ASM 52 : Found opcode in column 1. (BSF)
Warning[203] E:\TESTING\01.SSD 7\SIMPLEDISP.ASM 53 : Found opcode in column 1. (BTFSC)
Warning[203] E:\TESTING\01.SSD 7\SIMPLEDISP.ASM 54 : Found opcode in column 1. (GOTO)
Warning[203] E:\TESTING\01.SSD 7\SIMPLEDISP.ASM 55 : Found opcode in column 1. (BTFSC)
Warning[203] E:\TESTING\01.SSD 7\SIMPLEDISP.ASM 56 : Found opcode in column 1. (GOTO)
Warning[203] E:\TESTING\01.SSD 7\SIMPLEDISP.ASM 57 : Found opcode in column 1. (BTFSC)
Warning[203] E:\TESTING\01.SSD 7\SIMPLEDISP.ASM 58 : Found opcode in column 1. (GOTO)
Warning[203] E:\TESTING\01.SSD 7\SIMPLEDISP.ASM 59 : Found opcode in column 1. (GOTO)
Warning[203] E:\TESTING\01.SSD 7\SIMPLEDISP.ASM 62 : Found opcode in column 1. (MOVLW)
Warning[203] E:\TESTING\01.SSD 7\SIMPLEDISP.ASM 63 : Found opcode in column 1. (MOVWF)
Warning[203] E:\TESTING\01.SSD 7\SIMPLEDISP.ASM 64 : Found opcode in column 1. (GOTO)
Warning[203] E:\TESTING\01.SSD 7\SIMPLEDISP.ASM 66 : Found opcode in column 1. (MOVLW)
Warning[203] E:\TESTING\01.SSD 7\SIMPLEDISP.ASM 67 : Found opcode in column 1. (MOVWF)
Warning[203] E:\TESTING\01.SSD 7\SIMPLEDISP.ASM 68 : Found opcode in column 1. (GOTO)
Warning[203] E:\TESTING\01.SSD 7\SIMPLEDISP.ASM 70 : Found opcode in column 1. (MOVLW)
Warning[203] E:\TESTING\01.SSD 7\SIMPLEDISP.ASM 71 : Found opcode in column 1. (MOVWF)
Warning[203] E:\TESTING\01.SSD 7\SIMPLEDISP.ASM 72 : Found opcode in column 1. (GOTO)
Warning[203] E:\TESTING\01.SSD 7\SIMPLEDISP.ASM 76 : Found opcode in column 1. (CALL)
Warning[203] E:\TESTING\01.SSD 7\SIMPLEDISP.ASM 77 : Found opcode in column 1. (CLRF)
Warning[203] E:\TESTING\01.SSD 7\SIMPLEDISP.ASM 78 : Found opcode in column 1. (BSF)
Warning[203] E:\TESTING\01.SSD 7\SIMPLEDISP.ASM 79 : Found opcode in column 1. (BTFSC)
Warning[203] E:\TESTING\01.SSD 7\SIMPLEDISP.ASM 80 : Found opcode in column 1. (GOTO)
Warning[203] E:\TESTING\01.SSD 7\SIMPLEDISP.ASM 81 : Found opcode in column 1. (BTFSC)
Warning[203] E:\TESTING\01.SSD 7\SIMPLEDISP.ASM 82 : Found opcode in column 1. (GOTO)
Warning[203] E:\TESTING\01.SSD 7\SIMPLEDISP.ASM 83 : Found opcode in column 1. (BTFSC)
Warning[203] E:\TESTING\01.SSD 7\SIMPLEDISP.ASM 84 : Found opcode in column 1. (GOTO)
Warning[203] E:\TESTING\01.SSD 7\SIMPLEDISP.ASM 85 : Found opcode in column 1. (GOTO)
Warning[203] E:\TESTING\01.SSD 7\SIMPLEDISP.ASM 88 : Found opcode in column 1. (MOVLW)
Warning[203] E:\TESTING\01.SSD 7\SIMPLEDISP.ASM 89 : Found opcode in column 1. (MOVWF)
Warning[203] E:\TESTING\01.SSD 7\SIMPLEDISP.ASM 90 : Found opcode in column 1. (GOTO)
Warning[203] E:\TESTING\01.SSD 7\SIMPLEDISP.ASM 92 : Found opcode in column 1. (MOVLW)
Warning[203] E:\TESTING\01.SSD 7\SIMPLEDISP.ASM 93 : Found opcode in column 1. (MOVWF)
Warning[203] E:\TESTING\01.SSD 7\SIMPLEDISP.ASM 94 : Found opcode in column 1. (GOTO)
Warning[203] E:\TESTING\01.SSD 7\SIMPLEDISP.ASM 96 : Found opcode in column 1. (MOVLW)
Warning[203] E:\TESTING\01.SSD 7\SIMPLEDISP.ASM 97 : Found opcode in column 1. (MOVWF)
Warning[203] E:\TESTING\01.SSD 7\SIMPLEDISP.ASM 98 : Found opcode in column 1. (GOTO)
Warning[203] E:\TESTING\01.SSD 7\SIMPLEDISP.ASM 102 : Found opcode in column 1. (CALL)
Warning[203] E:\TESTING\01.SSD 7\SIMPLEDISP.ASM 103 : Found opcode in column 1. (CLRF)
Warning[203] E:\TESTING\01.SSD 7\SIMPLEDISP.ASM 104 : Found opcode in column 1. (BSF)
Warning[203] E:\TESTING\01.SSD 7\SIMPLEDISP.ASM 105 : Found opcode in column 1. (BTFSC)
Warning[203] E:\TESTING\01.SSD 7\SIMPLEDISP.ASM 106 : Found opcode in column 1. (GOTO)
Warning[203] E:\TESTING\01.SSD 7\SIMPLEDISP.ASM 107 : Found opcode in column 1. (BTFSC)
Warning[203] E:\TESTING\01.SSD 7\SIMPLEDISP.ASM 108 : Found opcode in column 1. (GOTO)
Warning[203] E:\TESTING\01.SSD 7\SIMPLEDISP.ASM 109 : Found opcode in column 1. (BTFSC)
Warning[203] E:\TESTING\01.SSD 7\SIMPLEDISP.ASM 110 : Found opcode in column 1. (GOTO)
Warning[203] E:\TESTING\01.SSD 7\SIMPLEDISP.ASM 111 : Found opcode in column 1. (GOTO)
Warning[203] E:\TESTING\01.SSD 7\SIMPLEDISP.ASM 114 : Found opcode in column 1. (MOVLW)
Warning[203] E:\TESTING\01.SSD 7\SIMPLEDISP.ASM 115 : Found opcode in column 1. (MOVWF)
Warning[203] E:\TESTING\01.SSD 7\SIMPLEDISP.ASM 116 : Found opcode in column 1. (GOTO)
Warning[203] E:\TESTING\01.SSD 7\SIMPLEDISP.ASM 118 : Found opcode in column 1. (MOVLW)
Warning[203] E:\TESTING\01.SSD 7\SIMPLEDISP.ASM 119 : Found opcode in column 1. (MOVWF)
Warning[203] E:\TESTING\01.SSD 7\SIMPLEDISP.ASM 120 : Found opcode in column 1. (GOTO)
Warning[203] E:\TESTING\01.SSD 7\SIMPLEDISP.ASM 122 : Found opcode in column 1. (MOVLW)
Warning[203] E:\TESTING\01.SSD 7\SIMPLEDISP.ASM 123 : Found opcode in column 1. (MOVWF)
Warning[203] E:\TESTING\01.SSD 7\SIMPLEDISP.ASM 124 : Found opcode in column 1. (GOTO)
Warning[203] E:\TESTING\01.SSD 7\SIMPLEDISP.ASM 129 : Found opcode in column 1. (MOVLW)
Warning[203] E:\TESTING\01.SSD 7\SIMPLEDISP.ASM 130 : Found opcode in column 1. (MOVWF)
Warning[205] E:\TESTING\01.SSD 7\SIMPLEDISP.ASM 139 : Found directive in column 1. (END)
